#
# A fatal error has been detected by the Java Runtime Environment:
#
#  EXCEPTION_ACCESS_VIOLATION (0xc0000005) at pc=0x000000006ee76520, pid=13884, tid=0x0000000000002d28
#
# JRE version: Java(TM) SE Runtime Environment (8.0_241-b07) (build 1.8.0_241-b07)
# Java VM: Java HotSpot(TM) 64-Bit Server VM (25.241-b07 mixed mode windows-amd64 compressed oops)
# Problematic frame:
# C  0x000000006ee76520
#
# Failed to write core dump. Minidumps are not enabled by default on client versions of Windows
#
# If you would like to submit a bug report, please visit:
#   http://bugreport.java.com/bugreport/crash.jsp
# The crash happened outside the Java Virtual Machine in native code.
# See problematic frame for where to report the bug.
#

---------------  T H R E A D  ---------------

Current thread (0x000000001a230000):  JavaThread "JavaFX Application Thread" [_thread_in_native, id=11560, stack(0x000000001ade0000,0x000000001aee0000)]

siginfo: ExceptionCode=0xc0000005, reading address 0xffffffffffffffff

Registers:
RAX=0x000000002e01f230, RBX=0x000000002e021e60, RCX=0x000000002e01f230, RDX=0x0000000000000009
RSP=0x000000001aedafe0, RBP=0x000000002e01e970, RSI=0x000000002e020230, RDI=0x0000000000000004
R8 =0x000000006ee77580, R9 =0x000000006ee76490, R10=0x000000002defe1b0, R11=0x000000002df0c420
R12=0x000000002df0cc20, R13=0x0000000000000004, R14=0x0000000000000184, R15=0x000000006fab8f20
RIP=0x000000006ee76520, EFLAGS=0x0000000000010202

Top of Stack: (sp=0x000000001aedafe0)
0x000000001aedafe0:   000000006ee76665 000000006ee774c5
0x000000001aedaff0:   000000006ee77505 000000006ee77545
0x000000001aedb000:   000000006ee77585 000000006ee79426
0x000000001aedb010:   000000006fab8f20 000000002e01f230
0x000000001aedb020:   000000002e024320 0000000016c17cf8
0x000000001aedb030:   3fe0000000000000 0000000000000000
0x000000001aedb040:   40c7760000000000 0000000000000000
0x000000001aedb050:   3fe0000000000000 0000000000000001
0x000000001aedb060:   000000002e025320 000000006ea45d24
0x000000001aedb070:   3f40624dd2f1a9fc 0000000000000000
0x000000001aedb080:   0000000000000000 0000000000000000
0x000000001aedb090:   0000000000000000 0000000000000000
0x000000001aedb0a0:   000000002e02e220 000000006fab7320
0x000000001aedb0b0:   000000002efd3305 000000002e021dc0
0x000000001aedb0c0:   0000000000000001 000000002e01e970
0x000000001aedb0d0:   000000002e01e9f0 0000000000000000 

Instructions: (pc=0x000000006ee76520)
0x000000006ee76500:   c4 e3 5d 0c c0 55 c5 e4 5c c8 c5 e4 58 c0 c5 fc
0x000000006ee76510:   29 01 c5 fc 29 49 20 c3 0f 1f 84 00 00 00 00 00
0x000000006ee76520:   c5 fc 28 51 40 c5 fc 28 59 60 c5 ec 5c fb c5 ec
0x000000006ee76530:   58 d3 c5 c4 57 3d 26 41 84 00 c5 ec c6 df be c5 


Register to memory mapping:

RAX=0x000000002e01f230 is an unknown value
RBX=0x000000002e021e60 is an unknown value
RCX=0x000000002e01f230 is an unknown value
RDX=0x0000000000000009 is an unknown value
RSP=0x000000001aedafe0 is pointing into the stack for thread: 0x000000001a230000
RBP=0x000000002e01e970 is an unknown value
RSI=0x000000002e020230 is an unknown value
RDI=0x0000000000000004 is an unknown value
R8 =0x000000006ee77580 is an unknown value
R9 =0x000000006ee76490 is an unknown value
R10=0x000000002defe1b0 is an unknown value
R11=0x000000002df0c420 is an unknown value
R12=0x000000002df0cc20 is an unknown value
R13=0x0000000000000004 is an unknown value
R14=0x0000000000000184 is an unknown value
R15=0x000000006fab8f20 is an unknown value


Stack: [0x000000001ade0000,0x000000001aee0000],  sp=0x000000001aedafe0,  free space=1003k
Native frames: (J=compiled Java code, j=interpreted, Vv=VM code, C=native code)
C  0x000000006ee76520

Java frames: (J=compiled Java code, j=interpreted, Vv=VM code)
j  com.xuggle.xuggler.XugglerJNI.IContainer_open__SWIG_0(JLcom/xuggle/xuggler/IContainer;Ljava/lang/String;IJLcom/xuggle/xuggler/IContainerFormat;)I+0
j  com.xuggle.xuggler.IContainer.open(Ljava/lang/String;Lcom/xuggle/xuggler/IContainer$Type;Lcom/xuggle/xuggler/IContainerFormat;)I+15
j  GUIController.muteClick(Ljavafx/scene/input/MouseEvent;)V+135
v  ~StubRoutines::call_stub
j  sun.reflect.NativeMethodAccessorImpl.invoke0(Ljava/lang/reflect/Method;Ljava/lang/Object;[Ljava/lang/Object;)Ljava/lang/Object;+0
J 1079 C1 sun.reflect.NativeMethodAccessorImpl.invoke(Ljava/lang/Object;[Ljava/lang/Object;)Ljava/lang/Object; (104 bytes) @ 0x00000000027ce8e4 [0x00000000027cd740+0x11a4]
J 790 C1 sun.reflect.DelegatingMethodAccessorImpl.invoke(Ljava/lang/Object;[Ljava/lang/Object;)Ljava/lang/Object; (10 bytes) @ 0x0000000002703504 [0x0000000002703400+0x104]
J 789 C1 java.lang.reflect.Method.invoke(Ljava/lang/Object;[Ljava/lang/Object;)Ljava/lang/Object; (62 bytes) @ 0x00000000027042ac [0x0000000002703ec0+0x3ec]
j  sun.reflect.misc.Trampoline.invoke(Ljava/lang/reflect/Method;Ljava/lang/Object;[Ljava/lang/Object;)Ljava/lang/Object;+7
j  sun.reflect.GeneratedMethodAccessor1.invoke(Ljava/lang/Object;[Ljava/lang/Object;)Ljava/lang/Object;+40
J 790 C1 sun.reflect.DelegatingMethodAccessorImpl.invoke(Ljava/lang/Object;[Ljava/lang/Object;)Ljava/lang/Object; (10 bytes) @ 0x0000000002703504 [0x0000000002703400+0x104]
J 789 C1 java.lang.reflect.Method.invoke(Ljava/lang/Object;[Ljava/lang/Object;)Ljava/lang/Object; (62 bytes) @ 0x00000000027042ac [0x0000000002703ec0+0x3ec]
j  sun.reflect.misc.MethodUtil.invoke(Ljava/lang/reflect/Method;Ljava/lang/Object;[Ljava/lang/Object;)Ljava/lang/Object;+20
j  javafx.fxml.FXMLLoader$MethodHandler.invoke([Ljava/lang/Object;)V+19
j  javafx.fxml.FXMLLoader$ControllerMethodEventHandler.handle(Ljavafx/event/Event;)V+12
j  com.sun.javafx.event.CompositeEventHandler.dispatchBubblingEvent(Ljavafx/event/Event;)V+51
J 1499 C1 com.sun.javafx.event.EventHandlerManager.dispatchBubblingEvent(Ljavafx/event/Event;)Ljavafx/event/Event; (23 bytes) @ 0x00000000028bf11c [0x00000000028beaa0+0x67c]
J 1510 C1 com.sun.javafx.event.CompositeEventDispatcher.dispatchBubblingEvent(Ljavafx/event/Event;)Ljavafx/event/Event; (35 bytes) @ 0x00000000028c22dc [0x00000000028c2120+0x1bc]
J 1318 C1 com.sun.javafx.event.BasicEventDispatcher.dispatchEvent(Ljavafx/event/Event;Ljavafx/event/EventDispatchChain;)Ljavafx/event/Event; (44 bytes) @ 0x000000000286ab7c [0x000000000286a840+0x33c]
J 1285 C1 com.sun.javafx.event.EventDispatchChainImpl.dispatchEvent(Ljavafx/event/Event;)Ljavafx/event/Event; (101 bytes) @ 0x00000000028602b4 [0x0000000002860100+0x1b4]
J 1318 C1 com.sun.javafx.event.BasicEventDispatcher.dispatchEvent(Ljavafx/event/Event;Ljavafx/event/EventDispatchChain;)Ljavafx/event/Event; (44 bytes) @ 0x000000000286aa94 [0x000000000286a840+0x254]
J 1285 C1 com.sun.javafx.event.EventDispatchChainImpl.dispatchEvent(Ljavafx/event/Event;)Ljavafx/event/Event; (101 bytes) @ 0x00000000028602b4 [0x0000000002860100+0x1b4]
J 1318 C1 com.sun.javafx.event.BasicEventDispatcher.dispatchEvent(Ljavafx/event/Event;Ljavafx/event/EventDispatchChain;)Ljavafx/event/Event; (44 bytes) @ 0x000000000286aa94 [0x000000000286a840+0x254]
J 1285 C1 com.sun.javafx.event.EventDispatchChainImpl.dispatchEvent(Ljavafx/event/Event;)Ljavafx/event/Event; (101 bytes) @ 0x00000000028602b4 [0x0000000002860100+0x1b4]
J 1864 C1 com.sun.javafx.event.EventUtil.fireEvent(Ljavafx/event/EventTarget;Ljavafx/event/Event;)Ljavafx/event/Event; (81 bytes) @ 0x000000000298ac1c [0x000000000298a4e0+0x73c]
J 1863 C1 javafx.event.Event.fireEvent(Ljavafx/event/EventTarget;Ljavafx/event/Event;)V (35 bytes) @ 0x0000000002987d2c [0x0000000002987c60+0xcc]
j  javafx.scene.Scene$ClickGenerator.postProcess(Ljavafx/scene/input/MouseEvent;Ljavafx/scene/Scene$TargetWrapper;Ljavafx/scene/Scene$TargetWrapper;)V+254
J 1915 C1 javafx.scene.Scene$MouseHandler.process(Ljavafx/scene/input/MouseEvent;Z)V (735 bytes) @ 0x00000000029acd4c [0x00000000029aa020+0x2d2c]
J 1914 C1 javafx.scene.Scene$MouseHandler.access$1500(Ljavafx/scene/Scene$MouseHandler;Ljavafx/scene/input/MouseEvent;Z)V (7 bytes) @ 0x00000000029a92dc [0x00000000029a9280+0x5c]
j  javafx.scene.Scene.impl_processMouseEvent(Ljavafx/scene/input/MouseEvent;)V+6
j  javafx.scene.Scene$ScenePeerListener.mouseEvent(Ljavafx/event/EventType;DDDDLjavafx/scene/input/MouseButton;ZZZZZZZZZ)V+46
j  com.sun.javafx.tk.quantum.GlassViewEventHandler$MouseEventNotification.run()Ljava/lang/Void;+571
j  com.sun.javafx.tk.quantum.GlassViewEventHandler$MouseEventNotification.run()Ljava/lang/Object;+1
v  ~StubRoutines::call_stub
J 1498  java.security.AccessController.doPrivileged(Ljava/security/PrivilegedAction;Ljava/security/AccessControlContext;)Ljava/lang/Object; (0 bytes) @ 0x00000000028be6e6 [0x00000000028be680+0x66]
j  com.sun.javafx.tk.quantum.GlassViewEventHandler.lambda$handleMouseEvent$2()Ljava/lang/Void;+11
j  com.sun.javafx.tk.quantum.GlassViewEventHandler$$Lambda$166.get()Ljava/lang/Object;+4
J 1925 C1 com.sun.javafx.tk.quantum.QuantumToolkit.runWithoutRenderLock(Ljava/util/function/Supplier;)Ljava/lang/Object; (49 bytes) @ 0x00000000029b3b5c [0x00000000029b3620+0x53c]
j  com.sun.javafx.tk.quantum.GlassViewEventHandler.handleMouseEvent(Lcom/sun/glass/ui/View;JIIIIIIIZZ)V+103
J 1949 C1 com.sun.glass.ui.View.notifyMouse(IIIIIIIZZ)V (221 bytes) @ 0x00000000029c82ac [0x00000000029c71e0+0x10cc]
v  ~StubRoutines::call_stub
j  com.sun.glass.ui.win.WinApplication._runLoop(Ljava/lang/Runnable;)V+0
j  com.sun.glass.ui.win.WinApplication.lambda$null$4(ILjava/lang/Runnable;)V+8
j  com.sun.glass.ui.win.WinApplication$$Lambda$38.run()V+12
j  java.lang.Thread.run()V+11
v  ~StubRoutines::call_stub

---------------  P R O C E S S  ---------------

Java Threads: ( => current thread )
  0x000000001a5fc000 JavaThread "Java Sound Event Dispatcher" daemon [_thread_blocked, id=7260, stack(0x000000002f4a0000,0x000000002f5a0000)]
  0x000000001a5f7000 JavaThread "Thread-1549" daemon [_thread_blocked, id=9796, stack(0x000000002f1a0000,0x000000002f2a0000)]
  0x000000001a5fa000 JavaThread "Image Fetcher 1" daemon [_thread_blocked, id=14080, stack(0x000000002f0a0000,0x000000002f1a0000)]
  0x000000001a5f8800 JavaThread "Image Fetcher 0" daemon [_thread_blocked, id=12852, stack(0x000000002eda0000,0x000000002eea0000)]
  0x000000001a5f9000 JavaThread "AWT-Windows" daemon [_thread_in_native, id=2536, stack(0x000000002eca0000,0x000000002eda0000)]
  0x000000001a5fd800 JavaThread "Java2D Disposer" daemon [_thread_blocked, id=8988, stack(0x000000002e970000,0x000000002ea70000)]
  0x000000001913f000 JavaThread "Timer-0" daemon [_thread_blocked, id=292, stack(0x000000002cd10000,0x000000002ce10000)]
  0x000000001a62a800 JavaThread "Media Resource Disposer" daemon [_thread_blocked, id=12496, stack(0x00000000280f0000,0x00000000281f0000)]
  0x00000000193a5000 JavaThread "JFXMedia Player EventQueueThread" daemon [_thread_blocked, id=6072, stack(0x0000000027ef0000,0x0000000027ff0000)]
  0x000000001a447000 JavaThread "Prism Font Disposer" daemon [_thread_blocked, id=10904, stack(0x0000000023180000,0x0000000023280000)]
  0x000000001a31b000 JavaThread "Thread-3" daemon [_thread_in_native, id=9108, stack(0x00000000219c0000,0x0000000021ac0000)]
  0x000000001a269800 JavaThread "JavaFX-Launcher" [_thread_blocked, id=5856, stack(0x0000000021ac0000,0x0000000021bc0000)]
=>0x000000001a230000 JavaThread "JavaFX Application Thread" [_thread_in_native, id=11560, stack(0x000000001ade0000,0x000000001aee0000)]
  0x000000001a23c800 JavaThread "Thread-1" daemon [_thread_blocked, id=3408, stack(0x000000001ace0000,0x000000001ade0000)]
  0x000000001a222800 JavaThread "QuantumRenderer-0" daemon [_thread_blocked, id=11400, stack(0x000000001aa20000,0x000000001ab20000)]
  0x000000001915c000 JavaThread "Service Thread" daemon [_thread_blocked, id=6852, stack(0x0000000019da0000,0x0000000019ea0000)]
  0x00000000190c5000 JavaThread "C1 CompilerThread3" daemon [_thread_blocked, id=7764, stack(0x0000000019ca0000,0x0000000019da0000)]
  0x00000000190c1800 JavaThread "C2 CompilerThread2" daemon [_thread_blocked, id=11232, stack(0x0000000019ba0000,0x0000000019ca0000)]
  0x00000000190b9000 JavaThread "C2 CompilerThread1" daemon [_thread_blocked, id=7352, stack(0x0000000019aa0000,0x0000000019ba0000)]
  0x00000000190b2800 JavaThread "C2 CompilerThread0" daemon [_thread_blocked, id=4664, stack(0x00000000199a0000,0x0000000019aa0000)]
  0x00000000190af800 JavaThread "Attach Listener" daemon [_thread_blocked, id=8776, stack(0x00000000198a0000,0x00000000199a0000)]
  0x000000001729e800 JavaThread "Signal Dispatcher" daemon [_thread_blocked, id=8244, stack(0x00000000197a0000,0x00000000198a0000)]
  0x000000000240e000 JavaThread "Finalizer" daemon [_thread_blocked, id=10628, stack(0x0000000019580000,0x0000000019680000)]
  0x00000000190a0800 JavaThread "Reference Handler" daemon [_thread_blocked, id=14216, stack(0x0000000019480000,0x0000000019580000)]
  0x0000000002313000 JavaThread "main" [_thread_blocked, id=1536, stack(0x0000000002200000,0x0000000002300000)]

Other Threads:
  0x000000001728a000 VMThread [stack: 0x0000000018f80000,0x0000000019080000] [id=7564]
  0x000000001915d800 WatcherThread [stack: 0x0000000019ea0000,0x0000000019fa0000] [id=9864]

VM state:not at safepoint (normal execution)

VM Mutex/Monitor currently owned by a thread: None

heap address: 0x0000000083c00000, size: 1988 MB, Compressed Oops mode: 32-bit
Narrow klass base: 0x0000000000000000, Narrow klass shift: 3
Compressed class space size: 1073741824 Address: 0x0000000100000000

Heap:
 PSYoungGen      total 31744K, used 2748K [0x00000000d6980000, 0x00000000da200000, 0x0000000100000000)
  eden space 30208K, 4% used [0x00000000d6980000,0x00000000d6af1300,0x00000000d8700000)
  from space 1536K, 82% used [0x00000000d8780000,0x00000000d88bdd10,0x00000000d8900000)
  to   space 13824K, 0% used [0x00000000d9480000,0x00000000d9480000,0x00000000da200000)
 ParOldGen       total 57344K, used 16454K [0x0000000083c00000, 0x0000000087400000, 0x00000000d6980000)
  object space 57344K, 28% used [0x0000000083c00000,0x0000000084c11998,0x0000000087400000)
 Metaspace       used 22452K, capacity 23212K, committed 23424K, reserved 1069056K
  class space    used 2934K, capacity 3131K, committed 3200K, reserved 1048576K

Card table byte_map: [0x00000000117d0000,0x0000000011bc0000] byte_map_base: 0x00000000113b2000

Marking Bits: (ParMarkBitMap*) 0x0000000071e6be30
 Begin Bits: [0x0000000012660000, 0x0000000014570000)
 End Bits:   [0x0000000014570000, 0x0000000016480000)

Polling page: 0x0000000000580000

CodeCache: size=245760Kb used=8743Kb max_used=9042Kb free=237016Kb
 bounds [0x0000000002410000, 0x0000000002d00000, 0x0000000011410000]
 total_blobs=3354 nmethods=2513 adapters=753
 compilation: enabled

Compilation events (10 events):
Event: 23.441 Thread 0x00000000190c5000 nmethod 2667 0x00000000025996d0 code [0x00000000025998a0, 0x0000000002599f08]
Event: 23.441 Thread 0x00000000190c5000 2668   !   3       java.util.zip.ZipFile$ZipFileInflaterInputStream::close (67 bytes)
Event: 23.442 Thread 0x00000000190c5000 nmethod 2668 0x0000000002685450 code [0x0000000002685620, 0x0000000002685e18]
Event: 23.443 Thread 0x00000000190c5000 2669   !   3       java.util.zip.Inflater::ended (32 bytes)
Event: 23.443 Thread 0x00000000190c5000 nmethod 2669 0x0000000002663890 code [0x0000000002663a00, 0x0000000002663dd0]
Event: 23.451 Thread 0x00000000190b9000 2670       4       java.lang.Thread::interrupted (8 bytes)
Event: 23.452 Thread 0x00000000190b2800 2671       4       java.util.jar.JarFile::maybeInstantiateVerifier (96 bytes)
Event: 23.452 Thread 0x00000000190b9000 nmethod 2670 0x0000000002540850 code [0x00000000025409a0, 0x0000000002540a28]
Event: 23.452 Thread 0x00000000190c1800 nmethod 2660 0x0000000002ce9890 code [0x0000000002ce9d00, 0x0000000002cf05e0]
Event: 23.458 Thread 0x00000000190b2800 nmethod 2671 0x00000000025ff9d0 code [0x00000000025ffb60, 0x00000000025fffb8]

GC Heap History (10 events):
Event: 18.599 GC heap before
{Heap before GC invocations=6 (full 0):
 PSYoungGen      total 37376K, used 37344K [0x00000000d6980000, 0x00000000da400000, 0x0000000100000000)
  eden space 32256K, 100% used [0x00000000d6980000,0x00000000d8900000,0x00000000d8900000)
  from space 5120K, 99% used [0x00000000d8980000,0x00000000d8e78060,0x00000000d8e80000)
  to   space 13824K, 0% used [0x00000000d9680000,0x00000000d9680000,0x00000000da400000)
 ParOldGen       total 86016K, used 11309K [0x0000000083c00000, 0x0000000089000000, 0x00000000d6980000)
  object space 86016K, 13% used [0x0000000083c00000,0x000000008470b590,0x0000000089000000)
 Metaspace       used 17664K, capacity 18352K, committed 18560K, reserved 1064960K
  class space    used 2406K, capacity 2599K, committed 2688K, reserved 1048576K
Event: 18.605 GC heap after
Heap after GC invocations=6 (full 0):
 PSYoungGen      total 44032K, used 5168K [0x00000000d6980000, 0x00000000da280000, 0x0000000100000000)
  eden space 31744K, 0% used [0x00000000d6980000,0x00000000d6980000,0x00000000d8880000)
  from space 12288K, 42% used [0x00000000d9680000,0x00000000d9b8c070,0x00000000da280000)
  to   space 13312K, 0% used [0x00000000d8880000,0x00000000d8880000,0x00000000d9580000)
 ParOldGen       total 86016K, used 11317K [0x0000000083c00000, 0x0000000089000000, 0x00000000d6980000)
  object space 86016K, 13% used [0x0000000083c00000,0x000000008470d590,0x0000000089000000)
 Metaspace       used 17664K, capacity 18352K, committed 18560K, reserved 1064960K
  class space    used 2406K, capacity 2599K, committed 2688K, reserved 1048576K
}
Event: 20.233 GC heap before
{Heap before GC invocations=7 (full 0):
 PSYoungGen      total 44032K, used 36912K [0x00000000d6980000, 0x00000000da280000, 0x0000000100000000)
  eden space 31744K, 100% used [0x00000000d6980000,0x00000000d8880000,0x00000000d8880000)
  from space 12288K, 42% used [0x00000000d9680000,0x00000000d9b8c070,0x00000000da280000)
  to   space 13312K, 0% used [0x00000000d8880000,0x00000000d8880000,0x00000000d9580000)
 ParOldGen       total 86016K, used 11317K [0x0000000083c00000, 0x0000000089000000, 0x00000000d6980000)
  object space 86016K, 13% used [0x0000000083c00000,0x000000008470d590,0x0000000089000000)
 Metaspace       used 17774K, capacity 18480K, committed 18816K, reserved 1064960K
  class space    used 2406K, capacity 2599K, committed 2688K, reserved 1048576K
Event: 20.238 GC heap after
Heap after GC invocations=7 (full 0):
 PSYoungGen      total 44544K, used 192K [0x00000000d6980000, 0x00000000da300000, 0x0000000100000000)
  eden space 31232K, 0% used [0x00000000d6980000,0x00000000d6980000,0x00000000d8800000)
  from space 13312K, 1% used [0x00000000d8880000,0x00000000d88b0000,0x00000000d9580000)
  to   space 13824K, 0% used [0x00000000d9580000,0x00000000d9580000,0x00000000da300000)
 ParOldGen       total 86016K, used 16323K [0x0000000083c00000, 0x0000000089000000, 0x00000000d6980000)
  object space 86016K, 18% used [0x0000000083c00000,0x0000000084bf0ff8,0x0000000089000000)
 Metaspace       used 17774K, capacity 18480K, committed 18816K, reserved 1064960K
  class space    used 2406K, capacity 2599K, committed 2688K, reserved 1048576K
}
Event: 21.737 GC heap before
{Heap before GC invocations=8 (full 0):
 PSYoungGen      total 44544K, used 29015K [0x00000000d6980000, 0x00000000da300000, 0x0000000100000000)
  eden space 31232K, 92% used [0x00000000d6980000,0x00000000d85a5e40,0x00000000d8800000)
  from space 13312K, 1% used [0x00000000d8880000,0x00000000d88b0000,0x00000000d9580000)
  to   space 13824K, 0% used [0x00000000d9580000,0x00000000d9580000,0x00000000da300000)
 ParOldGen       total 86016K, used 16323K [0x0000000083c00000, 0x0000000089000000, 0x00000000d6980000)
  object space 86016K, 18% used [0x0000000083c00000,0x0000000084bf0ff8,0x0000000089000000)
 Metaspace       used 20563K, capacity 21214K, committed 21296K, reserved 1067008K
  class space    used 2726K, capacity 2936K, committed 2944K, reserved 1048576K
Event: 21.738 GC heap after
Heap after GC invocations=8 (full 0):
 PSYoungGen      total 44032K, used 608K [0x00000000d6980000, 0x00000000da280000, 0x0000000100000000)
  eden space 30720K, 0% used [0x00000000d6980000,0x00000000d6980000,0x00000000d8780000)
  from space 13312K, 4% used [0x00000000d9580000,0x00000000d9618000,0x00000000da280000)
  to   space 13824K, 0% used [0x00000000d8780000,0x00000000d8780000,0x00000000d9500000)
 ParOldGen       total 86016K, used 16395K [0x0000000083c00000, 0x0000000089000000, 0x00000000d6980000)
  object space 86016K, 19% used [0x0000000083c00000,0x0000000084c02ff8,0x0000000089000000)
 Metaspace       used 20563K, capacity 21214K, committed 21296K, reserved 1067008K
  class space    used 2726K, capacity 2936K, committed 2944K, reserved 1048576K
}
Event: 21.738 GC heap before
{Heap before GC invocations=9 (full 1):
 PSYoungGen      total 44032K, used 608K [0x00000000d6980000, 0x00000000da280000, 0x0000000100000000)
  eden space 30720K, 0% used [0x00000000d6980000,0x00000000d6980000,0x00000000d8780000)
  from space 13312K, 4% used [0x00000000d9580000,0x00000000d9618000,0x00000000da280000)
  to   space 13824K, 0% used [0x00000000d8780000,0x00000000d8780000,0x00000000d9500000)
 ParOldGen       total 86016K, used 16395K [0x0000000083c00000, 0x0000000089000000, 0x00000000d6980000)
  object space 86016K, 19% used [0x0000000083c00000,0x0000000084c02ff8,0x0000000089000000)
 Metaspace       used 20563K, capacity 21214K, committed 21296K, reserved 1067008K
  class space    used 2726K, capacity 2936K, committed 2944K, reserved 1048576K
Event: 21.804 GC heap after
Heap after GC invocations=9 (full 1):
 PSYoungGen      total 44032K, used 0K [0x00000000d6980000, 0x00000000da280000, 0x0000000100000000)
  eden space 30720K, 0% used [0x00000000d6980000,0x00000000d6980000,0x00000000d8780000)
  from space 13312K, 0% used [0x00000000d9580000,0x00000000d9580000,0x00000000da280000)
  to   space 13824K, 0% used [0x00000000d8780000,0x00000000d8780000,0x00000000d9500000)
 ParOldGen       total 57344K, used 16446K [0x0000000083c00000, 0x0000000087400000, 0x00000000d6980000)
  object space 57344K, 28% used [0x0000000083c00000,0x0000000084c0f998,0x0000000087400000)
 Metaspace       used 20563K, capacity 21214K, committed 21296K, reserved 1067008K
  class space    used 2726K, capacity 2936K, committed 2944K, reserved 1048576K
}
Event: 23.402 GC heap before
{Heap before GC invocations=10 (full 1):
 PSYoungGen      total 44032K, used 30720K [0x00000000d6980000, 0x00000000da280000, 0x0000000100000000)
  eden space 30720K, 100% used [0x00000000d6980000,0x00000000d8780000,0x00000000d8780000)
  from space 13312K, 0% used [0x00000000d9580000,0x00000000d9580000,0x00000000da280000)
  to   space 13824K, 0% used [0x00000000d8780000,0x00000000d8780000,0x00000000d9500000)
 ParOldGen       total 57344K, used 16446K [0x0000000083c00000, 0x0000000087400000, 0x00000000d6980000)
  object space 57344K, 28% used [0x0000000083c00000,0x0000000084c0f998,0x0000000087400000)
 Metaspace       used 22276K, capacity 23020K, committed 23424K, reserved 1069056K
  class space    used 2917K, capacity 3131K, committed 3200K, reserved 1048576K
Event: 23.403 GC heap after
Heap after GC invocations=10 (full 1):
 PSYoungGen      total 31744K, used 1271K [0x00000000d6980000, 0x00000000da200000, 0x0000000100000000)
  eden space 30208K, 0% used [0x00000000d6980000,0x00000000d6980000,0x00000000d8700000)
  from space 1536K, 82% used [0x00000000d8780000,0x00000000d88bdd10,0x00000000d8900000)
  to   space 13824K, 0% used [0x00000000d9480000,0x00000000d9480000,0x00000000da200000)
 ParOldGen       total 57344K, used 16454K [0x0000000083c00000, 0x0000000087400000, 0x00000000d6980000)
  object space 57344K, 28% used [0x0000000083c00000,0x0000000084c11998,0x0000000087400000)
 Metaspace       used 22276K, capacity 23020K, committed 23424K, reserved 1069056K
  class space    used 2917K, capacity 3131K, committed 3200K, reserved 1048576K
}

Deoptimization events (10 events):
Event: 13.934 Thread 0x000000001a230000 Uncommon trap: reason=unstable_if action=reinterpret pc=0x00000000026cfe10 method=java.lang.AbstractStringBuilder.append(Ljava/lang/String;)Ljava/lang/AbstractStringBuilder; @ 1
Event: 13.934 Thread 0x000000001a230000 Uncommon trap: reason=unstable_if action=reinterpret pc=0x0000000002622588 method=java.lang.AbstractStringBuilder.append(Ljava/lang/String;)Ljava/lang/AbstractStringBuilder; @ 1
Event: 21.659 Thread 0x000000001a5f9000 Uncommon trap: reason=unstable_if action=reinterpret pc=0x000000000285fb90 method=java.util.HashMap.isEmpty()Z @ 4
Event: 21.804 Thread 0x000000000240e000 Uncommon trap: reason=unstable_if action=reinterpret pc=0x00000000029883e8 method=java.util.WeakHashMap.expungeStaleEntries()V @ 9
Event: 22.878 Thread 0x000000001a230000 Uncommon trap: reason=class_check action=maybe_recompile pc=0x000000000279d8a8 method=java.util.HashMap.putVal(ILjava/lang/Object;Ljava/lang/Object;ZZ)Ljava/lang/Object; @ 253
Event: 22.878 Thread 0x000000001a230000 Uncommon trap: reason=class_check action=maybe_recompile pc=0x000000000279d8a8 method=java.util.HashMap.putVal(ILjava/lang/Object;Ljava/lang/Object;ZZ)Ljava/lang/Object; @ 253
Event: 22.878 Thread 0x000000001a230000 Uncommon trap: reason=class_check action=maybe_recompile pc=0x000000000279d8a8 method=java.util.HashMap.putVal(ILjava/lang/Object;Ljava/lang/Object;ZZ)Ljava/lang/Object; @ 253
Event: 22.878 Thread 0x000000001a230000 Uncommon trap: reason=class_check action=maybe_recompile pc=0x000000000279d8a8 method=java.util.HashMap.putVal(ILjava/lang/Object;Ljava/lang/Object;ZZ)Ljava/lang/Object; @ 253
Event: 22.878 Thread 0x000000001a230000 Uncommon trap: reason=class_check action=maybe_recompile pc=0x000000000279ea60 method=java.util.HashMap.putVal(ILjava/lang/Object;Ljava/lang/Object;ZZ)Ljava/lang/Object; @ 253
Event: 23.155 Thread 0x000000001a230000 Uncommon trap: reason=unstable_if action=reinterpret pc=0x000000000264ed98 method=sun.nio.cs.UTF_8$Encoder.encode([CII[B)I @ 33

Classes redefined (0 events):
No events

Internal exceptions (10 events):
Event: 0.663 Thread 0x000000001a230000 Exception <a 'java/lang/ArrayIndexOutOfBoundsException'> (0x00000000d7dcff28) thrown at [C:\ade\jenkins\workspace\8-2-build-windows-amd64-cygwin\jdk8u241\331\hotspot\src\share\vm\runtime\sharedRuntime.cpp, line 605]
Event: 0.663 Thread 0x000000001a230000 Exception <a 'java/lang/ArrayIndexOutOfBoundsException'> (0x00000000d7dd12d0) thrown at [C:\ade\jenkins\workspace\8-2-build-windows-amd64-cygwin\jdk8u241\331\hotspot\src\share\vm\runtime\sharedRuntime.cpp, line 605]
Event: 0.696 Thread 0x000000001a230000 Exception <a 'java/lang/ArrayIndexOutOfBoundsException'> (0x00000000d80f7448) thrown at [C:\ade\jenkins\workspace\8-2-build-windows-amd64-cygwin\jdk8u241\331\hotspot\src\share\vm\runtime\sharedRuntime.cpp, line 605]
Event: 0.814 Thread 0x000000001a230000 Implicit null exception at 0x00000000026dcdf5 to 0x00000000026dd005
Event: 0.937 Thread 0x000000001a230000 Exception <a 'java/io/FileNotFoundException'> (0x00000000d6d6bd10) thrown at [C:\ade\jenkins\workspace\8-2-build-windows-amd64-cygwin\jdk8u241\331\hotspot\src\share\vm\prims\jni.cpp, line 710]
Event: 13.934 Thread 0x000000001a230000 Implicit null exception at 0x00000000026cfa56 to 0x00000000026cfdf9
Event: 13.934 Thread 0x000000001a230000 Implicit null exception at 0x00000000026221d6 to 0x0000000002622571
Event: 13.948 Thread 0x000000001a230000 Exception <a 'java/lang/NullPointerException'> (0x00000000d7882b10) thrown at [C:\ade\jenkins\workspace\8-2-build-windows-amd64-cygwin\jdk8u241\331\hotspot\src\share\vm\interpreter\linkResolver.cpp, line 1287]
Event: 21.620 Thread 0x000000001a230000 Exception <a 'java/io/FileNotFoundException'> (0x00000000d8221798) thrown at [C:\ade\jenkins\workspace\8-2-build-windows-amd64-cygwin\jdk8u241\331\hotspot\src\share\vm\prims\jni.cpp, line 710]
Event: 21.692 Thread 0x000000001a230000 Exception <a 'java/io/FileNotFoundException'> (0x00000000d83f7fb0) thrown at [C:\ade\jenkins\workspace\8-2-build-windows-amd64-cygwin\jdk8u241\331\hotspot\src\share\vm\prims\jni.cpp, line 710]

Events (10 events):
Event: 23.453 Thread 0x00000000190c1800 flushing nmethod 0x0000000002823c10
Event: 23.453 Thread 0x00000000190c1800 flushing nmethod 0x0000000002824d50
Event: 23.453 Thread 0x00000000190c1800 flushing nmethod 0x0000000002857b90
Event: 23.453 loading class com/xuggle/xuggler/IContainer$Type
Event: 23.453 loading class com/xuggle/xuggler/IContainer$Type done
Event: 23.453 loading class com/xuggle/xuggler/IContainer$Type$SwigNext
Event: 23.453 loading class com/xuggle/xuggler/IContainer$Type$SwigNext done
Event: 23.454 loading class com/xuggle/xuggler/IContainerFormat
Event: 23.454 loading class com/xuggle/xuggler/IContainerFormat done
Event: 23.458 Thread 0x00000000190b2800 flushing nmethod 0x0000000002857ed0


Dynamic libraries:
0x00007ff6aaa90000 - 0x00007ff6aaac7000 	C:\Program Files\Java\jdk1.8.0_241\jre\bin\java.exe
0x00007ff8d7600000 - 0x00007ff8d77f0000 	C:\windows\SYSTEM32\ntdll.dll
0x00007ff8d6670000 - 0x00007ff8d6722000 	C:\windows\System32\KERNEL32.DLL
0x00007ff8d50c0000 - 0x00007ff8d5365000 	C:\windows\System32\KERNELBASE.dll
0x00007ff8d6950000 - 0x00007ff8d69f3000 	C:\windows\System32\ADVAPI32.dll
0x00007ff8d7520000 - 0x00007ff8d75be000 	C:\windows\System32\msvcrt.dll
0x00007ff8d6c10000 - 0x00007ff8d6ca7000 	C:\windows\System32\sechost.dll
0x00007ff8d6cb0000 - 0x00007ff8d6dd0000 	C:\windows\System32\RPCRT4.dll
0x00007ff8d6730000 - 0x00007ff8d68c4000 	C:\windows\System32\USER32.dll
0x00007ff8d46b0000 - 0x00007ff8d46d1000 	C:\windows\System32\win32u.dll
0x00007ff8d74f0000 - 0x00007ff8d7516000 	C:\windows\System32\GDI32.dll
0x00007ff8d5510000 - 0x00007ff8d56a6000 	C:\windows\System32\gdi32full.dll
0x00007ff8d5420000 - 0x00007ff8d54be000 	C:\windows\System32\msvcp_win.dll
0x00007ff8d46e0000 - 0x00007ff8d47da000 	C:\windows\System32\ucrtbase.dll
0x00007ff8ba750000 - 0x00007ff8ba9d4000 	C:\windows\WinSxS\amd64_microsoft.windows.common-controls_6595b64144ccf1df_6.0.18362.1198_none_9e820b57e45ad92f\COMCTL32.dll
0x00007ff8d6f00000 - 0x00007ff8d7235000 	C:\windows\System32\combase.dll
0x00007ff8d4580000 - 0x00007ff8d4600000 	C:\windows\System32\bcryptPrimitives.dll
0x00007ff8d5ba0000 - 0x00007ff8d5bce000 	C:\windows\System32\IMM32.DLL
0x0000000071560000 - 0x0000000071632000 	C:\Program Files\Java\jdk1.8.0_241\jre\bin\msvcr100.dll
0x0000000071640000 - 0x0000000071eec000 	C:\Program Files\Java\jdk1.8.0_241\jre\bin\server\jvm.dll
0x00007ff8d6dd0000 - 0x00007ff8d6dd8000 	C:\windows\System32\PSAPI.DLL
0x00007ff8cd6a0000 - 0x00007ff8cd6a9000 	C:\windows\SYSTEM32\WSOCK32.dll
0x00007ff8cc830000 - 0x00007ff8cc83a000 	C:\windows\SYSTEM32\VERSION.dll
0x00007ff8d1aa0000 - 0x00007ff8d1ac4000 	C:\windows\SYSTEM32\WINMM.dll
0x00007ff8d6a60000 - 0x00007ff8d6acf000 	C:\windows\System32\WS2_32.dll
0x00007ff8d13b0000 - 0x00007ff8d13dd000 	C:\windows\SYSTEM32\winmmbase.dll
0x00007ff8d54c0000 - 0x00007ff8d550a000 	C:\windows\System32\cfgmgr32.dll
0x00007ff8cd5e0000 - 0x00007ff8cd5ef000 	C:\Program Files\Java\jdk1.8.0_241\jre\bin\verify.dll
0x00007ff8b9520000 - 0x00007ff8b9549000 	C:\Program Files\Java\jdk1.8.0_241\jre\bin\java.dll
0x00007ff8cce70000 - 0x00007ff8cce86000 	C:\Program Files\Java\jdk1.8.0_241\jre\bin\zip.dll
0x00007ff8d5e70000 - 0x00007ff8d6557000 	C:\windows\System32\SHELL32.dll
0x00007ff8d65c0000 - 0x00007ff8d6669000 	C:\windows\System32\shcore.dll
0x00007ff8d47e0000 - 0x00007ff8d4f61000 	C:\windows\System32\windows.storage.dll
0x00007ff8d44e0000 - 0x00007ff8d4503000 	C:\windows\System32\profapi.dll
0x00007ff8d4510000 - 0x00007ff8d455a000 	C:\windows\System32\powrprof.dll
0x00007ff8d44b0000 - 0x00007ff8d44c0000 	C:\windows\System32\UMPDC.dll
0x00007ff8d6df0000 - 0x00007ff8d6e42000 	C:\windows\System32\shlwapi.dll
0x00007ff8d4560000 - 0x00007ff8d4571000 	C:\windows\System32\kernel.appcore.dll
0x00007ff8d53d0000 - 0x00007ff8d53e7000 	C:\windows\System32\cryptsp.dll
0x0000000019fa0000 - 0x0000000019fa3000 	C:\Program Files\Java\jdk1.8.0_241\jre\bin\api-ms-win-core-console-l1-1-0.dll
0x0000000019fb0000 - 0x0000000019fb3000 	C:\Program Files\Java\jdk1.8.0_241\jre\bin\api-ms-win-core-datetime-l1-1-0.dll
0x0000000019fc0000 - 0x0000000019fc3000 	C:\Program Files\Java\jdk1.8.0_241\jre\bin\api-ms-win-core-debug-l1-1-0.dll
0x0000000019fd0000 - 0x0000000019fd3000 	C:\Program Files\Java\jdk1.8.0_241\jre\bin\api-ms-win-core-errorhandling-l1-1-0.dll
0x0000000019fe0000 - 0x0000000019fe4000 	C:\Program Files\Java\jdk1.8.0_241\jre\bin\api-ms-win-core-file-l1-1-0.dll
0x0000000019ff0000 - 0x0000000019ff3000 	C:\Program Files\Java\jdk1.8.0_241\jre\bin\api-ms-win-core-file-l1-2-0.dll
0x000000001a000000 - 0x000000001a003000 	C:\Program Files\Java\jdk1.8.0_241\jre\bin\api-ms-win-core-file-l2-1-0.dll
0x000000001a010000 - 0x000000001a013000 	C:\Program Files\Java\jdk1.8.0_241\jre\bin\api-ms-win-core-handle-l1-1-0.dll
0x000000001a020000 - 0x000000001a023000 	C:\Program Files\Java\jdk1.8.0_241\jre\bin\api-ms-win-core-heap-l1-1-0.dll
0x000000001a030000 - 0x000000001a033000 	C:\Program Files\Java\jdk1.8.0_241\jre\bin\api-ms-win-core-interlocked-l1-1-0.dll
0x000000001a040000 - 0x000000001a043000 	C:\Program Files\Java\jdk1.8.0_241\jre\bin\api-ms-win-core-libraryloader-l1-1-0.dll
0x000000001a050000 - 0x000000001a053000 	C:\Program Files\Java\jdk1.8.0_241\jre\bin\api-ms-win-core-localization-l1-2-0.dll
0x000000001a060000 - 0x000000001a063000 	C:\Program Files\Java\jdk1.8.0_241\jre\bin\api-ms-win-core-memory-l1-1-0.dll
0x000000001a070000 - 0x000000001a073000 	C:\Program Files\Java\jdk1.8.0_241\jre\bin\api-ms-win-core-namedpipe-l1-1-0.dll
0x000000001a080000 - 0x000000001a083000 	C:\Program Files\Java\jdk1.8.0_241\jre\bin\api-ms-win-core-processenvironment-l1-1-0.dll
0x000000001a090000 - 0x000000001a093000 	C:\Program Files\Java\jdk1.8.0_241\jre\bin\api-ms-win-core-processthreads-l1-1-0.dll
0x000000001a0a0000 - 0x000000001a0a3000 	C:\Program Files\Java\jdk1.8.0_241\jre\bin\api-ms-win-core-processthreads-l1-1-1.dll
0x000000001a0b0000 - 0x000000001a0b3000 	C:\Program Files\Java\jdk1.8.0_241\jre\bin\api-ms-win-core-profile-l1-1-0.dll
0x000000001a0c0000 - 0x000000001a0c3000 	C:\Program Files\Java\jdk1.8.0_241\jre\bin\api-ms-win-core-rtlsupport-l1-1-0.dll
0x000000001a0d0000 - 0x000000001a0d3000 	C:\Program Files\Java\jdk1.8.0_241\jre\bin\api-ms-win-core-string-l1-1-0.dll
0x000000001a0e0000 - 0x000000001a0e3000 	C:\Program Files\Java\jdk1.8.0_241\jre\bin\api-ms-win-core-synch-l1-1-0.dll
0x000000001a0f0000 - 0x000000001a0f3000 	C:\Program Files\Java\jdk1.8.0_241\jre\bin\api-ms-win-core-synch-l1-2-0.dll
0x000000001a100000 - 0x000000001a103000 	C:\Program Files\Java\jdk1.8.0_241\jre\bin\api-ms-win-core-sysinfo-l1-1-0.dll
0x000000001a110000 - 0x000000001a113000 	C:\Program Files\Java\jdk1.8.0_241\jre\bin\api-ms-win-core-timezone-l1-1-0.dll
0x000000001a120000 - 0x000000001a123000 	C:\Program Files\Java\jdk1.8.0_241\jre\bin\api-ms-win-core-util-l1-1-0.dll
0x000000001a130000 - 0x000000001a133000 	C:\Program Files\Java\jdk1.8.0_241\jre\bin\api-ms-win-crt-conio-l1-1-0.dll
0x000000001a140000 - 0x000000001a144000 	C:\Program Files\Java\jdk1.8.0_241\jre\bin\api-ms-win-crt-convert-l1-1-0.dll
0x000000001a150000 - 0x000000001a153000 	C:\Program Files\Java\jdk1.8.0_241\jre\bin\api-ms-win-crt-environment-l1-1-0.dll
0x000000001a160000 - 0x000000001a163000 	C:\Program Files\Java\jdk1.8.0_241\jre\bin\api-ms-win-crt-filesystem-l1-1-0.dll
0x000000001a170000 - 0x000000001a173000 	C:\Program Files\Java\jdk1.8.0_241\jre\bin\api-ms-win-crt-heap-l1-1-0.dll
0x000000001a180000 - 0x000000001a183000 	C:\Program Files\Java\jdk1.8.0_241\jre\bin\api-ms-win-crt-locale-l1-1-0.dll
0x000000001a190000 - 0x000000001a195000 	C:\Program Files\Java\jdk1.8.0_241\jre\bin\api-ms-win-crt-math-l1-1-0.dll
0x000000001a1a0000 - 0x000000001a1a5000 	C:\Program Files\Java\jdk1.8.0_241\jre\bin\api-ms-win-crt-multibyte-l1-1-0.dll
0x000000001a1b0000 - 0x000000001a1c0000 	C:\Program Files\Java\jdk1.8.0_241\jre\bin\api-ms-win-crt-private-l1-1-0.dll
0x000000001a1c0000 - 0x000000001a1c3000 	C:\Program Files\Java\jdk1.8.0_241\jre\bin\api-ms-win-crt-process-l1-1-0.dll
0x000000001a1d0000 - 0x000000001a1d4000 	C:\Program Files\Java\jdk1.8.0_241\jre\bin\api-ms-win-crt-runtime-l1-1-0.dll
0x000000001a1e0000 - 0x000000001a1e4000 	C:\Program Files\Java\jdk1.8.0_241\jre\bin\api-ms-win-crt-stdio-l1-1-0.dll
0x000000001a1f0000 - 0x000000001a1f4000 	C:\Program Files\Java\jdk1.8.0_241\jre\bin\api-ms-win-crt-string-l1-1-0.dll
0x000000001a200000 - 0x000000001a203000 	C:\Program Files\Java\jdk1.8.0_241\jre\bin\api-ms-win-crt-time-l1-1-0.dll
0x000000001a210000 - 0x000000001a213000 	C:\Program Files\Java\jdk1.8.0_241\jre\bin\api-ms-win-crt-utility-l1-1-0.dll
0x00007ff8b9990000 - 0x00007ff8b9a8c000 	C:\Program Files\Java\jdk1.8.0_241\jre\bin\ucrtbase.dll
0x00007ff8d0bd0000 - 0x00007ff8d0be5000 	C:\Program Files\Java\jdk1.8.0_241\jre\bin\vcruntime140.dll
0x00007ff8abc60000 - 0x00007ff8abcfb000 	C:\Program Files\Java\jdk1.8.0_241\jre\bin\msvcp140.dll
0x00007ff8abc00000 - 0x00007ff8abc51000 	C:\Program Files\Java\jdk1.8.0_241\jre\bin\concrt140.dll
0x00007ff8ca6c0000 - 0x00007ff8ca6e3000 	C:\Program Files\Java\jdk1.8.0_241\jre\bin\prism_d3d.dll
0x00007ff89d2b0000 - 0x00007ff89d477000 	C:\windows\system32\d3d9.dll
0x00007ff8d2830000 - 0x00007ff8d285d000 	C:\windows\SYSTEM32\dwmapi.dll
0x00007ff8d30f0000 - 0x00007ff8d3110000 	C:\windows\SYSTEM32\dxcore.dll
0x00007ff8d2400000 - 0x00007ff8d2499000 	C:\windows\system32\uxtheme.dll
0x00007ff89d140000 - 0x00007ff89d2a5000 	C:\windows\System32\DriverStore\FileRepository\iigd_dch.inf_amd64_c84afe165d971f24\igdumdim64.dll
0x00007ff8d5d10000 - 0x00007ff8d5e67000 	C:\windows\System32\ole32.dll
0x00007ff8989c0000 - 0x00007ff89d140000 	C:\windows\System32\DriverStore\FileRepository\iigd_dch.inf_amd64_c84afe165d971f24\igd9dxva64.dll
0x00007ff8d5bd0000 - 0x00007ff8d5c95000 	C:\windows\System32\OLEAUT32.dll
0x00007ff8d56b0000 - 0x00007ff8d5b20000 	C:\windows\System32\SETUPAPI.dll
0x00007ff8d53f0000 - 0x00007ff8d5416000 	C:\windows\System32\bcrypt.dll
0x00007ff8c9f90000 - 0x00007ff8ca1e8000 	C:\windows\System32\DriverStore\FileRepository\iigd_dch.inf_amd64_c84afe165d971f24\igdgmm64.dll
0x00007ff8b9af0000 - 0x00007ff8b9b35000 	C:\Program Files\Java\jdk1.8.0_241\jre\bin\glass.dll
0x00007ff8d7420000 - 0x00007ff8d74f0000 	C:\windows\System32\COMDLG32.dll
0x00007ff8d6ad0000 - 0x00007ff8d6c05000 	C:\windows\System32\MSCTF.dll
0x00007ff8a9850000 - 0x00007ff8a9877000 	C:\windows\System32\DriverStore\FileRepository\iigd_dch.inf_amd64_c84afe165d971f24\igdinfo64.dll
0x00007ff8c2d20000 - 0x00007ff8c5a00000 	C:\windows\System32\DriverStore\FileRepository\iigd_dch.inf_amd64_c84afe165d971f24\igc64.dll
0x00007ff8b9910000 - 0x00007ff8b9924000 	C:\Program Files\Java\jdk1.8.0_241\jre\bin\javafx_font.dll
0x00007ff8bc960000 - 0x00007ff8bcc5e000 	C:\windows\SYSTEM32\dwrite.dll
0x00007ff8d6e50000 - 0x00007ff8d6ef2000 	C:\windows\System32\clbcatq.dll
0x00007ff8ce800000 - 0x00007ff8ce9af000 	C:\windows\SYSTEM32\WindowsCodecs.dll
0x00007ff8a2150000 - 0x00007ff8a218a000 	C:\windows\system32\dataexchange.dll
0x00007ff8d13e0000 - 0x00007ff8d163b000 	C:\windows\system32\d3d11.dll
0x00007ff8d1ad0000 - 0x00007ff8d1cad000 	C:\windows\system32\dcomp.dll
0x00007ff8d3180000 - 0x00007ff8d326b000 	C:\windows\system32\dxgi.dll
0x00007ff8d24d0000 - 0x00007ff8d2732000 	C:\windows\system32\twinapi.appcore.dll
0x00007ff8d29f0000 - 0x00007ff8d2a19000 	C:\windows\system32\RMCLIENT.dll
0x00007ff8b6cf0000 - 0x00007ff8b6d23000 	C:\Program Files\Common Files\Microsoft Shared\Ink\rtscom.dll
0x00007ff8be770000 - 0x00007ff8be80e000 	C:\windows\System32\TextInputFramework.dll
0x00007ff8d1d80000 - 0x00007ff8d1e54000 	C:\windows\System32\CoreMessaging.dll
0x00007ff8cfa40000 - 0x00007ff8cfd6a000 	C:\windows\System32\CoreUIComponents.dll
0x00007ff8d34f0000 - 0x00007ff8d3521000 	C:\windows\SYSTEM32\ntmarta.dll
0x00007ff8cf7a0000 - 0x00007ff8cf8f3000 	C:\windows\SYSTEM32\wintypes.dll
0x00007ff8bd020000 - 0x00007ff8bd2c7000 	C:\windows\System32\iertutil.dll
0x00007ff8b98f0000 - 0x00007ff8b9901000 	C:\Program Files\Java\jdk1.8.0_241\jre\bin\prism_common.dll
0x00007ff8d0df0000 - 0x00007ff8d13b0000 	C:\windows\SYSTEM32\d2d1.dll
0x00007ff8cb990000 - 0x00007ff8cc0d1000 	C:\windows\SYSTEM32\D3D10Warp.dll
0x00007ff88c720000 - 0x00007ff88c8d3000 	C:\windows\SYSTEM32\DUI70.dll
0x00007ff88d8a0000 - 0x00007ff88d933000 	C:\windows\SYSTEM32\DUser.dll
0x00007ff8ca600000 - 0x00007ff8ca6a4000 	C:\Program Files\Common Files\microsoft shared\ink\tiptsf.dll
0x00007ff8a1ee0000 - 0x00007ff8a1f03000 	C:\windows\SYSTEM32\edputil.dll
0x00007ff8a1b80000 - 0x00007ff8a1d86000 	C:\windows\system32\explorerframe.dll
0x00007ff8a1f10000 - 0x00007ff8a1f6e000 	C:\Windows\System32\thumbcache.dll
0x00007ff8cfef0000 - 0x00007ff8cff79000 	C:\windows\SYSTEM32\policymanager.dll
0x00007ff8d0c90000 - 0x00007ff8d0d1a000 	C:\windows\SYSTEM32\msvcp110_win.dll

VM Arguments:
jvm_args: -Dfile.encoding=UTF-8 -Djava.net.preferIPv4Stack=true 
java_command: App
java_class_path (initial): C:\Users\edwin\OneDrive\Documentos\GitKraken\VideoCode\libs\xuggle-xuggler-5.4.jar;C:\Users\edwin\OneDrive\Documentos\GitKraken\VideoCode\libs\jaco-mp3-player-0.9.3.jar;C:\Users\edwin\OneDrive\Documentos\GitKraken\VideoCode\libs\slf4j-api-1.7.30.jar;C:\Users\edwin\OneDrive\Documentos\GitKraken\VideoCode\libs\slf4j-simple-1.7.30.jar;C:\Users\edwin\OneDrive\Documentos\GitKraken\Editor-De-Videos\VideoCode\build\classes
Launcher Type: SUN_STANDARD

Environment Variables:
JAVA_HOME=C:\Users\edwin\AppData\Local\Programs\AdoptOpenJDK\jdk-11.0.9.11-hotspot\
_JAVA_OPTIONS=-Djava.net.preferIPv4Stack=true
PATH=C:\Program Files\Common Files\Oracle\Java\javapath;C:\Program Files (x86)\Common Files\Oracle\Java\javapath;C:\windows\system32;C:\windows;C:\windows\System32\Wbem;C:\windows\System32\WindowsPowerShell\v1.0\;C:\windows\System32\OpenSSH\;C:\Program Files\MATLAB\R2019b;C:\Program Files\Git\cmd;C:\Program Files\apache-maven-3.6.3\bin;C:\Program Files (x86)\Microsoft SQL Server\150\DTS\Binn\;C:\Program Files\PuTTY\;C:\Program Files (x86)\Graphviz2.38\bin;C:\MinGW\bin;C:\Program Files\MATLAB\R2020a\bin;C:\Users\edwin\AppData\Local\Programs\AdoptOpenJDK\jdk-11.0.9.11-hotspot\bin;C:\Program Files\MySQL\MySQL Shell 8.0\bin\;C:\Users\edwin\AppData\Local\Microsoft\WindowsApps;C:\Program Files (x86)\Graphviz2.38\bin;C:\src\flutter\bin;
USERNAME=edwin
OS=Windows_NT
PROCESSOR_IDENTIFIER=Intel64 Family 6 Model 126 Stepping 5, GenuineIntel



---------------  S Y S T E M  ---------------

OS: Windows 10.0 , 64 bit Build 18362 (10.0.18362.1110)

CPU:total 8 (initial active 8) (4 cores per cpu, 2 threads per core) family 6 model 126 stepping 5, cmov, cx8, fxsr, mmx, sse, sse2, sse3, ssse3, sse4.1, sse4.2, popcnt, avx, avx2, aes, clmul, erms, 3dnowpref, lzcnt, ht, tsc, tscinvbit, bmi1, bmi2, adx

Memory: 4k page, physical 8136684k(1543764k free), swap 13347644k(4103184k free)

vm_info: Java HotSpot(TM) 64-Bit Server VM (25.241-b07) for windows-amd64 JRE (1.8.0_241-b07), built on Dec 11 2019 10:21:40 by "rejava" with MS VC++ 10.0 (VS2010)

time: Thu Nov 26 01:09:15 2020
timezone: Hora est. Pacífico, Sudamérica
elapsed time: 23 seconds (0d 0h 0m 23s)

