#
# A fatal error has been detected by the Java Runtime Environment:
#
#  EXCEPTION_ACCESS_VIOLATION (0xc0000005) at pc=0x000000006ee76520, pid=13944, tid=0x0000000000001350
#
# JRE version: Java(TM) SE Runtime Environment (8.0_241-b07) (build 1.8.0_241-b07)
# Java VM: Java HotSpot(TM) 64-Bit Server VM (25.241-b07 mixed mode windows-amd64 compressed oops)
# Problematic frame:
# C  0x000000006ee76520
#
# Failed to write core dump. Minidumps are not enabled by default on client versions of Windows
#
# If you would like to submit a bug report, please visit:
#   http://bugreport.java.com/bugreport/crash.jsp
# The crash happened outside the Java Virtual Machine in native code.
# See problematic frame for where to report the bug.
#

---------------  T H R E A D  ---------------

Current thread (0x000000001ae34800):  JavaThread "JavaFX Application Thread" [_thread_in_native, id=4944, stack(0x000000001bb10000,0x000000001bc10000)]

siginfo: ExceptionCode=0xc0000005, reading address 0xffffffffffffffff

Registers:
RAX=0x000000002eef1870, RBX=0x000000002eef44a0, RCX=0x000000002eef1870, RDX=0x0000000000000009
RSP=0x000000001bc0ab50, RBP=0x000000002eef0fb0, RSI=0x000000002eef2870, RDI=0x0000000000000004
R8 =0x000000006ee77580, R9 =0x000000006ee76490, R10=0x000000002c0001d0, R11=0x000000002eddfa70
R12=0x000000002ede0270, R13=0x0000000000000004, R14=0x0000000000000184, R15=0x000000006fab8f20
RIP=0x000000006ee76520, EFLAGS=0x0000000000010202

Top of Stack: (sp=0x000000001bc0ab50)
0x000000001bc0ab50:   000000006ee76665 000000006ee774c5
0x000000001bc0ab60:   000000006ee77505 000000006ee77545
0x000000001bc0ab70:   000000006ee77585 000000006ee79426
0x000000001bc0ab80:   000000006fab8f20 000000002eef1870
0x000000001bc0ab90:   000000002eef6960 00000000179a5ea0
0x000000001bc0aba0:   3fe0000000000000 0000000000000000
0x000000001bc0abb0:   40c7760000000000 0000000000000000
0x000000001bc0abc0:   3fe0000000000000 0000000000000001
0x000000001bc0abd0:   000000002eef7960 000000006ea45d24
0x000000001bc0abe0:   3f40624dd2f1a9fc 0000000000000000
0x000000001bc0abf0:   0000000000000000 0000000000000000
0x000000001bc0ac00:   0000000000000000 0000000000000000
0x000000001bc0ac10:   000000002ef00860 000000006fab7320
0x000000001bc0ac20:   000000002fbb6ecd 000000002eef4400
0x000000001bc0ac30:   0000000000000001 000000002eef0fb0
0x000000001bc0ac40:   000000002eef1030 0000000000000000 

Instructions: (pc=0x000000006ee76520)
0x000000006ee76500:   c4 e3 5d 0c c0 55 c5 e4 5c c8 c5 e4 58 c0 c5 fc
0x000000006ee76510:   29 01 c5 fc 29 49 20 c3 0f 1f 84 00 00 00 00 00
0x000000006ee76520:   c5 fc 28 51 40 c5 fc 28 59 60 c5 ec 5c fb c5 ec
0x000000006ee76530:   58 d3 c5 c4 57 3d 26 41 84 00 c5 ec c6 df be c5 


Register to memory mapping:

RAX=0x000000002eef1870 is an unknown value
RBX=0x000000002eef44a0 is an unknown value
RCX=0x000000002eef1870 is an unknown value
RDX=0x0000000000000009 is an unknown value
RSP=0x000000001bc0ab50 is pointing into the stack for thread: 0x000000001ae34800
RBP=0x000000002eef0fb0 is an unknown value
RSI=0x000000002eef2870 is an unknown value
RDI=0x0000000000000004 is an unknown value
R8 =0x000000006ee77580 is an unknown value
R9 =0x000000006ee76490 is an unknown value
R10=0x000000002c0001d0 is an unknown value
R11=0x000000002eddfa70 is an unknown value
R12=0x000000002ede0270 is an unknown value
R13=0x0000000000000004 is an unknown value
R14=0x0000000000000184 is an unknown value
R15=0x000000006fab8f20 is an unknown value


Stack: [0x000000001bb10000,0x000000001bc10000],  sp=0x000000001bc0ab50,  free space=1002k
Native frames: (J=compiled Java code, j=interpreted, Vv=VM code, C=native code)
C  0x000000006ee76520

Java frames: (J=compiled Java code, j=interpreted, Vv=VM code)
j  com.xuggle.xuggler.XugglerJNI.IContainer_open__SWIG_0(JLcom/xuggle/xuggler/IContainer;Ljava/lang/String;IJLcom/xuggle/xuggler/IContainerFormat;)I+0
j  com.xuggle.xuggler.IContainer.open(Ljava/lang/String;Lcom/xuggle/xuggler/IContainer$Type;Lcom/xuggle/xuggler/IContainerFormat;)I+15
j  GUIController.muteClick(Ljavafx/scene/input/MouseEvent;)V+135
v  ~StubRoutines::call_stub
J 1090  sun.reflect.NativeMethodAccessorImpl.invoke0(Ljava/lang/reflect/Method;Ljava/lang/Object;[Ljava/lang/Object;)Ljava/lang/Object; (0 bytes) @ 0x000000000359687f [0x0000000003596800+0x7f]
J 1088 C1 sun.reflect.NativeMethodAccessorImpl.invoke(Ljava/lang/Object;[Ljava/lang/Object;)Ljava/lang/Object; (104 bytes) @ 0x00000000035987a4 [0x0000000003597600+0x11a4]
J 836 C1 sun.reflect.DelegatingMethodAccessorImpl.invoke(Ljava/lang/Object;[Ljava/lang/Object;)Ljava/lang/Object; (10 bytes) @ 0x00000000034e6644 [0x00000000034e6540+0x104]
J 799 C1 java.lang.reflect.Method.invoke(Ljava/lang/Object;[Ljava/lang/Object;)Ljava/lang/Object; (62 bytes) @ 0x00000000034cbf6c [0x00000000034cbb80+0x3ec]
j  sun.reflect.misc.Trampoline.invoke(Ljava/lang/reflect/Method;Ljava/lang/Object;[Ljava/lang/Object;)Ljava/lang/Object;+7
j  sun.reflect.GeneratedMethodAccessor1.invoke(Ljava/lang/Object;[Ljava/lang/Object;)Ljava/lang/Object;+40
J 836 C1 sun.reflect.DelegatingMethodAccessorImpl.invoke(Ljava/lang/Object;[Ljava/lang/Object;)Ljava/lang/Object; (10 bytes) @ 0x00000000034e6644 [0x00000000034e6540+0x104]
J 799 C1 java.lang.reflect.Method.invoke(Ljava/lang/Object;[Ljava/lang/Object;)Ljava/lang/Object; (62 bytes) @ 0x00000000034cbf6c [0x00000000034cbb80+0x3ec]
j  sun.reflect.misc.MethodUtil.invoke(Ljava/lang/reflect/Method;Ljava/lang/Object;[Ljava/lang/Object;)Ljava/lang/Object;+20
j  javafx.fxml.FXMLLoader$MethodHandler.invoke([Ljava/lang/Object;)V+19
j  javafx.fxml.FXMLLoader$ControllerMethodEventHandler.handle(Ljavafx/event/Event;)V+12
J 2728 C1 com.sun.javafx.event.CompositeEventHandler.dispatchBubblingEvent(Ljavafx/event/Event;)V (57 bytes) @ 0x00000000039dcf94 [0x00000000039dcbc0+0x3d4]
J 1676 C1 com.sun.javafx.event.EventHandlerManager.dispatchBubblingEvent(Ljavafx/event/Event;)Ljavafx/event/Event; (23 bytes) @ 0x00000000036cfa9c [0x00000000036cf420+0x67c]
J 1562 C1 com.sun.javafx.event.CompositeEventDispatcher.dispatchBubblingEvent(Ljavafx/event/Event;)Ljavafx/event/Event; (35 bytes) @ 0x000000000369361c [0x0000000003693460+0x1bc]
J 1332 C1 com.sun.javafx.event.BasicEventDispatcher.dispatchEvent(Ljavafx/event/Event;Ljavafx/event/EventDispatchChain;)Ljavafx/event/Event; (44 bytes) @ 0x00000000036372fc [0x0000000003636fc0+0x33c]
J 1269 C1 com.sun.javafx.event.EventDispatchChainImpl.dispatchEvent(Ljavafx/event/Event;)Ljavafx/event/Event; (101 bytes) @ 0x00000000036181f4 [0x0000000003618040+0x1b4]
J 1332 C1 com.sun.javafx.event.BasicEventDispatcher.dispatchEvent(Ljavafx/event/Event;Ljavafx/event/EventDispatchChain;)Ljavafx/event/Event; (44 bytes) @ 0x0000000003637214 [0x0000000003636fc0+0x254]
J 1269 C1 com.sun.javafx.event.EventDispatchChainImpl.dispatchEvent(Ljavafx/event/Event;)Ljavafx/event/Event; (101 bytes) @ 0x00000000036181f4 [0x0000000003618040+0x1b4]
J 1332 C1 com.sun.javafx.event.BasicEventDispatcher.dispatchEvent(Ljavafx/event/Event;Ljavafx/event/EventDispatchChain;)Ljavafx/event/Event; (44 bytes) @ 0x0000000003637214 [0x0000000003636fc0+0x254]
J 1269 C1 com.sun.javafx.event.EventDispatchChainImpl.dispatchEvent(Ljavafx/event/Event;)Ljavafx/event/Event; (101 bytes) @ 0x00000000036181f4 [0x0000000003618040+0x1b4]
J 2085 C1 com.sun.javafx.event.EventUtil.fireEvent(Ljavafx/event/EventTarget;Ljavafx/event/Event;)Ljavafx/event/Event; (81 bytes) @ 0x00000000037e448c [0x00000000037e3d60+0x72c]
J 2110 C1 javafx.scene.Scene$ClickGenerator.postProcess(Ljavafx/scene/input/MouseEvent;Ljavafx/scene/Scene$TargetWrapper;Ljavafx/scene/Scene$TargetWrapper;)V (258 bytes) @ 0x00000000037fa6bc [0x00000000037f8e00+0x18bc]
J 1783 C1 javafx.scene.Scene$MouseHandler.process(Ljavafx/scene/input/MouseEvent;Z)V (735 bytes) @ 0x000000000372454c [0x0000000003721820+0x2d2c]
J 2518 C1 javafx.scene.Scene$ScenePeerListener.mouseEvent(Ljavafx/event/EventType;DDDDLjavafx/scene/input/MouseButton;ZZZZZZZZZ)V (50 bytes) @ 0x00000000039261e4 [0x0000000003925f20+0x2c4]
J 2754 C1 com.sun.javafx.tk.quantum.GlassViewEventHandler$MouseEventNotification.run()Ljava/lang/Void; (624 bytes) @ 0x00000000039ee1f4 [0x00000000039ed180+0x1074]
J 2753 C1 com.sun.javafx.tk.quantum.GlassViewEventHandler$MouseEventNotification.run()Ljava/lang/Object; (5 bytes) @ 0x00000000039ecd0c [0x00000000039ecc80+0x8c]
v  ~StubRoutines::call_stub
J 1565  java.security.AccessController.doPrivileged(Ljava/security/PrivilegedAction;Ljava/security/AccessControlContext;)Ljava/lang/Object; (0 bytes) @ 0x00000000036947e6 [0x0000000003694780+0x66]
J 2751 C1 com.sun.javafx.tk.quantum.GlassViewEventHandler$$Lambda$162.get()Ljava/lang/Object; (8 bytes) @ 0x00000000039ec5fc [0x00000000039ec420+0x1dc]
J 1823 C1 com.sun.javafx.tk.quantum.QuantumToolkit.runWithoutRenderLock(Ljava/util/function/Supplier;)Ljava/lang/Object; (49 bytes) @ 0x000000000374359c [0x0000000003743060+0x53c]
J 2508 C1 com.sun.javafx.tk.quantum.GlassViewEventHandler.handleMouseEvent(Lcom/sun/glass/ui/View;JIIIIIIIZZ)V (108 bytes) @ 0x0000000003921394 [0x0000000003920f80+0x414]
J 1892 C1 com.sun.glass.ui.View.notifyMouse(IIIIIIIZZ)V (221 bytes) @ 0x00000000037676ec [0x0000000003766620+0x10cc]
v  ~StubRoutines::call_stub
j  com.sun.glass.ui.win.WinApplication._runLoop(Ljava/lang/Runnable;)V+0
j  com.sun.glass.ui.win.WinApplication.lambda$null$4(ILjava/lang/Runnable;)V+8
j  com.sun.glass.ui.win.WinApplication$$Lambda$38.run()V+12
j  java.lang.Thread.run()V+11
v  ~StubRoutines::call_stub

---------------  P R O C E S S  ---------------

Java Threads: ( => current thread )
  0x000000001b232000 JavaThread "Direct Clip" daemon [_thread_blocked, id=11540, stack(0x000000002f730000,0x000000002f830000)]
  0x000000001a21c800 JavaThread "Java Sound Event Dispatcher" daemon [_thread_blocked, id=12580, stack(0x000000002f630000,0x000000002f730000)]
  0x000000001b1de000 JavaThread "Timer-0" daemon [_thread_blocked, id=11044, stack(0x000000002dd80000,0x000000002de80000)]
  0x000000001b1da800 JavaThread "Media Resource Disposer" daemon [_thread_blocked, id=10628, stack(0x000000002c5f0000,0x000000002c6f0000)]
  0x0000000019e4e000 JavaThread "JFXMedia Player EventQueueThread" daemon [_thread_blocked, id=12704, stack(0x000000002bbf0000,0x000000002bcf0000)]
  0x000000001b03d800 JavaThread "Prism Font Disposer" daemon [_thread_blocked, id=11500, stack(0x0000000023ef0000,0x0000000023ff0000)]
  0x000000001aec4800 JavaThread "Thread-3" daemon [_thread_in_native, id=13964, stack(0x0000000022730000,0x0000000022830000)]
  0x000000001ae54800 JavaThread "JavaFX-Launcher" [_thread_blocked, id=13768, stack(0x0000000022830000,0x0000000022930000)]
=>0x000000001ae34800 JavaThread "JavaFX Application Thread" [_thread_in_native, id=4944, stack(0x000000001bb10000,0x000000001bc10000)]
  0x000000001ae24000 JavaThread "Thread-1" daemon [_thread_blocked, id=12900, stack(0x000000001ba10000,0x000000001bb10000)]
  0x000000001ae01800 JavaThread "QuantumRenderer-0" daemon [_thread_blocked, id=1636, stack(0x000000001b7a0000,0x000000001b8a0000)]
  0x0000000019f00000 JavaThread "Service Thread" daemon [_thread_blocked, id=11604, stack(0x000000001ab40000,0x000000001ac40000)]
  0x0000000019e65800 JavaThread "C1 CompilerThread3" daemon [_thread_blocked, id=13616, stack(0x000000001aa40000,0x000000001ab40000)]
  0x0000000019e5e800 JavaThread "C2 CompilerThread2" daemon [_thread_blocked, id=8352, stack(0x000000001a940000,0x000000001aa40000)]
  0x0000000019e59800 JavaThread "C2 CompilerThread1" daemon [_thread_blocked, id=944, stack(0x000000001a840000,0x000000001a940000)]
  0x0000000019e54000 JavaThread "C2 CompilerThread0" daemon [_thread_blocked, id=10076, stack(0x000000001a740000,0x000000001a840000)]
  0x0000000019e51800 JavaThread "Attach Listener" daemon [_thread_blocked, id=1964, stack(0x000000001a640000,0x000000001a740000)]
  0x000000001802e800 JavaThread "Signal Dispatcher" daemon [_thread_blocked, id=6176, stack(0x000000001a540000,0x000000001a640000)]
  0x0000000019e41000 JavaThread "Finalizer" daemon [_thread_blocked, id=11152, stack(0x000000001a320000,0x000000001a420000)]
  0x0000000019e40800 JavaThread "Reference Handler" daemon [_thread_blocked, id=11840, stack(0x000000001a220000,0x000000001a320000)]
  0x00000000030d3000 JavaThread "main" [_thread_blocked, id=2424, stack(0x0000000002f50000,0x0000000003050000)]

Other Threads:
  0x0000000018019000 VMThread [stack: 0x0000000019d20000,0x0000000019e20000] [id=5908]
  0x0000000019f01800 WatcherThread [stack: 0x000000001ac40000,0x000000001ad40000] [id=12912]

VM state:not at safepoint (normal execution)

VM Mutex/Monitor currently owned by a thread: None

heap address: 0x0000000083c00000, size: 1988 MB, Compressed Oops mode: 32-bit
Narrow klass base: 0x0000000000000000, Narrow klass shift: 3
Compressed class space size: 1073741824 Address: 0x0000000100000000

Heap:
 PSYoungGen      total 28672K, used 19700K [0x00000000d6980000, 0x00000000d9f00000, 0x0000000100000000)
  eden space 28160K, 69% used [0x00000000d6980000,0x00000000d7c85208,0x00000000d8500000)
  from space 512K, 43% used [0x00000000d8580000,0x00000000d85b8000,0x00000000d8600000)
  to   space 13312K, 0% used [0x00000000d9200000,0x00000000d9200000,0x00000000d9f00000)
 ParOldGen       total 86016K, used 24720K [0x0000000083c00000, 0x0000000089000000, 0x00000000d6980000)
  object space 86016K, 28% used [0x0000000083c00000,0x00000000854243c0,0x0000000089000000)
 Metaspace       used 19399K, capacity 20074K, committed 20224K, reserved 1067008K
  class space    used 2556K, capacity 2746K, committed 2816K, reserved 1048576K

Card table byte_map: [0x0000000012590000,0x0000000012980000] byte_map_base: 0x0000000012172000

Marking Bits: (ParMarkBitMap*) 0x0000000071e6be30
 Begin Bits: [0x0000000013420000, 0x0000000015330000)
 End Bits:   [0x0000000015330000, 0x0000000017240000)

Polling page: 0x0000000001770000

CodeCache: size=245760Kb used=9062Kb max_used=9075Kb free=236697Kb
 bounds [0x00000000031d0000, 0x0000000003ac0000, 0x00000000121d0000]
 total_blobs=3739 nmethods=2998 adapters=653
 compilation: enabled

Compilation events (10 events):
Event: 24.968 Thread 0x0000000019e54000 3006   !   4       java.util.zip.InflaterInputStream::read (138 bytes)
Event: 24.978 Thread 0x0000000019e59800 3007       4       java.io.FileOutputStream::write (12 bytes)
Event: 24.979 Thread 0x0000000019e59800 nmethod 3007 0x0000000003aa4d90 code [0x0000000003aa4ee0, 0x0000000003aa4f68]
Event: 24.981 Thread 0x0000000019e5e800 3008       4       java.io.FilterInputStream::read (11 bytes)
Event: 24.981 Thread 0x0000000019e54000 nmethod 3006 0x0000000003aac010 code [0x0000000003aac1c0, 0x0000000003aad848]
Event: 24.989 Thread 0x0000000019e5e800 nmethod 3008 0x0000000003aae410 code [0x0000000003aae5c0, 0x0000000003aaf358]
Event: 25.141 Thread 0x0000000019e59800 3009   !   4       java.util.zip.ZipFile$ZipFileInputStream::close (110 bytes)
Event: 25.144 Thread 0x0000000019e54000 3010       4       java.lang.String::regionMatches (149 bytes)
Event: 25.150 Thread 0x0000000019e59800 nmethod 3009 0x0000000003aaffd0 code [0x0000000003ab0160, 0x0000000003ab0db8]
Event: 25.153 Thread 0x0000000019e54000 nmethod 3010 0x0000000003aa7bd0 code [0x0000000003aa7d40, 0x0000000003aa8498]

GC Heap History (10 events):
Event: 16.411 GC heap before
{Heap before GC invocations=9 (full 0):
 PSYoungGen      total 44032K, used 34692K [0x00000000d6980000, 0x00000000da380000, 0x0000000100000000)
  eden space 30720K, 100% used [0x00000000d6980000,0x00000000d8780000,0x00000000d8780000)
  from space 13312K, 29% used [0x00000000d9680000,0x00000000d9a61150,0x00000000da380000)
  to   space 14336K, 0% used [0x00000000d8780000,0x00000000d8780000,0x00000000d9580000)
 ParOldGen       total 86016K, used 18417K [0x0000000083c00000, 0x0000000089000000, 0x00000000d6980000)
  object space 86016K, 21% used [0x0000000083c00000,0x0000000084dfc410,0x0000000089000000)
 Metaspace       used 18257K, capacity 18942K, committed 19072K, reserved 1064960K
  class space    used 2454K, capacity 2644K, committed 2688K, reserved 1048576K
Event: 16.413 GC heap after
Heap after GC invocations=9 (full 0):
 PSYoungGen      total 34304K, used 3972K [0x00000000d6980000, 0x00000000da200000, 0x0000000100000000)
  eden space 30208K, 0% used [0x00000000d6980000,0x00000000d6980000,0x00000000d8700000)
  from space 4096K, 96% used [0x00000000d8780000,0x00000000d8b61150,0x00000000d8b80000)
  to   space 13824K, 0% used [0x00000000d9480000,0x00000000d9480000,0x00000000da200000)
 ParOldGen       total 86016K, used 18481K [0x0000000083c00000, 0x0000000089000000, 0x00000000d6980000)
  object space 86016K, 21% used [0x0000000083c00000,0x0000000084e0c410,0x0000000089000000)
 Metaspace       used 18257K, capacity 18942K, committed 19072K, reserved 1064960K
  class space    used 2454K, capacity 2644K, committed 2688K, reserved 1048576K
}
Event: 18.319 GC heap before
{Heap before GC invocations=10 (full 0):
 PSYoungGen      total 34304K, used 33559K [0x00000000d6980000, 0x00000000da200000, 0x0000000100000000)
  eden space 30208K, 97% used [0x00000000d6980000,0x00000000d8664b30,0x00000000d8700000)
  from space 4096K, 96% used [0x00000000d8780000,0x00000000d8b61150,0x00000000d8b80000)
  to   space 13824K, 0% used [0x00000000d9480000,0x00000000d9480000,0x00000000da200000)
 ParOldGen       total 86016K, used 18481K [0x0000000083c00000, 0x0000000089000000, 0x00000000d6980000)
  object space 86016K, 21% used [0x0000000083c00000,0x0000000084e0c410,0x0000000089000000)
 Metaspace       used 18324K, capacity 19008K, committed 19072K, reserved 1064960K
  class space    used 2456K, capacity 2645K, committed 2688K, reserved 1048576K
Event: 18.322 GC heap after
Heap after GC invocations=10 (full 0):
 PSYoungGen      total 43008K, used 224K [0x00000000d6980000, 0x00000000da180000, 0x0000000100000000)
  eden space 29696K, 0% used [0x00000000d6980000,0x00000000d6980000,0x00000000d8680000)
  from space 13312K, 1% used [0x00000000d9480000,0x00000000d94b8000,0x00000000da180000)
  to   space 13824K, 0% used [0x00000000d8680000,0x00000000d8680000,0x00000000d9400000)
 ParOldGen       total 86016K, used 22269K [0x0000000083c00000, 0x0000000089000000, 0x00000000d6980000)
  object space 86016K, 25% used [0x0000000083c00000,0x00000000851bf560,0x0000000089000000)
 Metaspace       used 18324K, capacity 19008K, committed 19072K, reserved 1064960K
  class space    used 2456K, capacity 2645K, committed 2688K, reserved 1048576K
}
Event: 20.083 GC heap before
{Heap before GC invocations=11 (full 0):
 PSYoungGen      total 43008K, used 29920K [0x00000000d6980000, 0x00000000da180000, 0x0000000100000000)
  eden space 29696K, 100% used [0x00000000d6980000,0x00000000d8680000,0x00000000d8680000)
  from space 13312K, 1% used [0x00000000d9480000,0x00000000d94b8000,0x00000000da180000)
  to   space 13824K, 0% used [0x00000000d8680000,0x00000000d8680000,0x00000000d9400000)
 ParOldGen       total 86016K, used 22269K [0x0000000083c00000, 0x0000000089000000, 0x00000000d6980000)
  object space 86016K, 25% used [0x0000000083c00000,0x00000000851bf560,0x0000000089000000)
 Metaspace       used 18422K, capacity 19142K, committed 19328K, reserved 1067008K
  class space    used 2460K, capacity 2646K, committed 2688K, reserved 1048576K
Event: 20.084 GC heap after
Heap after GC invocations=11 (full 0):
 PSYoungGen      total 31744K, used 2523K [0x00000000d6980000, 0x00000000da000000, 0x0000000100000000)
  eden space 29184K, 0% used [0x00000000d6980000,0x00000000d6980000,0x00000000d8600000)
  from space 2560K, 98% used [0x00000000d8680000,0x00000000d88f6e60,0x00000000d8900000)
  to   space 13312K, 0% used [0x00000000d9300000,0x00000000d9300000,0x00000000da000000)
 ParOldGen       total 86016K, used 22333K [0x0000000083c00000, 0x0000000089000000, 0x00000000d6980000)
  object space 86016K, 25% used [0x0000000083c00000,0x00000000851cf560,0x0000000089000000)
 Metaspace       used 18422K, capacity 19142K, committed 19328K, reserved 1067008K
  class space    used 2460K, capacity 2646K, committed 2688K, reserved 1048576K
}
Event: 22.014 GC heap before
{Heap before GC invocations=12 (full 0):
 PSYoungGen      total 31744K, used 31707K [0x00000000d6980000, 0x00000000da000000, 0x0000000100000000)
  eden space 29184K, 100% used [0x00000000d6980000,0x00000000d8600000,0x00000000d8600000)
  from space 2560K, 98% used [0x00000000d8680000,0x00000000d88f6e60,0x00000000d8900000)
  to   space 13312K, 0% used [0x00000000d9300000,0x00000000d9300000,0x00000000da000000)
 ParOldGen       total 86016K, used 22333K [0x0000000083c00000, 0x0000000089000000, 0x00000000d6980000)
  object space 86016K, 25% used [0x0000000083c00000,0x00000000851cf560,0x0000000089000000)
 Metaspace       used 18474K, capacity 19142K, committed 19328K, reserved 1067008K
  class space    used 2460K, capacity 2646K, committed 2688K, reserved 1048576K
Event: 22.017 GC heap after
Heap after GC invocations=12 (full 0):
 PSYoungGen      total 41472K, used 224K [0x00000000d6980000, 0x00000000d9f80000, 0x0000000100000000)
  eden space 28672K, 0% used [0x00000000d6980000,0x00000000d6980000,0x00000000d8580000)
  from space 12800K, 1% used [0x00000000d9300000,0x00000000d9338000,0x00000000d9f80000)
  to   space 13312K, 0% used [0x00000000d8580000,0x00000000d8580000,0x00000000d9280000)
 ParOldGen       total 86016K, used 24664K [0x0000000083c00000, 0x0000000089000000, 0x00000000d6980000)
  object space 86016K, 28% used [0x0000000083c00000,0x00000000854163c0,0x0000000089000000)
 Metaspace       used 18474K, capacity 19142K, committed 19328K, reserved 1067008K
  class space    used 2460K, capacity 2646K, committed 2688K, reserved 1048576K
}
Event: 23.962 GC heap before
{Heap before GC invocations=13 (full 0):
 PSYoungGen      total 41472K, used 28896K [0x00000000d6980000, 0x00000000d9f80000, 0x0000000100000000)
  eden space 28672K, 100% used [0x00000000d6980000,0x00000000d8580000,0x00000000d8580000)
  from space 12800K, 1% used [0x00000000d9300000,0x00000000d9338000,0x00000000d9f80000)
  to   space 13312K, 0% used [0x00000000d8580000,0x00000000d8580000,0x00000000d9280000)
 ParOldGen       total 86016K, used 24664K [0x0000000083c00000, 0x0000000089000000, 0x00000000d6980000)
  object space 86016K, 28% used [0x0000000083c00000,0x00000000854163c0,0x0000000089000000)
 Metaspace       used 18507K, capacity 19206K, committed 19328K, reserved 1067008K
  class space    used 2460K, capacity 2646K, committed 2688K, reserved 1048576K
Event: 23.964 GC heap after
Heap after GC invocations=13 (full 0):
 PSYoungGen      total 28672K, used 224K [0x00000000d6980000, 0x00000000d9f00000, 0x0000000100000000)
  eden space 28160K, 0% used [0x00000000d6980000,0x00000000d6980000,0x00000000d8500000)
  from space 512K, 43% used [0x00000000d8580000,0x00000000d85b8000,0x00000000d8600000)
  to   space 13312K, 0% used [0x00000000d9200000,0x00000000d9200000,0x00000000d9f00000)
 ParOldGen       total 86016K, used 24720K [0x0000000083c00000, 0x0000000089000000, 0x00000000d6980000)
  object space 86016K, 28% used [0x0000000083c00000,0x00000000854243c0,0x0000000089000000)
 Metaspace       used 18507K, capacity 19206K, committed 19328K, reserved 1067008K
  class space    used 2460K, capacity 2646K, committed 2688K, reserved 1048576K
}

Deoptimization events (10 events):
Event: 14.333 Thread 0x000000001ae34800 Uncommon trap: reason=bimorphic action=maybe_recompile pc=0x0000000003549ad4 method=java.io.DataInputStream.readShort()S @ 4
Event: 18.336 Thread 0x000000001ae34800 Uncommon trap: reason=unstable_if action=reinterpret pc=0x00000000037b2f4c method=com.sun.javafx.geom.RectBounds.deriveWithNewBounds(Lcom/sun/javafx/geom/BaseBounds;)Lcom/sun/javafx/geom/BaseBounds; @ 4
Event: 18.337 Thread 0x000000001ae01800 Uncommon trap: reason=unstable_if action=reinterpret pc=0x00000000038e0df8 method=com.sun.javafx.sg.prism.NGNode.getOpaqueRegion()Lcom/sun/javafx/geom/RectBounds; @ 39
Event: 18.338 Thread 0x000000001ae01800 Uncommon trap: reason=unstable_if action=reinterpret pc=0x000000000398944c method=com.sun.prism.impl.BaseGraphics.validateTransformAndPaint()V @ 20
Event: 24.567 Thread 0x000000001ae34800 Uncommon trap: reason=class_check action=maybe_recompile pc=0x0000000003569984 method=java.util.HashMap.putVal(ILjava/lang/Object;Ljava/lang/Object;ZZ)Ljava/lang/Object; @ 253
Event: 24.567 Thread 0x000000001ae34800 Uncommon trap: reason=class_check action=maybe_recompile pc=0x0000000003569984 method=java.util.HashMap.putVal(ILjava/lang/Object;Ljava/lang/Object;ZZ)Ljava/lang/Object; @ 253
Event: 24.567 Thread 0x000000001ae34800 Uncommon trap: reason=class_check action=maybe_recompile pc=0x0000000003569984 method=java.util.HashMap.putVal(ILjava/lang/Object;Ljava/lang/Object;ZZ)Ljava/lang/Object; @ 253
Event: 24.567 Thread 0x000000001ae34800 Uncommon trap: reason=class_check action=maybe_recompile pc=0x0000000003569984 method=java.util.HashMap.putVal(ILjava/lang/Object;Ljava/lang/Object;ZZ)Ljava/lang/Object; @ 253
Event: 24.567 Thread 0x000000001ae34800 Uncommon trap: reason=class_check action=maybe_recompile pc=0x000000000356e0f4 method=java.util.HashMap.putVal(ILjava/lang/Object;Ljava/lang/Object;ZZ)Ljava/lang/Object; @ 253
Event: 24.880 Thread 0x000000001ae34800 Uncommon trap: reason=unstable_if action=reinterpret pc=0x00000000034034d8 method=sun.nio.cs.UTF_8$Encoder.encode([CII[B)I @ 33

Classes redefined (0 events):
No events

Internal exceptions (10 events):
Event: 0.445 Thread 0x000000001ae34800 Exception <a 'java/lang/NullPointerException'> (0x00000000d76ebc98) thrown at [C:\ade\jenkins\workspace\8-2-build-windows-amd64-cygwin\jdk8u241\331\hotspot\src\share\vm\prims\jvm.cpp, line 1506]
Event: 0.636 Thread 0x000000001ae34800 Exception <a 'java/lang/ArrayIndexOutOfBoundsException'> (0x00000000d7dcf4a0) thrown at [C:\ade\jenkins\workspace\8-2-build-windows-amd64-cygwin\jdk8u241\331\hotspot\src\share\vm\runtime\sharedRuntime.cpp, line 605]
Event: 0.637 Thread 0x000000001ae34800 Exception <a 'java/lang/ArrayIndexOutOfBoundsException'> (0x00000000d7dcffb8) thrown at [C:\ade\jenkins\workspace\8-2-build-windows-amd64-cygwin\jdk8u241\331\hotspot\src\share\vm\runtime\sharedRuntime.cpp, line 605]
Event: 0.637 Thread 0x000000001ae34800 Exception <a 'java/lang/ArrayIndexOutOfBoundsException'> (0x00000000d7dd1360) thrown at [C:\ade\jenkins\workspace\8-2-build-windows-amd64-cygwin\jdk8u241\331\hotspot\src\share\vm\runtime\sharedRuntime.cpp, line 605]
Event: 0.662 Thread 0x000000001ae34800 Exception <a 'java/lang/ArrayIndexOutOfBoundsException'> (0x00000000d80f79a0) thrown at [C:\ade\jenkins\workspace\8-2-build-windows-amd64-cygwin\jdk8u241\331\hotspot\src\share\vm\runtime\sharedRuntime.cpp, line 605]
Event: 0.789 Thread 0x000000001ae34800 Implicit null exception at 0x00000000034a6575 to 0x00000000034a6785
Event: 0.915 Thread 0x000000001ae34800 Exception <a 'java/io/FileNotFoundException'> (0x00000000d6d6bde8) thrown at [C:\ade\jenkins\workspace\8-2-build-windows-amd64-cygwin\jdk8u241\331\hotspot\src\share\vm\prims\jni.cpp, line 710]
Event: 6.367 Thread 0x000000001ae34800 Implicit null exception at 0x000000000349b216 to 0x000000000349b5b9
Event: 6.367 Thread 0x000000001ae34800 Implicit null exception at 0x00000000033def16 to 0x00000000033df2b1
Event: 6.373 Thread 0x000000001ae34800 Exception <a 'java/lang/NullPointerException'> (0x00000000d786b1b8) thrown at [C:\ade\jenkins\workspace\8-2-build-windows-amd64-cygwin\jdk8u241\331\hotspot\src\share\vm\interpreter\linkResolver.cpp, line 1287]

Events (10 events):
Event: 25.151 Thread 0x000000001b242000 Thread added: 0x000000001b242000
Event: 25.151 Thread 0x000000001b242000 Thread exited: 0x000000001b242000
Event: 25.151 loading class com/xuggle/xuggler/IContainerFormat
Event: 25.151 loading class com/xuggle/xuggler/IContainerFormat done
Event: 25.151 Thread 0x000000001b246800 Thread added: 0x000000001b246800
Event: 25.151 Thread 0x000000001b246800 Thread exited: 0x000000001b246800
Event: 25.151 Thread 0x000000001b245800 Thread added: 0x000000001b245800
Event: 25.151 Thread 0x000000001b245800 Thread exited: 0x000000001b245800
Event: 25.151 Thread 0x000000001b245800 Thread added: 0x000000001b245800
Event: 25.151 Thread 0x000000001b245800 Thread exited: 0x000000001b245800


Dynamic libraries:
0x00007ff6aaa90000 - 0x00007ff6aaac7000 	C:\Program Files\Java\jdk1.8.0_241\jre\bin\java.exe
0x00007ff8d7600000 - 0x00007ff8d77f0000 	C:\windows\SYSTEM32\ntdll.dll
0x00007ff8d6670000 - 0x00007ff8d6722000 	C:\windows\System32\KERNEL32.DLL
0x00007ff8d50c0000 - 0x00007ff8d5365000 	C:\windows\System32\KERNELBASE.dll
0x00007ff8d6950000 - 0x00007ff8d69f3000 	C:\windows\System32\ADVAPI32.dll
0x00007ff8d7520000 - 0x00007ff8d75be000 	C:\windows\System32\msvcrt.dll
0x00007ff8d6c10000 - 0x00007ff8d6ca7000 	C:\windows\System32\sechost.dll
0x00007ff8d6cb0000 - 0x00007ff8d6dd0000 	C:\windows\System32\RPCRT4.dll
0x00007ff8d6730000 - 0x00007ff8d68c4000 	C:\windows\System32\USER32.dll
0x00007ff8d46b0000 - 0x00007ff8d46d1000 	C:\windows\System32\win32u.dll
0x00007ff8d74f0000 - 0x00007ff8d7516000 	C:\windows\System32\GDI32.dll
0x00007ff8d5510000 - 0x00007ff8d56a6000 	C:\windows\System32\gdi32full.dll
0x00007ff8d5420000 - 0x00007ff8d54be000 	C:\windows\System32\msvcp_win.dll
0x00007ff8d46e0000 - 0x00007ff8d47da000 	C:\windows\System32\ucrtbase.dll
0x00007ff8ba750000 - 0x00007ff8ba9d4000 	C:\windows\WinSxS\amd64_microsoft.windows.common-controls_6595b64144ccf1df_6.0.18362.1198_none_9e820b57e45ad92f\COMCTL32.dll
0x00007ff8d6f00000 - 0x00007ff8d7235000 	C:\windows\System32\combase.dll
0x00007ff8d4580000 - 0x00007ff8d4600000 	C:\windows\System32\bcryptPrimitives.dll
0x00007ff8d5ba0000 - 0x00007ff8d5bce000 	C:\windows\System32\IMM32.DLL
0x0000000071560000 - 0x0000000071632000 	C:\Program Files\Java\jdk1.8.0_241\jre\bin\msvcr100.dll
0x0000000071640000 - 0x0000000071eec000 	C:\Program Files\Java\jdk1.8.0_241\jre\bin\server\jvm.dll
0x00007ff8d6dd0000 - 0x00007ff8d6dd8000 	C:\windows\System32\PSAPI.DLL
0x00007ff8cd6a0000 - 0x00007ff8cd6a9000 	C:\windows\SYSTEM32\WSOCK32.dll
0x00007ff8d1aa0000 - 0x00007ff8d1ac4000 	C:\windows\SYSTEM32\WINMM.dll
0x00007ff8cc830000 - 0x00007ff8cc83a000 	C:\windows\SYSTEM32\VERSION.dll
0x00007ff8d6a60000 - 0x00007ff8d6acf000 	C:\windows\System32\WS2_32.dll
0x00007ff8d13b0000 - 0x00007ff8d13dd000 	C:\windows\SYSTEM32\winmmbase.dll
0x00007ff8d54c0000 - 0x00007ff8d550a000 	C:\windows\System32\cfgmgr32.dll
0x00007ff8cd5e0000 - 0x00007ff8cd5ef000 	C:\Program Files\Java\jdk1.8.0_241\jre\bin\verify.dll
0x00007ff8b9520000 - 0x00007ff8b9549000 	C:\Program Files\Java\jdk1.8.0_241\jre\bin\java.dll
0x00007ff8cce70000 - 0x00007ff8cce86000 	C:\Program Files\Java\jdk1.8.0_241\jre\bin\zip.dll
0x00007ff8d5e70000 - 0x00007ff8d6557000 	C:\windows\System32\SHELL32.dll
0x00007ff8d65c0000 - 0x00007ff8d6669000 	C:\windows\System32\shcore.dll
0x00007ff8d47e0000 - 0x00007ff8d4f61000 	C:\windows\System32\windows.storage.dll
0x00007ff8d44e0000 - 0x00007ff8d4503000 	C:\windows\System32\profapi.dll
0x00007ff8d4510000 - 0x00007ff8d455a000 	C:\windows\System32\powrprof.dll
0x00007ff8d44b0000 - 0x00007ff8d44c0000 	C:\windows\System32\UMPDC.dll
0x00007ff8d6df0000 - 0x00007ff8d6e42000 	C:\windows\System32\shlwapi.dll
0x00007ff8d4560000 - 0x00007ff8d4571000 	C:\windows\System32\kernel.appcore.dll
0x00007ff8d53d0000 - 0x00007ff8d53e7000 	C:\windows\System32\cryptsp.dll
0x00000000030a0000 - 0x00000000030a3000 	C:\Program Files\Java\jdk1.8.0_241\jre\bin\api-ms-win-core-console-l1-1-0.dll
0x00000000030b0000 - 0x00000000030b3000 	C:\Program Files\Java\jdk1.8.0_241\jre\bin\api-ms-win-core-datetime-l1-1-0.dll
0x000000001b540000 - 0x000000001b543000 	C:\Program Files\Java\jdk1.8.0_241\jre\bin\api-ms-win-core-debug-l1-1-0.dll
0x000000001b550000 - 0x000000001b553000 	C:\Program Files\Java\jdk1.8.0_241\jre\bin\api-ms-win-core-errorhandling-l1-1-0.dll
0x000000001b560000 - 0x000000001b564000 	C:\Program Files\Java\jdk1.8.0_241\jre\bin\api-ms-win-core-file-l1-1-0.dll
0x000000001b570000 - 0x000000001b573000 	C:\Program Files\Java\jdk1.8.0_241\jre\bin\api-ms-win-core-file-l1-2-0.dll
0x000000001b580000 - 0x000000001b583000 	C:\Program Files\Java\jdk1.8.0_241\jre\bin\api-ms-win-core-file-l2-1-0.dll
0x000000001b590000 - 0x000000001b593000 	C:\Program Files\Java\jdk1.8.0_241\jre\bin\api-ms-win-core-handle-l1-1-0.dll
0x000000001b5a0000 - 0x000000001b5a3000 	C:\Program Files\Java\jdk1.8.0_241\jre\bin\api-ms-win-core-heap-l1-1-0.dll
0x000000001b5b0000 - 0x000000001b5b3000 	C:\Program Files\Java\jdk1.8.0_241\jre\bin\api-ms-win-core-interlocked-l1-1-0.dll
0x000000001b5c0000 - 0x000000001b5c3000 	C:\Program Files\Java\jdk1.8.0_241\jre\bin\api-ms-win-core-libraryloader-l1-1-0.dll
0x000000001b5d0000 - 0x000000001b5d3000 	C:\Program Files\Java\jdk1.8.0_241\jre\bin\api-ms-win-core-localization-l1-2-0.dll
0x000000001b5e0000 - 0x000000001b5e3000 	C:\Program Files\Java\jdk1.8.0_241\jre\bin\api-ms-win-core-memory-l1-1-0.dll
0x000000001b5f0000 - 0x000000001b5f3000 	C:\Program Files\Java\jdk1.8.0_241\jre\bin\api-ms-win-core-namedpipe-l1-1-0.dll
0x000000001b600000 - 0x000000001b603000 	C:\Program Files\Java\jdk1.8.0_241\jre\bin\api-ms-win-core-processenvironment-l1-1-0.dll
0x000000001b610000 - 0x000000001b613000 	C:\Program Files\Java\jdk1.8.0_241\jre\bin\api-ms-win-core-processthreads-l1-1-0.dll
0x000000001b620000 - 0x000000001b623000 	C:\Program Files\Java\jdk1.8.0_241\jre\bin\api-ms-win-core-processthreads-l1-1-1.dll
0x000000001b630000 - 0x000000001b633000 	C:\Program Files\Java\jdk1.8.0_241\jre\bin\api-ms-win-core-profile-l1-1-0.dll
0x000000001b640000 - 0x000000001b643000 	C:\Program Files\Java\jdk1.8.0_241\jre\bin\api-ms-win-core-rtlsupport-l1-1-0.dll
0x000000001b650000 - 0x000000001b653000 	C:\Program Files\Java\jdk1.8.0_241\jre\bin\api-ms-win-core-string-l1-1-0.dll
0x000000001b660000 - 0x000000001b663000 	C:\Program Files\Java\jdk1.8.0_241\jre\bin\api-ms-win-core-synch-l1-1-0.dll
0x000000001b670000 - 0x000000001b673000 	C:\Program Files\Java\jdk1.8.0_241\jre\bin\api-ms-win-core-synch-l1-2-0.dll
0x000000001b680000 - 0x000000001b683000 	C:\Program Files\Java\jdk1.8.0_241\jre\bin\api-ms-win-core-sysinfo-l1-1-0.dll
0x000000001b690000 - 0x000000001b693000 	C:\Program Files\Java\jdk1.8.0_241\jre\bin\api-ms-win-core-timezone-l1-1-0.dll
0x000000001b6a0000 - 0x000000001b6a3000 	C:\Program Files\Java\jdk1.8.0_241\jre\bin\api-ms-win-core-util-l1-1-0.dll
0x000000001b6b0000 - 0x000000001b6b3000 	C:\Program Files\Java\jdk1.8.0_241\jre\bin\api-ms-win-crt-conio-l1-1-0.dll
0x000000001b6c0000 - 0x000000001b6c4000 	C:\Program Files\Java\jdk1.8.0_241\jre\bin\api-ms-win-crt-convert-l1-1-0.dll
0x000000001b6d0000 - 0x000000001b6d3000 	C:\Program Files\Java\jdk1.8.0_241\jre\bin\api-ms-win-crt-environment-l1-1-0.dll
0x000000001b6e0000 - 0x000000001b6e3000 	C:\Program Files\Java\jdk1.8.0_241\jre\bin\api-ms-win-crt-filesystem-l1-1-0.dll
0x000000001b6f0000 - 0x000000001b6f3000 	C:\Program Files\Java\jdk1.8.0_241\jre\bin\api-ms-win-crt-heap-l1-1-0.dll
0x000000001b700000 - 0x000000001b703000 	C:\Program Files\Java\jdk1.8.0_241\jre\bin\api-ms-win-crt-locale-l1-1-0.dll
0x000000001b710000 - 0x000000001b715000 	C:\Program Files\Java\jdk1.8.0_241\jre\bin\api-ms-win-crt-math-l1-1-0.dll
0x000000001b720000 - 0x000000001b725000 	C:\Program Files\Java\jdk1.8.0_241\jre\bin\api-ms-win-crt-multibyte-l1-1-0.dll
0x000000001b730000 - 0x000000001b740000 	C:\Program Files\Java\jdk1.8.0_241\jre\bin\api-ms-win-crt-private-l1-1-0.dll
0x000000001b740000 - 0x000000001b743000 	C:\Program Files\Java\jdk1.8.0_241\jre\bin\api-ms-win-crt-process-l1-1-0.dll
0x000000001b750000 - 0x000000001b754000 	C:\Program Files\Java\jdk1.8.0_241\jre\bin\api-ms-win-crt-runtime-l1-1-0.dll
0x000000001b760000 - 0x000000001b764000 	C:\Program Files\Java\jdk1.8.0_241\jre\bin\api-ms-win-crt-stdio-l1-1-0.dll
0x000000001b770000 - 0x000000001b774000 	C:\Program Files\Java\jdk1.8.0_241\jre\bin\api-ms-win-crt-string-l1-1-0.dll
0x000000001b780000 - 0x000000001b783000 	C:\Program Files\Java\jdk1.8.0_241\jre\bin\api-ms-win-crt-time-l1-1-0.dll
0x000000001b790000 - 0x000000001b793000 	C:\Program Files\Java\jdk1.8.0_241\jre\bin\api-ms-win-crt-utility-l1-1-0.dll
0x00007ff8b6ce0000 - 0x00007ff8b6ddc000 	C:\Program Files\Java\jdk1.8.0_241\jre\bin\ucrtbase.dll
0x00007ff8cdf90000 - 0x00007ff8cdfa5000 	C:\Program Files\Java\jdk1.8.0_241\jre\bin\vcruntime140.dll
0x00007ff8abbe0000 - 0x00007ff8abc7b000 	C:\Program Files\Java\jdk1.8.0_241\jre\bin\msvcp140.dll
0x00007ff8b6c80000 - 0x00007ff8b6cd1000 	C:\Program Files\Java\jdk1.8.0_241\jre\bin\concrt140.dll
0x00007ff8ca6c0000 - 0x00007ff8ca6e3000 	C:\Program Files\Java\jdk1.8.0_241\jre\bin\prism_d3d.dll
0x00007ff89d2b0000 - 0x00007ff89d477000 	C:\windows\system32\d3d9.dll
0x00007ff8d2830000 - 0x00007ff8d285d000 	C:\windows\SYSTEM32\dwmapi.dll
0x00007ff8d30f0000 - 0x00007ff8d3110000 	C:\windows\SYSTEM32\dxcore.dll
0x00007ff8d2400000 - 0x00007ff8d2499000 	C:\windows\system32\uxtheme.dll
0x00007ff89d140000 - 0x00007ff89d2a5000 	C:\windows\System32\DriverStore\FileRepository\iigd_dch.inf_amd64_c84afe165d971f24\igdumdim64.dll
0x00007ff8d5d10000 - 0x00007ff8d5e67000 	C:\windows\System32\ole32.dll
0x00007ff8989c0000 - 0x00007ff89d140000 	C:\windows\System32\DriverStore\FileRepository\iigd_dch.inf_amd64_c84afe165d971f24\igd9dxva64.dll
0x00007ff8d5bd0000 - 0x00007ff8d5c95000 	C:\windows\System32\OLEAUT32.dll
0x00007ff8d56b0000 - 0x00007ff8d5b20000 	C:\windows\System32\SETUPAPI.dll
0x00007ff8d53f0000 - 0x00007ff8d5416000 	C:\windows\System32\bcrypt.dll
0x00007ff8c9f90000 - 0x00007ff8ca1e8000 	C:\windows\System32\DriverStore\FileRepository\iigd_dch.inf_amd64_c84afe165d971f24\igdgmm64.dll
0x00007ff8b6280000 - 0x00007ff8b62c5000 	C:\Program Files\Java\jdk1.8.0_241\jre\bin\glass.dll
0x00007ff8d7420000 - 0x00007ff8d74f0000 	C:\windows\System32\COMDLG32.dll
0x00007ff8d6ad0000 - 0x00007ff8d6c05000 	C:\windows\System32\MSCTF.dll
0x00007ff8a9850000 - 0x00007ff8a9877000 	C:\windows\System32\DriverStore\FileRepository\iigd_dch.inf_amd64_c84afe165d971f24\igdinfo64.dll
0x00007ff8c2d20000 - 0x00007ff8c5a00000 	C:\windows\System32\DriverStore\FileRepository\iigd_dch.inf_amd64_c84afe165d971f24\igc64.dll
0x00007ff8d0bd0000 - 0x00007ff8d0be4000 	C:\Program Files\Java\jdk1.8.0_241\jre\bin\javafx_font.dll
0x00007ff8bc960000 - 0x00007ff8bcc5e000 	C:\windows\SYSTEM32\dwrite.dll
0x00007ff8d6e50000 - 0x00007ff8d6ef2000 	C:\windows\System32\clbcatq.dll
0x00007ff8ce800000 - 0x00007ff8ce9af000 	C:\windows\SYSTEM32\WindowsCodecs.dll
0x00007ff8a2150000 - 0x00007ff8a218a000 	C:\windows\system32\dataexchange.dll
0x00007ff8d13e0000 - 0x00007ff8d163b000 	C:\windows\system32\d3d11.dll
0x00007ff8d1ad0000 - 0x00007ff8d1cad000 	C:\windows\system32\dcomp.dll
0x00007ff8d3180000 - 0x00007ff8d326b000 	C:\windows\system32\dxgi.dll
0x00007ff8d24d0000 - 0x00007ff8d2732000 	C:\windows\system32\twinapi.appcore.dll
0x00007ff8d29f0000 - 0x00007ff8d2a19000 	C:\windows\system32\RMCLIENT.dll
0x00007ff8b9b50000 - 0x00007ff8b9b83000 	C:\Program Files\Common Files\Microsoft Shared\Ink\rtscom.dll
0x00007ff8be770000 - 0x00007ff8be80e000 	C:\windows\System32\TextInputFramework.dll
0x00007ff8cfa40000 - 0x00007ff8cfd6a000 	C:\windows\System32\CoreUIComponents.dll
0x00007ff8d1d80000 - 0x00007ff8d1e54000 	C:\windows\System32\CoreMessaging.dll
0x00007ff8d34f0000 - 0x00007ff8d3521000 	C:\windows\SYSTEM32\ntmarta.dll
0x00007ff8cf7a0000 - 0x00007ff8cf8f3000 	C:\windows\SYSTEM32\wintypes.dll
0x00007ff8bd020000 - 0x00007ff8bd2c7000 	C:\windows\System32\iertutil.dll
0x00007ff8cdfb0000 - 0x00007ff8cdfc1000 	C:\Program Files\Java\jdk1.8.0_241\jre\bin\prism_common.dll
0x00007ff8d0df0000 - 0x00007ff8d13b0000 	C:\windows\SYSTEM32\d2d1.dll
0x00007ff8cb990000 - 0x00007ff8cc0d1000 	C:\windows\SYSTEM32\D3D10Warp.dll
0x00007ff88c720000 - 0x00007ff88c8d3000 	C:\windows\SYSTEM32\DUI70.dll
0x00007ff88d8a0000 - 0x00007ff88d933000 	C:\windows\SYSTEM32\DUser.dll
0x00007ff8ca600000 - 0x00007ff8ca6a4000 	C:\Program Files\Common Files\microsoft shared\ink\tiptsf.dll
0x00007ff8a1ee0000 - 0x00007ff8a1f03000 	C:\windows\SYSTEM32\edputil.dll
0x00007ff8a1b80000 - 0x00007ff8a1d86000 	C:\windows\system32\explorerframe.dll
0x00007ff8a1f10000 - 0x00007ff8a1f6e000 	C:\Windows\System32\thumbcache.dll
0x00007ff8cfef0000 - 0x00007ff8cff79000 	C:\windows\SYSTEM32\policymanager.dll
0x00007ff8d0c90000 - 0x00007ff8d0d1a000 	C:\windows\SYSTEM32\msvcp110_win.dll

VM Arguments:
jvm_args: -Dfile.encoding=UTF-8 -Djava.net.preferIPv4Stack=true 
java_command: App
java_class_path (initial): C:\Users\edwin\OneDrive\Documentos\GitKraken\VideoCode\libs\xuggle-xuggler-5.4.jar;C:\Users\edwin\OneDrive\Documentos\GitKraken\VideoCode\libs\jaco-mp3-player-0.9.3.jar;C:\Users\edwin\OneDrive\Documentos\GitKraken\VideoCode\libs\slf4j-api-1.7.30.jar;C:\Users\edwin\OneDrive\Documentos\GitKraken\VideoCode\libs\slf4j-simple-1.7.30.jar;C:\Users\edwin\OneDrive\Documentos\GitKraken\Editor-De-Videos\VideoCode\build\classes
Launcher Type: SUN_STANDARD

Environment Variables:
JAVA_HOME=C:\Users\edwin\AppData\Local\Programs\AdoptOpenJDK\jdk-11.0.9.11-hotspot\
_JAVA_OPTIONS=-Djava.net.preferIPv4Stack=true
PATH=C:\Program Files\Common Files\Oracle\Java\javapath;C:\Program Files (x86)\Common Files\Oracle\Java\javapath;C:\windows\system32;C:\windows;C:\windows\System32\Wbem;C:\windows\System32\WindowsPowerShell\v1.0\;C:\windows\System32\OpenSSH\;C:\Program Files\MATLAB\R2019b;C:\Program Files\Git\cmd;C:\Program Files\apache-maven-3.6.3\bin;C:\Program Files (x86)\Microsoft SQL Server\150\DTS\Binn\;C:\Program Files\PuTTY\;C:\Program Files (x86)\Graphviz2.38\bin;C:\MinGW\bin;C:\Program Files\MATLAB\R2020a\bin;C:\Users\edwin\AppData\Local\Programs\AdoptOpenJDK\jdk-11.0.9.11-hotspot\bin;C:\Program Files\MySQL\MySQL Shell 8.0\bin\;C:\Users\edwin\AppData\Local\Microsoft\WindowsApps;C:\Program Files (x86)\Graphviz2.38\bin;C:\src\flutter\bin;
USERNAME=edwin
OS=Windows_NT
PROCESSOR_IDENTIFIER=Intel64 Family 6 Model 126 Stepping 5, GenuineIntel



---------------  S Y S T E M  ---------------

OS: Windows 10.0 , 64 bit Build 18362 (10.0.18362.1110)

CPU:total 8 (initial active 8) (4 cores per cpu, 2 threads per core) family 6 model 126 stepping 5, cmov, cx8, fxsr, mmx, sse, sse2, sse3, ssse3, sse4.1, sse4.2, popcnt, avx, avx2, aes, clmul, erms, 3dnowpref, lzcnt, ht, tsc, tscinvbit, bmi1, bmi2, adx

Memory: 4k page, physical 8136684k(1489436k free), swap 13347644k(3109328k free)

vm_info: Java HotSpot(TM) 64-Bit Server VM (25.241-b07) for windows-amd64 JRE (1.8.0_241-b07), built on Dec 11 2019 10:21:40 by "rejava" with MS VC++ 10.0 (VS2010)

time: Thu Nov 26 01:56:13 2020
timezone: Hora est. Pacífico, Sudamérica
elapsed time: 25 seconds (0d 0h 0m 25s)

