#
# A fatal error has been detected by the Java Runtime Environment:
#
#  EXCEPTION_ACCESS_VIOLATION (0xc0000005) at pc=0x000000006ee76520, pid=11260, tid=0x0000000000000e10
#
# JRE version: Java(TM) SE Runtime Environment (8.0_241-b07) (build 1.8.0_241-b07)
# Java VM: Java HotSpot(TM) 64-Bit Server VM (25.241-b07 mixed mode windows-amd64 compressed oops)
# Problematic frame:
# C  0x000000006ee76520
#
# Failed to write core dump. Minidumps are not enabled by default on client versions of Windows
#
# If you would like to submit a bug report, please visit:
#   http://bugreport.java.com/bugreport/crash.jsp
# The crash happened outside the Java Virtual Machine in native code.
# See problematic frame for where to report the bug.
#

---------------  T H R E A D  ---------------

Current thread (0x000000001a687800):  JavaThread "JavaFX Application Thread" [_thread_in_native, id=3600, stack(0x000000001b2e0000,0x000000001b3e0000)]

siginfo: ExceptionCode=0xc0000005, reading address 0xffffffffffffffff

Registers:
RAX=0x000000002dcc2850, RBX=0x000000002dcc5480, RCX=0x000000002dcc2850, RDX=0x0000000000000009
RSP=0x000000001b3dad70, RBP=0x000000002dcc1f90, RSI=0x000000002dcc3850, RDI=0x0000000000000004
R8 =0x000000006ee77580, R9 =0x000000006ee76490, R10=0x0000000022196f40, R11=0x000000002dbaea30
R12=0x000000002dbaf230, R13=0x0000000000000004, R14=0x0000000000000184, R15=0x000000006fab8f20
RIP=0x000000006ee76520, EFLAGS=0x0000000000010202

Top of Stack: (sp=0x000000001b3dad70)
0x000000001b3dad70:   000000006ee76665 000000006ee774c5
0x000000001b3dad80:   000000006ee77505 000000006ee77545
0x000000001b3dad90:   000000006ee77585 000000006ee79426
0x000000001b3dada0:   000000006fab8f20 000000002dcc2850
0x000000001b3dadb0:   000000002dcc7940 00000000172631c8
0x000000001b3dadc0:   3fe0000000000000 0000000000000000
0x000000001b3dadd0:   40c7760000000000 0000000000000000
0x000000001b3dade0:   3fe0000000000000 0000000000000001
0x000000001b3dadf0:   000000002dcc8940 000000006ea45d24
0x000000001b3dae00:   3f40624dd2f1a9fc 0000000000000000
0x000000001b3dae10:   0000000000000000 0000000000000000
0x000000001b3dae20:   0000000000000000 0000000000000000
0x000000001b3dae30:   000000002dcd1840 000000006fab7320
0x000000001b3dae40:   000000002ee16ecd 000000002dcc53e0
0x000000001b3dae50:   0000000000000001 000000002dcc1f90
0x000000001b3dae60:   000000002dcc2010 0000000000000000 

Instructions: (pc=0x000000006ee76520)
0x000000006ee76500:   c4 e3 5d 0c c0 55 c5 e4 5c c8 c5 e4 58 c0 c5 fc
0x000000006ee76510:   29 01 c5 fc 29 49 20 c3 0f 1f 84 00 00 00 00 00
0x000000006ee76520:   c5 fc 28 51 40 c5 fc 28 59 60 c5 ec 5c fb c5 ec
0x000000006ee76530:   58 d3 c5 c4 57 3d 26 41 84 00 c5 ec c6 df be c5 


Register to memory mapping:

RAX=0x000000002dcc2850 is an unknown value
RBX=0x000000002dcc5480 is an unknown value
RCX=0x000000002dcc2850 is an unknown value
RDX=0x0000000000000009 is an unknown value
RSP=0x000000001b3dad70 is pointing into the stack for thread: 0x000000001a687800
RBP=0x000000002dcc1f90 is an unknown value
RSI=0x000000002dcc3850 is an unknown value
RDI=0x0000000000000004 is an unknown value
R8 =0x000000006ee77580 is an unknown value
R9 =0x000000006ee76490 is an unknown value
R10=0x0000000022196f40 is an unknown value
R11=0x000000002dbaea30 is an unknown value
R12=0x000000002dbaf230 is an unknown value
R13=0x0000000000000004 is an unknown value
R14=0x0000000000000184 is an unknown value
R15=0x000000006fab8f20 is an unknown value


Stack: [0x000000001b2e0000,0x000000001b3e0000],  sp=0x000000001b3dad70,  free space=1003k
Native frames: (J=compiled Java code, j=interpreted, Vv=VM code, C=native code)
C  0x000000006ee76520

Java frames: (J=compiled Java code, j=interpreted, Vv=VM code)
j  com.xuggle.xuggler.XugglerJNI.IContainer_open__SWIG_0(JLcom/xuggle/xuggler/IContainer;Ljava/lang/String;IJLcom/xuggle/xuggler/IContainerFormat;)I+0
j  com.xuggle.xuggler.IContainer.open(Ljava/lang/String;Lcom/xuggle/xuggler/IContainer$Type;Lcom/xuggle/xuggler/IContainerFormat;)I+15
j  GUIController.muteClick(Ljavafx/scene/input/MouseEvent;)V+135
v  ~StubRoutines::call_stub
j  sun.reflect.NativeMethodAccessorImpl.invoke0(Ljava/lang/reflect/Method;Ljava/lang/Object;[Ljava/lang/Object;)Ljava/lang/Object;+0
J 1079 C1 sun.reflect.NativeMethodAccessorImpl.invoke(Ljava/lang/Object;[Ljava/lang/Object;)Ljava/lang/Object; (104 bytes) @ 0x0000000002e4b0e4 [0x0000000002e49f40+0x11a4]
J 826 C1 sun.reflect.DelegatingMethodAccessorImpl.invoke(Ljava/lang/Object;[Ljava/lang/Object;)Ljava/lang/Object; (10 bytes) @ 0x0000000002da3b04 [0x0000000002da3a00+0x104]
J 792 C1 java.lang.reflect.Method.invoke(Ljava/lang/Object;[Ljava/lang/Object;)Ljava/lang/Object; (62 bytes) @ 0x0000000002d847ac [0x0000000002d843c0+0x3ec]
j  sun.reflect.misc.Trampoline.invoke(Ljava/lang/reflect/Method;Ljava/lang/Object;[Ljava/lang/Object;)Ljava/lang/Object;+7
j  sun.reflect.GeneratedMethodAccessor1.invoke(Ljava/lang/Object;[Ljava/lang/Object;)Ljava/lang/Object;+40
J 826 C1 sun.reflect.DelegatingMethodAccessorImpl.invoke(Ljava/lang/Object;[Ljava/lang/Object;)Ljava/lang/Object; (10 bytes) @ 0x0000000002da3b04 [0x0000000002da3a00+0x104]
J 792 C1 java.lang.reflect.Method.invoke(Ljava/lang/Object;[Ljava/lang/Object;)Ljava/lang/Object; (62 bytes) @ 0x0000000002d847ac [0x0000000002d843c0+0x3ec]
j  sun.reflect.misc.MethodUtil.invoke(Ljava/lang/reflect/Method;Ljava/lang/Object;[Ljava/lang/Object;)Ljava/lang/Object;+20
j  javafx.fxml.FXMLLoader$MethodHandler.invoke([Ljava/lang/Object;)V+19
j  javafx.fxml.FXMLLoader$ControllerMethodEventHandler.handle(Ljavafx/event/Event;)V+12
j  com.sun.javafx.event.CompositeEventHandler.dispatchBubblingEvent(Ljavafx/event/Event;)V+51
J 1499 C1 com.sun.javafx.event.EventHandlerManager.dispatchBubblingEvent(Ljavafx/event/Event;)Ljavafx/event/Event; (23 bytes) @ 0x0000000002f1f89c [0x0000000002f1f220+0x67c]
J 1498 C1 com.sun.javafx.event.CompositeEventDispatcher.dispatchBubblingEvent(Ljavafx/event/Event;)Ljavafx/event/Event; (35 bytes) @ 0x0000000002f2021c [0x0000000002f20060+0x1bc]
J 1611 C1 com.sun.javafx.event.BasicEventDispatcher.dispatchEvent(Ljavafx/event/Event;Ljavafx/event/EventDispatchChain;)Ljavafx/event/Event; (44 bytes) @ 0x0000000002f5753c [0x0000000002f57200+0x33c]
J 1294 C1 com.sun.javafx.event.EventDispatchChainImpl.dispatchEvent(Ljavafx/event/Event;)Ljavafx/event/Event; (101 bytes) @ 0x0000000002ecb534 [0x0000000002ecb380+0x1b4]
J 1611 C1 com.sun.javafx.event.BasicEventDispatcher.dispatchEvent(Ljavafx/event/Event;Ljavafx/event/EventDispatchChain;)Ljavafx/event/Event; (44 bytes) @ 0x0000000002f57454 [0x0000000002f57200+0x254]
J 1294 C1 com.sun.javafx.event.EventDispatchChainImpl.dispatchEvent(Ljavafx/event/Event;)Ljavafx/event/Event; (101 bytes) @ 0x0000000002ecb534 [0x0000000002ecb380+0x1b4]
J 1611 C1 com.sun.javafx.event.BasicEventDispatcher.dispatchEvent(Ljavafx/event/Event;Ljavafx/event/EventDispatchChain;)Ljavafx/event/Event; (44 bytes) @ 0x0000000002f57454 [0x0000000002f57200+0x254]
J 1294 C1 com.sun.javafx.event.EventDispatchChainImpl.dispatchEvent(Ljavafx/event/Event;)Ljavafx/event/Event; (101 bytes) @ 0x0000000002ecb534 [0x0000000002ecb380+0x1b4]
J 2559 C1 com.sun.javafx.event.EventUtil.fireEvent(Ljavafx/event/EventTarget;Ljavafx/event/Event;)Ljavafx/event/Event; (81 bytes) @ 0x00000000032076cc [0x0000000003206fa0+0x72c]
J 2572 C1 javafx.scene.Scene$ClickGenerator.postProcess(Ljavafx/scene/input/MouseEvent;Ljavafx/scene/Scene$TargetWrapper;Ljavafx/scene/Scene$TargetWrapper;)V (258 bytes) @ 0x00000000032218dc [0x0000000003220040+0x189c]
J 2250 C1 javafx.scene.Scene$MouseHandler.process(Ljavafx/scene/input/MouseEvent;Z)V (735 bytes) @ 0x000000000310004c [0x00000000030fd320+0x2d2c]
J 2623 C1 javafx.scene.Scene$ScenePeerListener.mouseEvent(Ljavafx/event/EventType;DDDDLjavafx/scene/input/MouseButton;ZZZZZZZZZ)V (50 bytes) @ 0x000000000323eea4 [0x000000000323ebe0+0x2c4]
J 2720 C1 com.sun.javafx.tk.quantum.GlassViewEventHandler$MouseEventNotification.run()Ljava/lang/Void; (624 bytes) @ 0x000000000328e4f4 [0x000000000328d480+0x1074]
J 2719 C1 com.sun.javafx.tk.quantum.GlassViewEventHandler$MouseEventNotification.run()Ljava/lang/Object; (5 bytes) @ 0x000000000328d00c [0x000000000328cf80+0x8c]
v  ~StubRoutines::call_stub
J 1534  java.security.AccessController.doPrivileged(Ljava/security/PrivilegedAction;Ljava/security/AccessControlContext;)Ljava/lang/Object; (0 bytes) @ 0x0000000002f35326 [0x0000000002f352c0+0x66]
J 2611 C1 com.sun.javafx.tk.quantum.GlassViewEventHandler$$Lambda$168.get()Ljava/lang/Object; (8 bytes) @ 0x000000000323a03c [0x0000000003239e60+0x1dc]
J 2317 C1 com.sun.javafx.tk.quantum.QuantumToolkit.runWithoutRenderLock(Ljava/util/function/Supplier;)Ljava/lang/Object; (49 bytes) @ 0x000000000313ae5c [0x000000000313a920+0x53c]
J 2608 C1 com.sun.javafx.tk.quantum.GlassViewEventHandler.handleMouseEvent(Lcom/sun/glass/ui/View;JIIIIIIIZZ)V (108 bytes) @ 0x0000000003239294 [0x0000000003238e80+0x414]
J 2356 C1 com.sun.glass.ui.View.notifyMouse(IIIIIIIZZ)V (221 bytes) @ 0x0000000003150a6c [0x000000000314f9a0+0x10cc]
v  ~StubRoutines::call_stub
j  com.sun.glass.ui.win.WinApplication._runLoop(Ljava/lang/Runnable;)V+0
j  com.sun.glass.ui.win.WinApplication.lambda$null$4(ILjava/lang/Runnable;)V+8
j  com.sun.glass.ui.win.WinApplication$$Lambda$38.run()V+12
j  java.lang.Thread.run()V+11
v  ~StubRoutines::call_stub

---------------  P R O C E S S  ---------------

Java Threads: ( => current thread )
  0x0000000019783800 JavaThread "Direct Clip" daemon [_thread_blocked, id=14296, stack(0x0000000030160000,0x0000000030260000)]
  0x0000000019785000 JavaThread "Java Sound Event Dispatcher" daemon [_thread_blocked, id=4036, stack(0x000000002e1e0000,0x000000002e2e0000)]
  0x0000000019781000 JavaThread "Timer-0" daemon [_thread_blocked, id=13048, stack(0x000000002d1c0000,0x000000002d2c0000)]
  0x0000000019773000 JavaThread "Media Resource Disposer" daemon [_thread_blocked, id=13376, stack(0x00000000284f0000,0x00000000285f0000)]
  0x000000001977d000 JavaThread "JFXMedia Player EventQueueThread" daemon [_thread_blocked, id=9288, stack(0x00000000282a0000,0x00000000283a0000)]
  0x000000001a85f800 JavaThread "Prism Font Disposer" daemon [_thread_blocked, id=8308, stack(0x0000000023640000,0x0000000023740000)]
  0x000000001a741000 JavaThread "Thread-3" daemon [_thread_in_native, id=3112, stack(0x0000000021eb0000,0x0000000021fb0000)]
  0x000000001a73d000 JavaThread "JavaFX-Launcher" [_thread_blocked, id=13496, stack(0x0000000021fb0000,0x00000000220b0000)]
=>0x000000001a687800 JavaThread "JavaFX Application Thread" [_thread_in_native, id=3600, stack(0x000000001b2e0000,0x000000001b3e0000)]
  0x000000001a67b800 JavaThread "Thread-1" daemon [_thread_blocked, id=14216, stack(0x000000001b1e0000,0x000000001b2e0000)]
  0x000000001a657000 JavaThread "QuantumRenderer-0" daemon [_thread_blocked, id=8988, stack(0x000000001aed0000,0x000000001afd0000)]
  0x0000000019704800 JavaThread "Service Thread" daemon [_thread_blocked, id=3096, stack(0x000000001a3d0000,0x000000001a4d0000)]
  0x00000000196ed000 JavaThread "C1 CompilerThread3" daemon [_thread_blocked, id=7400, stack(0x000000001a2d0000,0x000000001a3d0000)]
  0x00000000196e8800 JavaThread "C2 CompilerThread2" daemon [_thread_blocked, id=13104, stack(0x000000001a1d0000,0x000000001a2d0000)]
  0x00000000196e5800 JavaThread "C2 CompilerThread1" daemon [_thread_blocked, id=11440, stack(0x000000001a0d0000,0x000000001a1d0000)]
  0x00000000196e2800 JavaThread "C2 CompilerThread0" daemon [_thread_blocked, id=4076, stack(0x0000000019fd0000,0x000000001a0d0000)]
  0x00000000196df800 JavaThread "Attach Listener" daemon [_thread_blocked, id=1916, stack(0x0000000019ed0000,0x0000000019fd0000)]
  0x00000000178ee800 JavaThread "Signal Dispatcher" daemon [_thread_blocked, id=4224, stack(0x0000000019dd0000,0x0000000019ed0000)]
  0x0000000002a8e000 JavaThread "Finalizer" daemon [_thread_blocked, id=8816, stack(0x0000000019bb0000,0x0000000019cb0000)]
  0x00000000196d0800 JavaThread "Reference Handler" daemon [_thread_blocked, id=13656, stack(0x0000000019ab0000,0x0000000019bb0000)]
  0x0000000002993000 JavaThread "main" [_thread_blocked, id=13428, stack(0x0000000002890000,0x0000000002990000)]

Other Threads:
  0x00000000178da000 VMThread [stack: 0x00000000195b0000,0x00000000196b0000] [id=5564]
  0x000000001979a800 WatcherThread [stack: 0x000000001a4d0000,0x000000001a5d0000] [id=12568]

VM state:not at safepoint (normal execution)

VM Mutex/Monitor currently owned by a thread: None

heap address: 0x0000000083c00000, size: 1988 MB, Compressed Oops mode: 32-bit
Narrow klass base: 0x0000000000000000, Narrow klass shift: 3
Compressed class space size: 1073741824 Address: 0x0000000100000000

Heap:
 PSYoungGen      total 42496K, used 18329K [0x00000000d6980000, 0x00000000da100000, 0x0000000100000000)
  eden space 29184K, 62% used [0x00000000d6980000,0x00000000d7b2e408,0x00000000d8600000)
  from space 13312K, 1% used [0x00000000d8680000,0x00000000d86b8000,0x00000000d9380000)
  to   space 13824K, 0% used [0x00000000d9380000,0x00000000d9380000,0x00000000da100000)
 ParOldGen       total 86016K, used 24549K [0x0000000083c00000, 0x0000000089000000, 0x00000000d6980000)
  object space 86016K, 28% used [0x0000000083c00000,0x00000000853f97f0,0x0000000089000000)
 Metaspace       used 19270K, capacity 19990K, committed 20224K, reserved 1067008K
  class space    used 2548K, capacity 2740K, committed 2816K, reserved 1048576K

Card table byte_map: [0x0000000011e50000,0x0000000012240000] byte_map_base: 0x0000000011a32000

Marking Bits: (ParMarkBitMap*) 0x0000000071e6be30
 Begin Bits: [0x0000000012ce0000, 0x0000000014bf0000)
 End Bits:   [0x0000000014bf0000, 0x0000000016b00000)

Polling page: 0x0000000000a10000

CodeCache: size=245760Kb used=8386Kb max_used=8410Kb free=237373Kb
 bounds [0x0000000002a90000, 0x00000000032d0000, 0x0000000011a90000]
 total_blobs=3539 nmethods=2798 adapters=653
 compilation: enabled

Compilation events (10 events):
Event: 25.474 Thread 0x00000000196e2800 2806   !   4       java.util.zip.InflaterInputStream::read (138 bytes)
Event: 25.486 Thread 0x00000000196e5800 2807       4       java.io.FileOutputStream::write (12 bytes)
Event: 25.486 Thread 0x00000000196e5800 nmethod 2807 0x00000000032c1950 code [0x00000000032c1aa0, 0x00000000032c1b28]
Event: 25.487 Thread 0x00000000196e8800 2808       4       java.io.FilterInputStream::read (11 bytes)
Event: 25.488 Thread 0x00000000196e2800 nmethod 2806 0x00000000032c7650 code [0x00000000032c7800, 0x00000000032c8e88]
Event: 25.494 Thread 0x00000000196e8800 nmethod 2808 0x00000000032c20d0 code [0x00000000032c2280, 0x00000000032c3018]
Event: 25.659 Thread 0x00000000196e5800 2809   !   4       java.util.zip.ZipFile$ZipFileInputStream::close (110 bytes)
Event: 25.671 Thread 0x00000000196e5800 nmethod 2809 0x00000000032c9a50 code [0x00000000032c9be0, 0x00000000032ca838]
Event: 25.672 Thread 0x00000000196ed000 2810   !   3       sun.misc.Resource::getBytes (242 bytes)
Event: 25.673 Thread 0x00000000196ed000 nmethod 2810 0x00000000032c4d50 code [0x00000000032c5040, 0x00000000032c69a8]

GC Heap History (10 events):
Event: 17.061 GC heap before
{Heap before GC invocations=7 (full 0):
 PSYoungGen      total 44544K, used 36896K [0x00000000d6980000, 0x00000000da380000, 0x0000000100000000)
  eden space 31744K, 100% used [0x00000000d6980000,0x00000000d8880000,0x00000000d8880000)
  from space 12800K, 40% used [0x00000000d9700000,0x00000000d9c08060,0x00000000da380000)
  to   space 13824K, 0% used [0x00000000d8880000,0x00000000d8880000,0x00000000d9600000)
 ParOldGen       total 86016K, used 13345K [0x0000000083c00000, 0x0000000089000000, 0x00000000d6980000)
  object space 86016K, 15% used [0x0000000083c00000,0x00000000849085b0,0x0000000089000000)
 Metaspace       used 18017K, capacity 18704K, committed 18816K, reserved 1064960K
  class space    used 2442K, capacity 2629K, committed 2688K, reserved 1048576K
Event: 17.066 GC heap after
Heap after GC invocations=7 (full 0):
 PSYoungGen      total 45056K, used 2146K [0x00000000d6980000, 0x00000000da400000, 0x0000000100000000)
  eden space 31232K, 0% used [0x00000000d6980000,0x00000000d6980000,0x00000000d8800000)
  from space 13824K, 15% used [0x00000000d8880000,0x00000000d8a988a8,0x00000000d9600000)
  to   space 14336K, 0% used [0x00000000d9600000,0x00000000d9600000,0x00000000da400000)
 ParOldGen       total 86016K, used 18326K [0x0000000083c00000, 0x0000000089000000, 0x00000000d6980000)
  object space 86016K, 21% used [0x0000000083c00000,0x0000000084de5840,0x0000000089000000)
 Metaspace       used 18017K, capacity 18704K, committed 18816K, reserved 1064960K
  class space    used 2442K, capacity 2629K, committed 2688K, reserved 1048576K
}
Event: 18.996 GC heap before
{Heap before GC invocations=8 (full 0):
 PSYoungGen      total 45056K, used 33378K [0x00000000d6980000, 0x00000000da400000, 0x0000000100000000)
  eden space 31232K, 100% used [0x00000000d6980000,0x00000000d8800000,0x00000000d8800000)
  from space 13824K, 15% used [0x00000000d8880000,0x00000000d8a988a8,0x00000000d9600000)
  to   space 14336K, 0% used [0x00000000d9600000,0x00000000d9600000,0x00000000da400000)
 ParOldGen       total 86016K, used 18326K [0x0000000083c00000, 0x0000000089000000, 0x00000000d6980000)
  object space 86016K, 21% used [0x0000000083c00000,0x0000000084de5840,0x0000000089000000)
 Metaspace       used 18106K, capacity 18768K, committed 19072K, reserved 1064960K
  class space    used 2442K, capacity 2629K, committed 2688K, reserved 1048576K
Event: 18.998 GC heap after
Heap after GC invocations=8 (full 0):
 PSYoungGen      total 43520K, used 3940K [0x00000000d6980000, 0x00000000da280000, 0x0000000100000000)
  eden space 30720K, 0% used [0x00000000d6980000,0x00000000d6980000,0x00000000d8780000)
  from space 12800K, 30% used [0x00000000d9600000,0x00000000d99d9150,0x00000000da280000)
  to   space 13824K, 0% used [0x00000000d8780000,0x00000000d8780000,0x00000000d9500000)
 ParOldGen       total 86016K, used 18390K [0x0000000083c00000, 0x0000000089000000, 0x00000000d6980000)
  object space 86016K, 21% used [0x0000000083c00000,0x0000000084df5840,0x0000000089000000)
 Metaspace       used 18106K, capacity 18768K, committed 19072K, reserved 1064960K
  class space    used 2442K, capacity 2629K, committed 2688K, reserved 1048576K
}
Event: 20.930 GC heap before
{Heap before GC invocations=9 (full 0):
 PSYoungGen      total 43520K, used 34660K [0x00000000d6980000, 0x00000000da280000, 0x0000000100000000)
  eden space 30720K, 100% used [0x00000000d6980000,0x00000000d8780000,0x00000000d8780000)
  from space 12800K, 30% used [0x00000000d9600000,0x00000000d99d9150,0x00000000da280000)
  to   space 13824K, 0% used [0x00000000d8780000,0x00000000d8780000,0x00000000d9500000)
 ParOldGen       total 86016K, used 18390K [0x0000000083c00000, 0x0000000089000000, 0x00000000d6980000)
  object space 86016K, 21% used [0x0000000083c00000,0x0000000084df5840,0x0000000089000000)
 Metaspace       used 18146K, capacity 18768K, committed 19072K, reserved 1064960K
  class space    used 2442K, capacity 2629K, committed 2688K, reserved 1048576K
Event: 20.932 GC heap after
Heap after GC invocations=9 (full 0):
 PSYoungGen      total 34304K, used 3972K [0x00000000d6980000, 0x00000000da100000, 0x0000000100000000)
  eden space 30208K, 0% used [0x00000000d6980000,0x00000000d6980000,0x00000000d8700000)
  from space 4096K, 96% used [0x00000000d8780000,0x00000000d8b61150,0x00000000d8b80000)
  to   space 13312K, 0% used [0x00000000d9400000,0x00000000d9400000,0x00000000da100000)
 ParOldGen       total 86016K, used 18422K [0x0000000083c00000, 0x0000000089000000, 0x00000000d6980000)
  object space 86016K, 21% used [0x0000000083c00000,0x0000000084dfd840,0x0000000089000000)
 Metaspace       used 18146K, capacity 18768K, committed 19072K, reserved 1064960K
  class space    used 2442K, capacity 2629K, committed 2688K, reserved 1048576K
}
Event: 22.731 GC heap before
{Heap before GC invocations=10 (full 0):
 PSYoungGen      total 34304K, used 34180K [0x00000000d6980000, 0x00000000da100000, 0x0000000100000000)
  eden space 30208K, 100% used [0x00000000d6980000,0x00000000d8700000,0x00000000d8700000)
  from space 4096K, 96% used [0x00000000d8780000,0x00000000d8b61150,0x00000000d8b80000)
  to   space 13312K, 0% used [0x00000000d9400000,0x00000000d9400000,0x00000000da100000)
 ParOldGen       total 86016K, used 18422K [0x0000000083c00000, 0x0000000089000000, 0x00000000d6980000)
  object space 86016K, 21% used [0x0000000083c00000,0x0000000084dfd840,0x0000000089000000)
 Metaspace       used 18242K, capacity 18966K, committed 19072K, reserved 1064960K
  class space    used 2447K, capacity 2630K, committed 2688K, reserved 1048576K
Event: 22.734 GC heap after
Heap after GC invocations=10 (full 0):
 PSYoungGen      total 42496K, used 2523K [0x00000000d6980000, 0x00000000da080000, 0x0000000100000000)
  eden space 29696K, 0% used [0x00000000d6980000,0x00000000d6980000,0x00000000d8680000)
  from space 12800K, 19% used [0x00000000d9400000,0x00000000d9676e60,0x00000000da080000)
  to   space 13312K, 0% used [0x00000000d8680000,0x00000000d8680000,0x00000000d9380000)
 ParOldGen       total 86016K, used 22226K [0x0000000083c00000, 0x0000000089000000, 0x00000000d6980000)
  object space 86016K, 25% used [0x0000000083c00000,0x00000000851b4990,0x0000000089000000)
 Metaspace       used 18242K, capacity 18966K, committed 19072K, reserved 1064960K
  class space    used 2447K, capacity 2630K, committed 2688K, reserved 1048576K
}
Event: 24.632 GC heap before
{Heap before GC invocations=11 (full 0):
 PSYoungGen      total 42496K, used 32219K [0x00000000d6980000, 0x00000000da080000, 0x0000000100000000)
  eden space 29696K, 100% used [0x00000000d6980000,0x00000000d8680000,0x00000000d8680000)
  from space 12800K, 19% used [0x00000000d9400000,0x00000000d9676e60,0x00000000da080000)
  to   space 13312K, 0% used [0x00000000d8680000,0x00000000d8680000,0x00000000d9380000)
 ParOldGen       total 86016K, used 22226K [0x0000000083c00000, 0x0000000089000000, 0x00000000d6980000)
  object space 86016K, 25% used [0x0000000083c00000,0x00000000851b4990,0x0000000089000000)
 Metaspace       used 18367K, capacity 19058K, committed 19328K, reserved 1067008K
  class space    used 2452K, capacity 2640K, committed 2688K, reserved 1048576K
Event: 24.634 GC heap after
Heap after GC invocations=11 (full 0):
 PSYoungGen      total 42496K, used 224K [0x00000000d6980000, 0x00000000da100000, 0x0000000100000000)
  eden space 29184K, 0% used [0x00000000d6980000,0x00000000d6980000,0x00000000d8600000)
  from space 13312K, 1% used [0x00000000d8680000,0x00000000d86b8000,0x00000000d9380000)
  to   space 13824K, 0% used [0x00000000d9380000,0x00000000d9380000,0x00000000da100000)
 ParOldGen       total 86016K, used 24549K [0x0000000083c00000, 0x0000000089000000, 0x00000000d6980000)
  object space 86016K, 28% used [0x0000000083c00000,0x00000000853f97f0,0x0000000089000000)
 Metaspace       used 18367K, capacity 19058K, committed 19328K, reserved 1067008K
  class space    used 2452K, capacity 2640K, committed 2688K, reserved 1048576K
}

Deoptimization events (10 events):
Event: 16.636 Thread 0x000000001a687800 Uncommon trap: reason=bimorphic action=maybe_recompile pc=0x0000000002dfb094 method=java.io.DataInputStream.readShort()S @ 4
Event: 16.636 Thread 0x000000001a687800 Uncommon trap: reason=bimorphic action=maybe_recompile pc=0x0000000002dfb094 method=java.io.DataInputStream.readShort()S @ 4
Event: 21.577 Thread 0x000000001a687800 Uncommon trap: reason=unstable_if action=reinterpret pc=0x000000000310370c method=com.sun.javafx.geom.RectBounds.deriveWithNewBounds(Lcom/sun/javafx/geom/BaseBounds;)Lcom/sun/javafx/geom/BaseBounds; @ 4
Event: 21.577 Thread 0x000000001a657000 Uncommon trap: reason=unstable_if action=reinterpret pc=0x000000000314d438 method=com.sun.javafx.sg.prism.NGNode.getOpaqueRegion()Lcom/sun/javafx/geom/RectBounds; @ 39
Event: 25.076 Thread 0x000000001a687800 Uncommon trap: reason=class_check action=maybe_recompile pc=0x0000000002e1ffc4 method=java.util.HashMap.putVal(ILjava/lang/Object;Ljava/lang/Object;ZZ)Ljava/lang/Object; @ 253
Event: 25.076 Thread 0x000000001a687800 Uncommon trap: reason=class_check action=maybe_recompile pc=0x0000000002e1ffc4 method=java.util.HashMap.putVal(ILjava/lang/Object;Ljava/lang/Object;ZZ)Ljava/lang/Object; @ 253
Event: 25.076 Thread 0x000000001a687800 Uncommon trap: reason=class_check action=maybe_recompile pc=0x0000000002e1ffc4 method=java.util.HashMap.putVal(ILjava/lang/Object;Ljava/lang/Object;ZZ)Ljava/lang/Object; @ 253
Event: 25.076 Thread 0x000000001a687800 Uncommon trap: reason=class_check action=maybe_recompile pc=0x0000000002e1ffc4 method=java.util.HashMap.putVal(ILjava/lang/Object;Ljava/lang/Object;ZZ)Ljava/lang/Object; @ 253
Event: 25.076 Thread 0x000000001a687800 Uncommon trap: reason=class_check action=maybe_recompile pc=0x0000000002e1ce70 method=java.util.HashMap.putVal(ILjava/lang/Object;Ljava/lang/Object;ZZ)Ljava/lang/Object; @ 253
Event: 25.378 Thread 0x000000001a687800 Uncommon trap: reason=unstable_if action=reinterpret pc=0x0000000002ccc918 method=sun.nio.cs.UTF_8$Encoder.encode([CII[B)I @ 33

Classes redefined (0 events):
No events

Internal exceptions (10 events):
Event: 0.474 Thread 0x000000001a687800 Exception <a 'java/lang/NullPointerException'> (0x00000000d76ed668) thrown at [C:\ade\jenkins\workspace\8-2-build-windows-amd64-cygwin\jdk8u241\331\hotspot\src\share\vm\prims\jvm.cpp, line 1506]
Event: 0.622 Thread 0x000000001a687800 Exception <a 'java/lang/ArrayIndexOutOfBoundsException'> (0x00000000d7dd0e78) thrown at [C:\ade\jenkins\workspace\8-2-build-windows-amd64-cygwin\jdk8u241\331\hotspot\src\share\vm\runtime\sharedRuntime.cpp, line 605]
Event: 0.623 Thread 0x000000001a687800 Exception <a 'java/lang/ArrayIndexOutOfBoundsException'> (0x00000000d7dd1990) thrown at [C:\ade\jenkins\workspace\8-2-build-windows-amd64-cygwin\jdk8u241\331\hotspot\src\share\vm\runtime\sharedRuntime.cpp, line 605]
Event: 0.623 Thread 0x000000001a687800 Exception <a 'java/lang/ArrayIndexOutOfBoundsException'> (0x00000000d7dd2d38) thrown at [C:\ade\jenkins\workspace\8-2-build-windows-amd64-cygwin\jdk8u241\331\hotspot\src\share\vm\runtime\sharedRuntime.cpp, line 605]
Event: 0.654 Thread 0x000000001a687800 Exception <a 'java/lang/ArrayIndexOutOfBoundsException'> (0x00000000d80f9328) thrown at [C:\ade\jenkins\workspace\8-2-build-windows-amd64-cygwin\jdk8u241\331\hotspot\src\share\vm\runtime\sharedRuntime.cpp, line 605]
Event: 0.765 Thread 0x000000001a687800 Implicit null exception at 0x0000000002d6aa35 to 0x0000000002d6ac45
Event: 0.880 Thread 0x000000001a687800 Exception <a 'java/io/FileNotFoundException'> (0x00000000d6d6cf08) thrown at [C:\ade\jenkins\workspace\8-2-build-windows-amd64-cygwin\jdk8u241\331\hotspot\src\share\vm\prims\jni.cpp, line 710]
Event: 10.894 Thread 0x000000001a687800 Implicit null exception at 0x0000000002cf1916 to 0x0000000002cf1cb9
Event: 10.895 Thread 0x000000001a687800 Implicit null exception at 0x0000000002ca8d56 to 0x0000000002ca90f1
Event: 10.903 Thread 0x000000001a687800 Exception <a 'java/lang/NullPointerException'> (0x00000000d7860998) thrown at [C:\ade\jenkins\workspace\8-2-build-windows-amd64-cygwin\jdk8u241\331\hotspot\src\share\vm\interpreter\linkResolver.cpp, line 1287]

Events (10 events):
Event: 25.672 loading class com/xuggle/xuggler/IAudioSamples$Format$SwigNext
Event: 25.672 loading class com/xuggle/xuggler/IAudioSamples$Format$SwigNext done
Event: 25.672 loading class com/xuggle/xuggler/IRational
Event: 25.672 loading class com/xuggle/xuggler/IRational done
Event: 25.673 loading class com/xuggle/xuggler/IContainer$Type
Event: 25.673 loading class com/xuggle/xuggler/IContainer$Type done
Event: 25.673 loading class com/xuggle/xuggler/IContainer$Type$SwigNext
Event: 25.673 loading class com/xuggle/xuggler/IContainer$Type$SwigNext done
Event: 25.673 loading class com/xuggle/xuggler/IContainerFormat
Event: 25.673 loading class com/xuggle/xuggler/IContainerFormat done


Dynamic libraries:
0x00007ff6aaa90000 - 0x00007ff6aaac7000 	C:\Program Files\Java\jdk1.8.0_241\jre\bin\java.exe
0x00007ff8d7600000 - 0x00007ff8d77f0000 	C:\windows\SYSTEM32\ntdll.dll
0x00007ff8d6670000 - 0x00007ff8d6722000 	C:\windows\System32\KERNEL32.DLL
0x00007ff8d50c0000 - 0x00007ff8d5365000 	C:\windows\System32\KERNELBASE.dll
0x00007ff8d6950000 - 0x00007ff8d69f3000 	C:\windows\System32\ADVAPI32.dll
0x00007ff8d7520000 - 0x00007ff8d75be000 	C:\windows\System32\msvcrt.dll
0x00007ff8d6c10000 - 0x00007ff8d6ca7000 	C:\windows\System32\sechost.dll
0x00007ff8d6cb0000 - 0x00007ff8d6dd0000 	C:\windows\System32\RPCRT4.dll
0x00007ff8d6730000 - 0x00007ff8d68c4000 	C:\windows\System32\USER32.dll
0x00007ff8d46b0000 - 0x00007ff8d46d1000 	C:\windows\System32\win32u.dll
0x00007ff8d74f0000 - 0x00007ff8d7516000 	C:\windows\System32\GDI32.dll
0x00007ff8d5510000 - 0x00007ff8d56a6000 	C:\windows\System32\gdi32full.dll
0x00007ff8d5420000 - 0x00007ff8d54be000 	C:\windows\System32\msvcp_win.dll
0x00007ff8d46e0000 - 0x00007ff8d47da000 	C:\windows\System32\ucrtbase.dll
0x00007ff8ba750000 - 0x00007ff8ba9d4000 	C:\windows\WinSxS\amd64_microsoft.windows.common-controls_6595b64144ccf1df_6.0.18362.1198_none_9e820b57e45ad92f\COMCTL32.dll
0x00007ff8d6f00000 - 0x00007ff8d7235000 	C:\windows\System32\combase.dll
0x00007ff8d4580000 - 0x00007ff8d4600000 	C:\windows\System32\bcryptPrimitives.dll
0x00007ff8d5ba0000 - 0x00007ff8d5bce000 	C:\windows\System32\IMM32.DLL
0x0000000071560000 - 0x0000000071632000 	C:\Program Files\Java\jdk1.8.0_241\jre\bin\msvcr100.dll
0x0000000071640000 - 0x0000000071eec000 	C:\Program Files\Java\jdk1.8.0_241\jre\bin\server\jvm.dll
0x00007ff8d6dd0000 - 0x00007ff8d6dd8000 	C:\windows\System32\PSAPI.DLL
0x00007ff8cd6a0000 - 0x00007ff8cd6a9000 	C:\windows\SYSTEM32\WSOCK32.dll
0x00007ff8d1aa0000 - 0x00007ff8d1ac4000 	C:\windows\SYSTEM32\WINMM.dll
0x00007ff8cc830000 - 0x00007ff8cc83a000 	C:\windows\SYSTEM32\VERSION.dll
0x00007ff8d6a60000 - 0x00007ff8d6acf000 	C:\windows\System32\WS2_32.dll
0x00007ff8d13b0000 - 0x00007ff8d13dd000 	C:\windows\SYSTEM32\winmmbase.dll
0x00007ff8d54c0000 - 0x00007ff8d550a000 	C:\windows\System32\cfgmgr32.dll
0x00007ff8cd5e0000 - 0x00007ff8cd5ef000 	C:\Program Files\Java\jdk1.8.0_241\jre\bin\verify.dll
0x00007ff8b9520000 - 0x00007ff8b9549000 	C:\Program Files\Java\jdk1.8.0_241\jre\bin\java.dll
0x00007ff8cce70000 - 0x00007ff8cce86000 	C:\Program Files\Java\jdk1.8.0_241\jre\bin\zip.dll
0x00007ff8d5e70000 - 0x00007ff8d6557000 	C:\windows\System32\SHELL32.dll
0x00007ff8d65c0000 - 0x00007ff8d6669000 	C:\windows\System32\shcore.dll
0x00007ff8d47e0000 - 0x00007ff8d4f61000 	C:\windows\System32\windows.storage.dll
0x00007ff8d44e0000 - 0x00007ff8d4503000 	C:\windows\System32\profapi.dll
0x00007ff8d4510000 - 0x00007ff8d455a000 	C:\windows\System32\powrprof.dll
0x00007ff8d44b0000 - 0x00007ff8d44c0000 	C:\windows\System32\UMPDC.dll
0x00007ff8d6df0000 - 0x00007ff8d6e42000 	C:\windows\System32\shlwapi.dll
0x00007ff8d4560000 - 0x00007ff8d4571000 	C:\windows\System32\kernel.appcore.dll
0x00007ff8d53d0000 - 0x00007ff8d53e7000 	C:\windows\System32\cryptsp.dll
0x0000000000e90000 - 0x0000000000e93000 	C:\Program Files\Java\jdk1.8.0_241\jre\bin\api-ms-win-core-console-l1-1-0.dll
0x0000000002700000 - 0x0000000002703000 	C:\Program Files\Java\jdk1.8.0_241\jre\bin\api-ms-win-core-datetime-l1-1-0.dll
0x0000000002710000 - 0x0000000002713000 	C:\Program Files\Java\jdk1.8.0_241\jre\bin\api-ms-win-core-debug-l1-1-0.dll
0x0000000002720000 - 0x0000000002723000 	C:\Program Files\Java\jdk1.8.0_241\jre\bin\api-ms-win-core-errorhandling-l1-1-0.dll
0x0000000002730000 - 0x0000000002734000 	C:\Program Files\Java\jdk1.8.0_241\jre\bin\api-ms-win-core-file-l1-1-0.dll
0x0000000002740000 - 0x0000000002743000 	C:\Program Files\Java\jdk1.8.0_241\jre\bin\api-ms-win-core-file-l1-2-0.dll
0x0000000002750000 - 0x0000000002753000 	C:\Program Files\Java\jdk1.8.0_241\jre\bin\api-ms-win-core-file-l2-1-0.dll
0x0000000002760000 - 0x0000000002763000 	C:\Program Files\Java\jdk1.8.0_241\jre\bin\api-ms-win-core-handle-l1-1-0.dll
0x0000000002770000 - 0x0000000002773000 	C:\Program Files\Java\jdk1.8.0_241\jre\bin\api-ms-win-core-heap-l1-1-0.dll
0x0000000002790000 - 0x0000000002793000 	C:\Program Files\Java\jdk1.8.0_241\jre\bin\api-ms-win-core-interlocked-l1-1-0.dll
0x00000000027a0000 - 0x00000000027a3000 	C:\Program Files\Java\jdk1.8.0_241\jre\bin\api-ms-win-core-libraryloader-l1-1-0.dll
0x00000000027b0000 - 0x00000000027b3000 	C:\Program Files\Java\jdk1.8.0_241\jre\bin\api-ms-win-core-localization-l1-2-0.dll
0x00000000027c0000 - 0x00000000027c3000 	C:\Program Files\Java\jdk1.8.0_241\jre\bin\api-ms-win-core-memory-l1-1-0.dll
0x00000000027d0000 - 0x00000000027d3000 	C:\Program Files\Java\jdk1.8.0_241\jre\bin\api-ms-win-core-namedpipe-l1-1-0.dll
0x00000000027e0000 - 0x00000000027e3000 	C:\Program Files\Java\jdk1.8.0_241\jre\bin\api-ms-win-core-processenvironment-l1-1-0.dll
0x00000000027f0000 - 0x00000000027f3000 	C:\Program Files\Java\jdk1.8.0_241\jre\bin\api-ms-win-core-processthreads-l1-1-0.dll
0x0000000002800000 - 0x0000000002803000 	C:\Program Files\Java\jdk1.8.0_241\jre\bin\api-ms-win-core-processthreads-l1-1-1.dll
0x0000000002810000 - 0x0000000002813000 	C:\Program Files\Java\jdk1.8.0_241\jre\bin\api-ms-win-core-profile-l1-1-0.dll
0x0000000002820000 - 0x0000000002823000 	C:\Program Files\Java\jdk1.8.0_241\jre\bin\api-ms-win-core-rtlsupport-l1-1-0.dll
0x0000000002830000 - 0x0000000002833000 	C:\Program Files\Java\jdk1.8.0_241\jre\bin\api-ms-win-core-string-l1-1-0.dll
0x0000000002840000 - 0x0000000002843000 	C:\Program Files\Java\jdk1.8.0_241\jre\bin\api-ms-win-core-synch-l1-1-0.dll
0x0000000002850000 - 0x0000000002853000 	C:\Program Files\Java\jdk1.8.0_241\jre\bin\api-ms-win-core-synch-l1-2-0.dll
0x0000000002860000 - 0x0000000002863000 	C:\Program Files\Java\jdk1.8.0_241\jre\bin\api-ms-win-core-sysinfo-l1-1-0.dll
0x0000000002870000 - 0x0000000002873000 	C:\Program Files\Java\jdk1.8.0_241\jre\bin\api-ms-win-core-timezone-l1-1-0.dll
0x000000001add0000 - 0x000000001add3000 	C:\Program Files\Java\jdk1.8.0_241\jre\bin\api-ms-win-core-util-l1-1-0.dll
0x000000001ade0000 - 0x000000001ade3000 	C:\Program Files\Java\jdk1.8.0_241\jre\bin\api-ms-win-crt-conio-l1-1-0.dll
0x000000001adf0000 - 0x000000001adf4000 	C:\Program Files\Java\jdk1.8.0_241\jre\bin\api-ms-win-crt-convert-l1-1-0.dll
0x000000001ae00000 - 0x000000001ae03000 	C:\Program Files\Java\jdk1.8.0_241\jre\bin\api-ms-win-crt-environment-l1-1-0.dll
0x000000001ae10000 - 0x000000001ae13000 	C:\Program Files\Java\jdk1.8.0_241\jre\bin\api-ms-win-crt-filesystem-l1-1-0.dll
0x000000001ae20000 - 0x000000001ae23000 	C:\Program Files\Java\jdk1.8.0_241\jre\bin\api-ms-win-crt-heap-l1-1-0.dll
0x000000001ae30000 - 0x000000001ae33000 	C:\Program Files\Java\jdk1.8.0_241\jre\bin\api-ms-win-crt-locale-l1-1-0.dll
0x000000001ae40000 - 0x000000001ae45000 	C:\Program Files\Java\jdk1.8.0_241\jre\bin\api-ms-win-crt-math-l1-1-0.dll
0x000000001ae50000 - 0x000000001ae55000 	C:\Program Files\Java\jdk1.8.0_241\jre\bin\api-ms-win-crt-multibyte-l1-1-0.dll
0x000000001ae60000 - 0x000000001ae70000 	C:\Program Files\Java\jdk1.8.0_241\jre\bin\api-ms-win-crt-private-l1-1-0.dll
0x000000001ae70000 - 0x000000001ae73000 	C:\Program Files\Java\jdk1.8.0_241\jre\bin\api-ms-win-crt-process-l1-1-0.dll
0x000000001ae80000 - 0x000000001ae84000 	C:\Program Files\Java\jdk1.8.0_241\jre\bin\api-ms-win-crt-runtime-l1-1-0.dll
0x000000001ae90000 - 0x000000001ae94000 	C:\Program Files\Java\jdk1.8.0_241\jre\bin\api-ms-win-crt-stdio-l1-1-0.dll
0x000000001aea0000 - 0x000000001aea4000 	C:\Program Files\Java\jdk1.8.0_241\jre\bin\api-ms-win-crt-string-l1-1-0.dll
0x000000001aeb0000 - 0x000000001aeb3000 	C:\Program Files\Java\jdk1.8.0_241\jre\bin\api-ms-win-crt-time-l1-1-0.dll
0x000000001aec0000 - 0x000000001aec3000 	C:\Program Files\Java\jdk1.8.0_241\jre\bin\api-ms-win-crt-utility-l1-1-0.dll
0x00007ff8b99c0000 - 0x00007ff8b9abc000 	C:\Program Files\Java\jdk1.8.0_241\jre\bin\ucrtbase.dll
0x00007ff8d0bd0000 - 0x00007ff8d0be5000 	C:\Program Files\Java\jdk1.8.0_241\jre\bin\vcruntime140.dll
0x00007ff8b9af0000 - 0x00007ff8b9b8b000 	C:\Program Files\Java\jdk1.8.0_241\jre\bin\msvcp140.dll
0x00007ff8b6d80000 - 0x00007ff8b6dd1000 	C:\Program Files\Java\jdk1.8.0_241\jre\bin\concrt140.dll
0x00007ff8cdfa0000 - 0x00007ff8cdfc3000 	C:\Program Files\Java\jdk1.8.0_241\jre\bin\prism_d3d.dll
0x00007ff89d2b0000 - 0x00007ff89d477000 	C:\windows\system32\d3d9.dll
0x00007ff8d2830000 - 0x00007ff8d285d000 	C:\windows\SYSTEM32\dwmapi.dll
0x00007ff8d30f0000 - 0x00007ff8d3110000 	C:\windows\SYSTEM32\dxcore.dll
0x00007ff8d2400000 - 0x00007ff8d2499000 	C:\windows\system32\uxtheme.dll
0x00007ff89d140000 - 0x00007ff89d2a5000 	C:\windows\System32\DriverStore\FileRepository\iigd_dch.inf_amd64_c84afe165d971f24\igdumdim64.dll
0x00007ff8d5d10000 - 0x00007ff8d5e67000 	C:\windows\System32\ole32.dll
0x00007ff8989c0000 - 0x00007ff89d140000 	C:\windows\System32\DriverStore\FileRepository\iigd_dch.inf_amd64_c84afe165d971f24\igd9dxva64.dll
0x00007ff8d5bd0000 - 0x00007ff8d5c95000 	C:\windows\System32\OLEAUT32.dll
0x00007ff8d56b0000 - 0x00007ff8d5b20000 	C:\windows\System32\SETUPAPI.dll
0x00007ff8d53f0000 - 0x00007ff8d5416000 	C:\windows\System32\bcrypt.dll
0x00007ff8c9f90000 - 0x00007ff8ca1e8000 	C:\windows\System32\DriverStore\FileRepository\iigd_dch.inf_amd64_c84afe165d971f24\igdgmm64.dll
0x00007ff8b6d30000 - 0x00007ff8b6d75000 	C:\Program Files\Java\jdk1.8.0_241\jre\bin\glass.dll
0x00007ff8d7420000 - 0x00007ff8d74f0000 	C:\windows\System32\COMDLG32.dll
0x00007ff8d6ad0000 - 0x00007ff8d6c05000 	C:\windows\System32\MSCTF.dll
0x00007ff8a9850000 - 0x00007ff8a9877000 	C:\windows\System32\DriverStore\FileRepository\iigd_dch.inf_amd64_c84afe165d971f24\igdinfo64.dll
0x00007ff8c2d20000 - 0x00007ff8c5a00000 	C:\windows\System32\DriverStore\FileRepository\iigd_dch.inf_amd64_c84afe165d971f24\igc64.dll
0x00007ff8ca6d0000 - 0x00007ff8ca6e4000 	C:\Program Files\Java\jdk1.8.0_241\jre\bin\javafx_font.dll
0x00007ff8bc960000 - 0x00007ff8bcc5e000 	C:\windows\SYSTEM32\dwrite.dll
0x00007ff8d6e50000 - 0x00007ff8d6ef2000 	C:\windows\System32\clbcatq.dll
0x00007ff8ce800000 - 0x00007ff8ce9af000 	C:\windows\SYSTEM32\WindowsCodecs.dll
0x00007ff8a2150000 - 0x00007ff8a218a000 	C:\windows\system32\dataexchange.dll
0x00007ff8d13e0000 - 0x00007ff8d163b000 	C:\windows\system32\d3d11.dll
0x00007ff8d1ad0000 - 0x00007ff8d1cad000 	C:\windows\system32\dcomp.dll
0x00007ff8d3180000 - 0x00007ff8d326b000 	C:\windows\system32\dxgi.dll
0x00007ff8d24d0000 - 0x00007ff8d2732000 	C:\windows\system32\twinapi.appcore.dll
0x00007ff8d29f0000 - 0x00007ff8d2a19000 	C:\windows\system32\RMCLIENT.dll
0x00007ff8b9980000 - 0x00007ff8b99b3000 	C:\Program Files\Common Files\Microsoft Shared\Ink\rtscom.dll
0x00007ff8be770000 - 0x00007ff8be80e000 	C:\windows\System32\TextInputFramework.dll
0x00007ff8d1d80000 - 0x00007ff8d1e54000 	C:\windows\System32\CoreMessaging.dll
0x00007ff8cfa40000 - 0x00007ff8cfd6a000 	C:\windows\System32\CoreUIComponents.dll
0x00007ff8cf7a0000 - 0x00007ff8cf8f3000 	C:\windows\SYSTEM32\wintypes.dll
0x00007ff8d34f0000 - 0x00007ff8d3521000 	C:\windows\SYSTEM32\ntmarta.dll
0x00007ff8bd020000 - 0x00007ff8bd2c7000 	C:\windows\System32\iertutil.dll
0x00007ff8ca6b0000 - 0x00007ff8ca6c1000 	C:\Program Files\Java\jdk1.8.0_241\jre\bin\prism_common.dll
0x00007ff8d0df0000 - 0x00007ff8d13b0000 	C:\windows\SYSTEM32\d2d1.dll
0x00007ff8cb990000 - 0x00007ff8cc0d1000 	C:\windows\SYSTEM32\D3D10Warp.dll
0x00007ff88c720000 - 0x00007ff88c8d3000 	C:\windows\SYSTEM32\DUI70.dll
0x00007ff88d8a0000 - 0x00007ff88d933000 	C:\windows\SYSTEM32\DUser.dll
0x00007ff8ca600000 - 0x00007ff8ca6a4000 	C:\Program Files\Common Files\microsoft shared\ink\tiptsf.dll
0x00007ff8a1ee0000 - 0x00007ff8a1f03000 	C:\windows\SYSTEM32\edputil.dll
0x00007ff8a1b80000 - 0x00007ff8a1d86000 	C:\windows\system32\explorerframe.dll
0x00007ff8a1f10000 - 0x00007ff8a1f6e000 	C:\Windows\System32\thumbcache.dll
0x00007ff8cfef0000 - 0x00007ff8cff79000 	C:\windows\SYSTEM32\policymanager.dll
0x00007ff8d0c90000 - 0x00007ff8d0d1a000 	C:\windows\SYSTEM32\msvcp110_win.dll

VM Arguments:
jvm_args: -Dfile.encoding=UTF-8 -Djava.net.preferIPv4Stack=true 
java_command: App
java_class_path (initial): C:\Users\edwin\OneDrive\Documentos\GitKraken\VideoCode\libs\xuggle-xuggler-5.4.jar;C:\Users\edwin\OneDrive\Documentos\GitKraken\VideoCode\libs\jaco-mp3-player-0.9.3.jar;C:\Users\edwin\OneDrive\Documentos\GitKraken\VideoCode\libs\slf4j-api-1.7.30.jar;C:\Users\edwin\OneDrive\Documentos\GitKraken\VideoCode\libs\slf4j-simple-1.7.30.jar;C:\Users\edwin\OneDrive\Documentos\GitKraken\Editor-De-Videos\VideoCode\build\classes
Launcher Type: SUN_STANDARD

Environment Variables:
JAVA_HOME=C:\Users\edwin\AppData\Local\Programs\AdoptOpenJDK\jdk-11.0.9.11-hotspot\
_JAVA_OPTIONS=-Djava.net.preferIPv4Stack=true
PATH=C:\Program Files\Common Files\Oracle\Java\javapath;C:\Program Files (x86)\Common Files\Oracle\Java\javapath;C:\windows\system32;C:\windows;C:\windows\System32\Wbem;C:\windows\System32\WindowsPowerShell\v1.0\;C:\windows\System32\OpenSSH\;C:\Program Files\MATLAB\R2019b;C:\Program Files\Git\cmd;C:\Program Files\apache-maven-3.6.3\bin;C:\Program Files (x86)\Microsoft SQL Server\150\DTS\Binn\;C:\Program Files\PuTTY\;C:\Program Files (x86)\Graphviz2.38\bin;C:\MinGW\bin;C:\Program Files\MATLAB\R2020a\bin;C:\Users\edwin\AppData\Local\Programs\AdoptOpenJDK\jdk-11.0.9.11-hotspot\bin;C:\Program Files\MySQL\MySQL Shell 8.0\bin\;C:\Users\edwin\AppData\Local\Microsoft\WindowsApps;C:\Program Files (x86)\Graphviz2.38\bin;C:\src\flutter\bin;
USERNAME=edwin
OS=Windows_NT
PROCESSOR_IDENTIFIER=Intel64 Family 6 Model 126 Stepping 5, GenuineIntel



---------------  S Y S T E M  ---------------

OS: Windows 10.0 , 64 bit Build 18362 (10.0.18362.1110)

CPU:total 8 (initial active 8) (4 cores per cpu, 2 threads per core) family 6 model 126 stepping 5, cmov, cx8, fxsr, mmx, sse, sse2, sse3, ssse3, sse4.1, sse4.2, popcnt, avx, avx2, aes, clmul, erms, 3dnowpref, lzcnt, ht, tsc, tscinvbit, bmi1, bmi2, adx

Memory: 4k page, physical 8136684k(1518428k free), swap 13347644k(3123972k free)

vm_info: Java HotSpot(TM) 64-Bit Server VM (25.241-b07) for windows-amd64 JRE (1.8.0_241-b07), built on Dec 11 2019 10:21:40 by "rejava" with MS VC++ 10.0 (VS2010)

time: Thu Nov 26 01:53:14 2020
timezone: Hora est. Pacífico, Sudamérica
elapsed time: 25 seconds (0d 0h 0m 25s)

