#
# A fatal error has been detected by the Java Runtime Environment:
#
#  EXCEPTION_ACCESS_VIOLATION (0xc0000005) at pc=0x000000006ee76520, pid=3984, tid=0x0000000000000e38
#
# JRE version: Java(TM) SE Runtime Environment (8.0_241-b07) (build 1.8.0_241-b07)
# Java VM: Java HotSpot(TM) 64-Bit Server VM (25.241-b07 mixed mode windows-amd64 compressed oops)
# Problematic frame:
# C  0x000000006ee76520
#
# Failed to write core dump. Minidumps are not enabled by default on client versions of Windows
#
# If you would like to submit a bug report, please visit:
#   http://bugreport.java.com/bugreport/crash.jsp
# The crash happened outside the Java Virtual Machine in native code.
# See problematic frame for where to report the bug.
#

---------------  T H R E A D  ---------------

Current thread (0x000000001afed000):  JavaThread "JavaFX Application Thread" [_thread_in_native, id=3640, stack(0x000000001bcd0000,0x000000001bdd0000)]

siginfo: ExceptionCode=0xc0000005, reading address 0xffffffffffffffff

Registers:
RAX=0x000000002e4ef110, RBX=0x000000002e4f1d40, RCX=0x000000002e4ef110, RDX=0x0000000000000009
RSP=0x000000001bdcb140, RBP=0x000000002e4ee850, RSI=0x000000002e4f0110, RDI=0x0000000000000004
R8 =0x000000006ee77580, R9 =0x000000006ee76490, R10=0x000000002bd3c880, R11=0x000000002e3635b0
R12=0x000000002e363db0, R13=0x0000000000000004, R14=0x0000000000000184, R15=0x000000006fab8f20
RIP=0x000000006ee76520, EFLAGS=0x0000000000010202

Top of Stack: (sp=0x000000001bdcb140)
0x000000001bdcb140:   000000006ee76665 000000006ee774c5
0x000000001bdcb150:   000000006ee77505 000000006ee77545
0x000000001bdcb160:   000000006ee77585 000000006ee79426
0x000000001bdcb170:   000000006fab8f20 000000002e4ef110
0x000000001bdcb180:   000000002e4f4200 0000000017bd4020
0x000000001bdcb190:   3fe0000000000000 0000000000000000
0x000000001bdcb1a0:   40c7760000000000 0000000000000000
0x000000001bdcb1b0:   3fe0000000000000 0000000000000001
0x000000001bdcb1c0:   000000002e4f5200 000000006ea45d24
0x000000001bdcb1d0:   3f40624dd2f1a9fc 0000000000000000
0x000000001bdcb1e0:   0000000000000000 0000000000000000
0x000000001bdcb1f0:   0000000000000000 0000000000000000
0x000000001bdcb200:   000000002e4fe100 000000006fab7320
0x000000001bdcb210:   0000000030fca2cd 000000002e4f1ca0
0x000000001bdcb220:   0000000000000001 000000002e4ee850
0x000000001bdcb230:   000000002e4ee8d0 0000000000000000 

Instructions: (pc=0x000000006ee76520)
0x000000006ee76500:   c4 e3 5d 0c c0 55 c5 e4 5c c8 c5 e4 58 c0 c5 fc
0x000000006ee76510:   29 01 c5 fc 29 49 20 c3 0f 1f 84 00 00 00 00 00
0x000000006ee76520:   c5 fc 28 51 40 c5 fc 28 59 60 c5 ec 5c fb c5 ec
0x000000006ee76530:   58 d3 c5 c4 57 3d 26 41 84 00 c5 ec c6 df be c5 


Register to memory mapping:

RAX=0x000000002e4ef110 is an unknown value
RBX=0x000000002e4f1d40 is an unknown value
RCX=0x000000002e4ef110 is an unknown value
RDX=0x0000000000000009 is an unknown value
RSP=0x000000001bdcb140 is pointing into the stack for thread: 0x000000001afed000
RBP=0x000000002e4ee850 is an unknown value
RSI=0x000000002e4f0110 is an unknown value
RDI=0x0000000000000004 is an unknown value
R8 =0x000000006ee77580 is an unknown value
R9 =0x000000006ee76490 is an unknown value
R10=0x000000002bd3c880 is an unknown value
R11=0x000000002e3635b0 is an unknown value
R12=0x000000002e363db0 is an unknown value
R13=0x0000000000000004 is an unknown value
R14=0x0000000000000184 is an unknown value
R15=0x000000006fab8f20 is an unknown value


Stack: [0x000000001bcd0000,0x000000001bdd0000],  sp=0x000000001bdcb140,  free space=1004k
Native frames: (J=compiled Java code, j=interpreted, Vv=VM code, C=native code)
C  0x000000006ee76520

Java frames: (J=compiled Java code, j=interpreted, Vv=VM code)
j  com.xuggle.xuggler.XugglerJNI.IContainer_open__SWIG_0(JLcom/xuggle/xuggler/IContainer;Ljava/lang/String;IJLcom/xuggle/xuggler/IContainerFormat;)I+0
j  com.xuggle.xuggler.IContainer.open(Ljava/lang/String;Lcom/xuggle/xuggler/IContainer$Type;Lcom/xuggle/xuggler/IContainerFormat;)I+15
j  GUIController.muteClick(Ljavafx/scene/input/MouseEvent;)V+135
v  ~StubRoutines::call_stub
j  sun.reflect.NativeMethodAccessorImpl.invoke0(Ljava/lang/reflect/Method;Ljava/lang/Object;[Ljava/lang/Object;)Ljava/lang/Object;+0
J 1075 C1 sun.reflect.NativeMethodAccessorImpl.invoke(Ljava/lang/Object;[Ljava/lang/Object;)Ljava/lang/Object; (104 bytes) @ 0x00000000037b78a4 [0x00000000037b6700+0x11a4]
J 786 C1 sun.reflect.DelegatingMethodAccessorImpl.invoke(Ljava/lang/Object;[Ljava/lang/Object;)Ljava/lang/Object; (10 bytes) @ 0x00000000036f3784 [0x00000000036f3680+0x104]
J 785 C1 java.lang.reflect.Method.invoke(Ljava/lang/Object;[Ljava/lang/Object;)Ljava/lang/Object; (62 bytes) @ 0x00000000036f31ac [0x00000000036f2dc0+0x3ec]
j  sun.reflect.misc.Trampoline.invoke(Ljava/lang/reflect/Method;Ljava/lang/Object;[Ljava/lang/Object;)Ljava/lang/Object;+7
j  sun.reflect.GeneratedMethodAccessor1.invoke(Ljava/lang/Object;[Ljava/lang/Object;)Ljava/lang/Object;+40
J 786 C1 sun.reflect.DelegatingMethodAccessorImpl.invoke(Ljava/lang/Object;[Ljava/lang/Object;)Ljava/lang/Object; (10 bytes) @ 0x00000000036f3784 [0x00000000036f3680+0x104]
J 785 C1 java.lang.reflect.Method.invoke(Ljava/lang/Object;[Ljava/lang/Object;)Ljava/lang/Object; (62 bytes) @ 0x00000000036f31ac [0x00000000036f2dc0+0x3ec]
j  sun.reflect.misc.MethodUtil.invoke(Ljava/lang/reflect/Method;Ljava/lang/Object;[Ljava/lang/Object;)Ljava/lang/Object;+20
j  javafx.fxml.FXMLLoader$MethodHandler.invoke([Ljava/lang/Object;)V+19
j  javafx.fxml.FXMLLoader$ControllerMethodEventHandler.handle(Ljavafx/event/Event;)V+12
J 3350 C2 com.sun.javafx.event.EventHandlerManager.dispatchBubblingEvent(Ljavafx/event/Event;)Ljavafx/event/Event; (23 bytes) @ 0x0000000003883f04 [0x0000000003883a20+0x4e4]
J 1912 C1 com.sun.javafx.event.CompositeEventDispatcher.dispatchBubblingEvent(Ljavafx/event/Event;)Ljavafx/event/Event; (35 bytes) @ 0x00000000039afadc [0x00000000039af920+0x1bc]
J 1893 C1 com.sun.javafx.event.BasicEventDispatcher.dispatchEvent(Ljavafx/event/Event;Ljavafx/event/EventDispatchChain;)Ljavafx/event/Event; (44 bytes) @ 0x00000000039a9cbc [0x00000000039a9980+0x33c]
J 3148 C2 com.sun.javafx.event.EventDispatchChainImpl.dispatchEvent(Ljavafx/event/Event;)Ljavafx/event/Event; (101 bytes) @ 0x000000000353e288 [0x000000000353e1e0+0xa8]
J 1893 C1 com.sun.javafx.event.BasicEventDispatcher.dispatchEvent(Ljavafx/event/Event;Ljavafx/event/EventDispatchChain;)Ljavafx/event/Event; (44 bytes) @ 0x00000000039a9bd4 [0x00000000039a9980+0x254]
J 3148 C2 com.sun.javafx.event.EventDispatchChainImpl.dispatchEvent(Ljavafx/event/Event;)Ljavafx/event/Event; (101 bytes) @ 0x000000000353e288 [0x000000000353e1e0+0xa8]
J 1893 C1 com.sun.javafx.event.BasicEventDispatcher.dispatchEvent(Ljavafx/event/Event;Ljavafx/event/EventDispatchChain;)Ljavafx/event/Event; (44 bytes) @ 0x00000000039a9bd4 [0x00000000039a9980+0x254]
J 3148 C2 com.sun.javafx.event.EventDispatchChainImpl.dispatchEvent(Ljavafx/event/Event;)Ljavafx/event/Event; (101 bytes) @ 0x000000000353e288 [0x000000000353e1e0+0xa8]
J 2046 C1 com.sun.javafx.event.EventUtil.fireEvent(Ljavafx/event/EventTarget;Ljavafx/event/Event;)Ljavafx/event/Event; (81 bytes) @ 0x0000000003a01f9c [0x0000000003a01860+0x73c]
J 2295 C1 javafx.scene.Scene$ClickGenerator.postProcess(Ljavafx/scene/input/MouseEvent;Ljavafx/scene/Scene$TargetWrapper;Ljavafx/scene/Scene$TargetWrapper;)V (258 bytes) @ 0x0000000003ab40dc [0x0000000003ab2840+0x189c]
J 2220 C1 javafx.scene.Scene$MouseHandler.process(Ljavafx/scene/input/MouseEvent;Z)V (735 bytes) @ 0x0000000003a6f38c [0x0000000003a6c660+0x2d2c]
J 2231 C1 javafx.scene.Scene$ScenePeerListener.mouseEvent(Ljavafx/event/EventType;DDDDLjavafx/scene/input/MouseButton;ZZZZZZZZZ)V (50 bytes) @ 0x0000000003a781e4 [0x0000000003a77f20+0x2c4]
J 2226 C1 com.sun.javafx.tk.quantum.GlassViewEventHandler$MouseEventNotification.run()Ljava/lang/Void; (624 bytes) @ 0x0000000003a749b4 [0x0000000003a73940+0x1074]
J 2225 C1 com.sun.javafx.tk.quantum.GlassViewEventHandler$MouseEventNotification.run()Ljava/lang/Object; (5 bytes) @ 0x0000000003a75d0c [0x0000000003a75c80+0x8c]
v  ~StubRoutines::call_stub
J 1586  java.security.AccessController.doPrivileged(Ljava/security/PrivilegedAction;Ljava/security/AccessControlContext;)Ljava/lang/Object; (0 bytes) @ 0x00000000038f71e6 [0x00000000038f7180+0x66]
J 2122 C1 com.sun.javafx.tk.quantum.GlassViewEventHandler$$Lambda$179.get()Ljava/lang/Object; (8 bytes) @ 0x0000000003a39cfc [0x0000000003a39b20+0x1dc]
J 1700 C1 com.sun.javafx.tk.quantum.QuantumToolkit.runWithoutRenderLock(Ljava/util/function/Supplier;)Ljava/lang/Object; (49 bytes) @ 0x000000000393991c [0x00000000039393e0+0x53c]
J 2119 C1 com.sun.javafx.tk.quantum.GlassViewEventHandler.handleMouseEvent(Lcom/sun/glass/ui/View;JIIIIIIIZZ)V (108 bytes) @ 0x0000000003a36094 [0x0000000003a35c80+0x414]
J 2064 C1 com.sun.glass.ui.View.notifyMouse(IIIIIIIZZ)V (221 bytes) @ 0x0000000003a1722c [0x0000000003a16160+0x10cc]
v  ~StubRoutines::call_stub
j  com.sun.glass.ui.win.WinApplication._runLoop(Ljava/lang/Runnable;)V+0
j  com.sun.glass.ui.win.WinApplication.lambda$null$4(ILjava/lang/Runnable;)V+8
j  com.sun.glass.ui.win.WinApplication$$Lambda$38.run()V+12
j  java.lang.Thread.run()V+11
v  ~StubRoutines::call_stub

---------------  P R O C E S S  ---------------

Java Threads: ( => current thread )
  0x000000001a0d6800 JavaThread "Direct Clip" daemon [_thread_blocked, id=8928, stack(0x0000000033a40000,0x0000000033b40000)]
  0x000000001a0d8000 JavaThread "Java Sound Event Dispatcher" daemon [_thread_blocked, id=1300, stack(0x0000000033940000,0x0000000033a40000)]
  0x000000001a09e000 JavaThread "Timer-0" daemon [_thread_blocked, id=3224, stack(0x000000002d4e0000,0x000000002d5e0000)]
  0x000000001a09b000 JavaThread "Media Resource Disposer" daemon [_thread_blocked, id=13708, stack(0x000000002ba00000,0x000000002bb00000)]
  0x000000001a3d8000 JavaThread "JFXMedia Player EventQueueThread" daemon [_thread_blocked, id=3924, stack(0x0000000028ca0000,0x0000000028da0000)]
  0x000000001b1db800 JavaThread "Prism Font Disposer" daemon [_thread_blocked, id=8668, stack(0x0000000024080000,0x0000000024180000)]
  0x000000001b055000 JavaThread "Thread-3" daemon [_thread_in_native, id=6692, stack(0x00000000228c0000,0x00000000229c0000)]
  0x000000001b072000 JavaThread "JavaFX-Launcher" [_thread_blocked, id=3128, stack(0x00000000229c0000,0x0000000022ac0000)]
=>0x000000001afed000 JavaThread "JavaFX Application Thread" [_thread_in_native, id=3640, stack(0x000000001bcd0000,0x000000001bdd0000)]
  0x000000001afd2800 JavaThread "Thread-1" daemon [_thread_blocked, id=13420, stack(0x000000001bbd0000,0x000000001bcd0000)]
  0x000000001afba800 JavaThread "QuantumRenderer-0" daemon [_thread_blocked, id=2344, stack(0x000000001b930000,0x000000001ba30000)]
  0x000000001a0f6000 JavaThread "Service Thread" daemon [_thread_blocked, id=6476, stack(0x000000001ad40000,0x000000001ae40000)]
  0x000000001a05f000 JavaThread "C1 CompilerThread3" daemon [_thread_blocked, id=5724, stack(0x000000001ac40000,0x000000001ad40000)]
  0x000000001a05a800 JavaThread "C2 CompilerThread2" daemon [_thread_blocked, id=10692, stack(0x000000001ab40000,0x000000001ac40000)]
  0x000000001a05a000 JavaThread "C2 CompilerThread1" daemon [_thread_blocked, id=11032, stack(0x000000001aa40000,0x000000001ab40000)]
  0x000000001a054000 JavaThread "C2 CompilerThread0" daemon [_thread_blocked, id=9024, stack(0x000000001a940000,0x000000001aa40000)]
  0x000000001a051000 JavaThread "Attach Listener" daemon [_thread_blocked, id=1844, stack(0x000000001a840000,0x000000001a940000)]
  0x000000001a050000 JavaThread "Signal Dispatcher" daemon [_thread_blocked, id=14144, stack(0x000000001a740000,0x000000001a840000)]
  0x000000001a041000 JavaThread "Finalizer" daemon [_thread_blocked, id=13600, stack(0x000000001a520000,0x000000001a620000)]
  0x000000001824d800 JavaThread "Reference Handler" daemon [_thread_blocked, id=9456, stack(0x000000001a420000,0x000000001a520000)]
  0x0000000003303000 JavaThread "main" [_thread_blocked, id=7384, stack(0x0000000003180000,0x0000000003280000)]

Other Threads:
  0x0000000018249800 VMThread [stack: 0x0000000019f20000,0x000000001a020000] [id=13456]
  0x000000001a101000 WatcherThread [stack: 0x000000001ae40000,0x000000001af40000] [id=13364]

VM state:not at safepoint (normal execution)

VM Mutex/Monitor currently owned by a thread: None

heap address: 0x0000000083c00000, size: 1988 MB, Compressed Oops mode: 32-bit
Narrow klass base: 0x0000000000000000, Narrow klass shift: 3
Compressed class space size: 1073741824 Address: 0x0000000100000000

Heap:
 PSYoungGen      total 27648K, used 12304K [0x00000000d6980000, 0x00000000d9d00000, 0x0000000100000000)
  eden space 27136K, 44% used [0x00000000d6980000,0x00000000d754c2e0,0x00000000d8400000)
  from space 512K, 43% used [0x00000000d8480000,0x00000000d84b8000,0x00000000d8500000)
  to   space 12800K, 0% used [0x00000000d9080000,0x00000000d9080000,0x00000000d9d00000)
 ParOldGen       total 86016K, used 24859K [0x0000000083c00000, 0x0000000089000000, 0x00000000d6980000)
  object space 86016K, 28% used [0x0000000083c00000,0x0000000085446fb8,0x0000000089000000)
 Metaspace       used 19624K, capacity 20296K, committed 20480K, reserved 1067008K
  class space    used 2558K, capacity 2747K, committed 2816K, reserved 1048576K

Card table byte_map: [0x00000000127c0000,0x0000000012bb0000] byte_map_base: 0x00000000123a2000

Marking Bits: (ParMarkBitMap*) 0x0000000071e6be30
 Begin Bits: [0x0000000013650000, 0x0000000015560000)
 End Bits:   [0x0000000015560000, 0x0000000017470000)

Polling page: 0x0000000001930000

CodeCache: size=245760Kb used=9648Kb max_used=9660Kb free=236111Kb
 bounds [0x0000000003400000, 0x0000000003d80000, 0x0000000012400000]
 total_blobs=3886 nmethods=3145 adapters=653
 compilation: enabled

Compilation events (10 events):
Event: 66.702 Thread 0x000000001a054000 nmethod 3403 0x0000000003d71d50 code [0x0000000003d71f00, 0x0000000003d73588]
Event: 66.706 Thread 0x000000001a05a000 nmethod 3405 0x0000000003d6dcd0 code [0x0000000003d6de80, 0x0000000003d6ec18]
Event: 66.858 Thread 0x000000001a05a800 3406   !   4       java.util.zip.ZipFile$ZipFileInputStream::close (110 bytes)
Event: 66.859 Thread 0x000000001a054000 3407       4       java.lang.String::regionMatches (149 bytes)
Event: 66.864 Thread 0x000000001a05f000 3408   !   3       sun.misc.Resource::getBytes (242 bytes)
Event: 66.864 Thread 0x000000001a05a000 3409       4       java.lang.Thread::interrupted (8 bytes)
Event: 66.865 Thread 0x000000001a05a000 nmethod 3409 0x0000000003d69190 code [0x0000000003d692e0, 0x0000000003d69368]
Event: 66.865 Thread 0x000000001a05f000 nmethod 3408 0x0000000003d74150 code [0x0000000003d74440, 0x0000000003d75da8]
Event: 66.866 Thread 0x000000001a05a800 nmethod 3406 0x0000000003d76a50 code [0x0000000003d76be0, 0x0000000003d77838]
Event: 66.869 Thread 0x000000001a054000 nmethod 3407 0x0000000003d77f90 code [0x0000000003d78100, 0x0000000003d78858]

GC Heap History (10 events):
Event: 52.517 GC heap before
{Heap before GC invocations=11 (full 0):
 PSYoungGen      total 43520K, used 29824K [0x00000000d6980000, 0x00000000da280000, 0x0000000100000000)
  eden space 29696K, 100% used [0x00000000d6980000,0x00000000d8680000,0x00000000d8680000)
  from space 13824K, 0% used [0x00000000d9500000,0x00000000d9520000,0x00000000da280000)
  to   space 14336K, 0% used [0x00000000d8680000,0x00000000d8680000,0x00000000d9480000)
 ParOldGen       total 86016K, used 20903K [0x0000000083c00000, 0x0000000089000000, 0x00000000d6980000)
  object space 86016K, 24% used [0x0000000083c00000,0x0000000085069e68,0x0000000089000000)
 Metaspace       used 18265K, capacity 18974K, committed 19072K, reserved 1064960K
  class space    used 2416K, capacity 2608K, committed 2688K, reserved 1048576K
Event: 52.518 GC heap after
Heap after GC invocations=11 (full 0):
 PSYoungGen      total 29696K, used 192K [0x00000000d6980000, 0x00000000da200000, 0x0000000100000000)
  eden space 29184K, 0% used [0x00000000d6980000,0x00000000d6980000,0x00000000d8600000)
  from space 512K, 37% used [0x00000000d8680000,0x00000000d86b0000,0x00000000d8700000)
  to   space 14336K, 0% used [0x00000000d9400000,0x00000000d9400000,0x00000000da200000)
 ParOldGen       total 86016K, used 20927K [0x0000000083c00000, 0x0000000089000000, 0x00000000d6980000)
  object space 86016K, 24% used [0x0000000083c00000,0x000000008506fe68,0x0000000089000000)
 Metaspace       used 18265K, capacity 18974K, committed 19072K, reserved 1064960K
  class space    used 2416K, capacity 2608K, committed 2688K, reserved 1048576K
}
Event: 54.354 GC heap before
{Heap before GC invocations=12 (full 0):
 PSYoungGen      total 29696K, used 29376K [0x00000000d6980000, 0x00000000da200000, 0x0000000100000000)
  eden space 29184K, 100% used [0x00000000d6980000,0x00000000d8600000,0x00000000d8600000)
  from space 512K, 37% used [0x00000000d8680000,0x00000000d86b0000,0x00000000d8700000)
  to   space 14336K, 0% used [0x00000000d9400000,0x00000000d9400000,0x00000000da200000)
 ParOldGen       total 86016K, used 20927K [0x0000000083c00000, 0x0000000089000000, 0x00000000d6980000)
  object space 86016K, 24% used [0x0000000083c00000,0x000000008506fe68,0x0000000089000000)
 Metaspace       used 18580K, capacity 19276K, committed 19584K, reserved 1067008K
  class space    used 2460K, capacity 2643K, committed 2688K, reserved 1048576K
Event: 54.356 GC heap after
Heap after GC invocations=12 (full 0):
 PSYoungGen      total 40448K, used 3972K [0x00000000d6980000, 0x00000000d9f80000, 0x0000000100000000)
  eden space 28672K, 0% used [0x00000000d6980000,0x00000000d6980000,0x00000000d8580000)
  from space 11776K, 33% used [0x00000000d9400000,0x00000000d97e1150,0x00000000d9f80000)
  to   space 13312K, 0% used [0x00000000d8580000,0x00000000d8580000,0x00000000d9280000)
 ParOldGen       total 86016K, used 20967K [0x0000000083c00000, 0x0000000089000000, 0x00000000d6980000)
  object space 86016K, 24% used [0x0000000083c00000,0x0000000085079e68,0x0000000089000000)
 Metaspace       used 18580K, capacity 19276K, committed 19584K, reserved 1067008K
  class space    used 2460K, capacity 2643K, committed 2688K, reserved 1048576K
}
Event: 56.320 GC heap before
{Heap before GC invocations=13 (full 0):
 PSYoungGen      total 40448K, used 32644K [0x00000000d6980000, 0x00000000d9f80000, 0x0000000100000000)
  eden space 28672K, 100% used [0x00000000d6980000,0x00000000d8580000,0x00000000d8580000)
  from space 11776K, 33% used [0x00000000d9400000,0x00000000d97e1150,0x00000000d9f80000)
  to   space 13312K, 0% used [0x00000000d8580000,0x00000000d8580000,0x00000000d9280000)
 ParOldGen       total 86016K, used 20967K [0x0000000083c00000, 0x0000000089000000, 0x00000000d6980000)
  object space 86016K, 24% used [0x0000000083c00000,0x0000000085079e68,0x0000000089000000)
 Metaspace       used 18609K, capacity 19276K, committed 19584K, reserved 1067008K
  class space    used 2460K, capacity 2643K, committed 2688K, reserved 1048576K
Event: 56.324 GC heap after
Heap after GC invocations=13 (full 0):
 PSYoungGen      total 28672K, used 192K [0x00000000d6980000, 0x00000000d9f00000, 0x0000000100000000)
  eden space 28160K, 0% used [0x00000000d6980000,0x00000000d6980000,0x00000000d8500000)
  from space 512K, 37% used [0x00000000d8580000,0x00000000d85b0000,0x00000000d8600000)
  to   space 13312K, 0% used [0x00000000d9200000,0x00000000d9200000,0x00000000d9f00000)
 ParOldGen       total 86016K, used 24755K [0x0000000083c00000, 0x0000000089000000, 0x00000000d6980000)
  object space 86016K, 28% used [0x0000000083c00000,0x000000008542cfb8,0x0000000089000000)
 Metaspace       used 18609K, capacity 19276K, committed 19584K, reserved 1067008K
  class space    used 2460K, capacity 2643K, committed 2688K, reserved 1048576K
}
Event: 58.223 GC heap before
{Heap before GC invocations=14 (full 0):
 PSYoungGen      total 28672K, used 28352K [0x00000000d6980000, 0x00000000d9f00000, 0x0000000100000000)
  eden space 28160K, 100% used [0x00000000d6980000,0x00000000d8500000,0x00000000d8500000)
  from space 512K, 37% used [0x00000000d8580000,0x00000000d85b0000,0x00000000d8600000)
  to   space 13312K, 0% used [0x00000000d9200000,0x00000000d9200000,0x00000000d9f00000)
 ParOldGen       total 86016K, used 24755K [0x0000000083c00000, 0x0000000089000000, 0x00000000d6980000)
  object space 86016K, 28% used [0x0000000083c00000,0x000000008542cfb8,0x0000000089000000)
 Metaspace       used 18673K, capacity 19404K, committed 19584K, reserved 1067008K
  class space    used 2460K, capacity 2643K, committed 2688K, reserved 1048576K
Event: 58.224 GC heap after
Heap after GC invocations=14 (full 0):
 PSYoungGen      total 39424K, used 224K [0x00000000d6980000, 0x00000000d9d80000, 0x0000000100000000)
  eden space 27648K, 0% used [0x00000000d6980000,0x00000000d6980000,0x00000000d8480000)
  from space 11776K, 1% used [0x00000000d9200000,0x00000000d9238000,0x00000000d9d80000)
  to   space 12800K, 0% used [0x00000000d8480000,0x00000000d8480000,0x00000000d9100000)
 ParOldGen       total 86016K, used 24811K [0x0000000083c00000, 0x0000000089000000, 0x00000000d6980000)
  object space 86016K, 28% used [0x0000000083c00000,0x000000008543afb8,0x0000000089000000)
 Metaspace       used 18673K, capacity 19404K, committed 19584K, reserved 1067008K
  class space    used 2460K, capacity 2643K, committed 2688K, reserved 1048576K
}
Event: 60.191 GC heap before
{Heap before GC invocations=15 (full 0):
 PSYoungGen      total 39424K, used 27872K [0x00000000d6980000, 0x00000000d9d80000, 0x0000000100000000)
  eden space 27648K, 100% used [0x00000000d6980000,0x00000000d8480000,0x00000000d8480000)
  from space 11776K, 1% used [0x00000000d9200000,0x00000000d9238000,0x00000000d9d80000)
  to   space 12800K, 0% used [0x00000000d8480000,0x00000000d8480000,0x00000000d9100000)
 ParOldGen       total 86016K, used 24811K [0x0000000083c00000, 0x0000000089000000, 0x00000000d6980000)
  object space 86016K, 28% used [0x0000000083c00000,0x000000008543afb8,0x0000000089000000)
 Metaspace       used 18686K, capacity 19404K, committed 19584K, reserved 1067008K
  class space    used 2460K, capacity 2643K, committed 2688K, reserved 1048576K
Event: 60.192 GC heap after
Heap after GC invocations=15 (full 0):
 PSYoungGen      total 27648K, used 224K [0x00000000d6980000, 0x00000000d9d00000, 0x0000000100000000)
  eden space 27136K, 0% used [0x00000000d6980000,0x00000000d6980000,0x00000000d8400000)
  from space 512K, 43% used [0x00000000d8480000,0x00000000d84b8000,0x00000000d8500000)
  to   space 12800K, 0% used [0x00000000d9080000,0x00000000d9080000,0x00000000d9d00000)
 ParOldGen       total 86016K, used 24859K [0x0000000083c00000, 0x0000000089000000, 0x00000000d6980000)
  object space 86016K, 28% used [0x0000000083c00000,0x0000000085446fb8,0x0000000089000000)
 Metaspace       used 18686K, capacity 19404K, committed 19584K, reserved 1067008K
  class space    used 2460K, capacity 2643K, committed 2688K, reserved 1048576K
}

Deoptimization events (10 events):
Event: 65.986 Thread 0x000000001afba800 Uncommon trap: reason=unstable_if action=reinterpret pc=0x0000000003c8ae90 method=com.sun.javafx.geom.transform.AffineBase.updateState2D()V @ 51
Event: 66.337 Thread 0x000000001afba800 Uncommon trap: reason=bimorphic action=maybe_recompile pc=0x000000000357f870 method=com.sun.javafx.sg.prism.NGNode.getOpaqueRegion()Lcom/sun/javafx/geom/RectBounds; @ 20
Event: 66.337 Thread 0x000000001afba800 Uncommon trap: reason=bimorphic action=maybe_recompile pc=0x000000000357f870 method=com.sun.javafx.sg.prism.NGNode.getOpaqueRegion()Lcom/sun/javafx/geom/RectBounds; @ 20
Event: 66.337 Thread 0x000000001afba800 Uncommon trap: reason=class_check action=maybe_recompile pc=0x000000000357fc6c method=com.sun.javafx.sg.prism.NGNode.getOpaqueRegion()Lcom/sun/javafx/geom/RectBounds; @ 56
Event: 66.388 Thread 0x000000001afed000 Uncommon trap: reason=class_check action=maybe_recompile pc=0x000000000378e344 method=java.util.HashMap.putVal(ILjava/lang/Object;Ljava/lang/Object;ZZ)Ljava/lang/Object; @ 253
Event: 66.388 Thread 0x000000001afed000 Uncommon trap: reason=class_check action=maybe_recompile pc=0x000000000378e344 method=java.util.HashMap.putVal(ILjava/lang/Object;Ljava/lang/Object;ZZ)Ljava/lang/Object; @ 253
Event: 66.388 Thread 0x000000001afed000 Uncommon trap: reason=class_check action=maybe_recompile pc=0x000000000378e344 method=java.util.HashMap.putVal(ILjava/lang/Object;Ljava/lang/Object;ZZ)Ljava/lang/Object; @ 253
Event: 66.388 Thread 0x000000001afed000 Uncommon trap: reason=class_check action=maybe_recompile pc=0x000000000378e344 method=java.util.HashMap.putVal(ILjava/lang/Object;Ljava/lang/Object;ZZ)Ljava/lang/Object; @ 253
Event: 66.389 Thread 0x000000001afed000 Uncommon trap: reason=class_check action=maybe_recompile pc=0x00000000037812f0 method=java.util.HashMap.putVal(ILjava/lang/Object;Ljava/lang/Object;ZZ)Ljava/lang/Object; @ 253
Event: 66.592 Thread 0x000000001afed000 Uncommon trap: reason=unstable_if action=reinterpret pc=0x0000000003632f18 method=sun.nio.cs.UTF_8$Encoder.encode([CII[B)I @ 33

Classes redefined (0 events):
No events

Internal exceptions (10 events):
Event: 0.642 Thread 0x000000001afed000 Exception <a 'java/lang/ArrayIndexOutOfBoundsException'> (0x00000000d7dcdc40) thrown at [C:\ade\jenkins\workspace\8-2-build-windows-amd64-cygwin\jdk8u241\331\hotspot\src\share\vm\runtime\sharedRuntime.cpp, line 605]
Event: 0.643 Thread 0x000000001afed000 Exception <a 'java/lang/ArrayIndexOutOfBoundsException'> (0x00000000d7dcefe8) thrown at [C:\ade\jenkins\workspace\8-2-build-windows-amd64-cygwin\jdk8u241\331\hotspot\src\share\vm\runtime\sharedRuntime.cpp, line 605]
Event: 0.671 Thread 0x000000001afed000 Exception <a 'java/lang/ArrayIndexOutOfBoundsException'> (0x00000000d80f7748) thrown at [C:\ade\jenkins\workspace\8-2-build-windows-amd64-cygwin\jdk8u241\331\hotspot\src\share\vm\runtime\sharedRuntime.cpp, line 605]
Event: 0.776 Thread 0x000000001afed000 Implicit null exception at 0x00000000036d2835 to 0x00000000036d2a45
Event: 0.884 Thread 0x000000001afed000 Exception <a 'java/io/FileNotFoundException'> (0x00000000d6d6d218) thrown at [C:\ade\jenkins\workspace\8-2-build-windows-amd64-cygwin\jdk8u241\331\hotspot\src\share\vm\prims\jni.cpp, line 710]
Event: 37.774 Thread 0x000000001afed000 Implicit null exception at 0x00000000036bdfd6 to 0x00000000036be379
Event: 37.774 Thread 0x000000001afed000 Implicit null exception at 0x000000000361cd96 to 0x000000000361d131
Event: 37.781 Thread 0x000000001afed000 Exception <a 'java/lang/NullPointerException'> (0x00000000d7c280b8) thrown at [C:\ade\jenkins\workspace\8-2-build-windows-amd64-cygwin\jdk8u241\331\hotspot\src\share\vm\interpreter\linkResolver.cpp, line 1287]
Event: 38.012 Thread 0x000000001afed000 Implicit null exception at 0x0000000003a27e30 to 0x0000000003a27e9d
Event: 38.118 Thread 0x000000001afba800 Implicit null exception at 0x00000000039c6e70 to 0x00000000039c7155

Events (10 events):
Event: 66.866 loading class com/xuggle/xuggler/IAudioSamples$Format$SwigNext
Event: 66.866 loading class com/xuggle/xuggler/IAudioSamples$Format$SwigNext done
Event: 66.867 loading class com/xuggle/xuggler/IRational
Event: 66.867 loading class com/xuggle/xuggler/IRational done
Event: 66.868 loading class com/xuggle/xuggler/IContainer$Type
Event: 66.868 loading class com/xuggle/xuggler/IContainer$Type done
Event: 66.868 loading class com/xuggle/xuggler/IContainer$Type$SwigNext
Event: 66.868 loading class com/xuggle/xuggler/IContainer$Type$SwigNext done
Event: 66.868 loading class com/xuggle/xuggler/IContainerFormat
Event: 66.868 loading class com/xuggle/xuggler/IContainerFormat done


Dynamic libraries:
0x00007ff6aaa90000 - 0x00007ff6aaac7000 	C:\Program Files\Java\jdk1.8.0_241\jre\bin\java.exe
0x00007ff8d7600000 - 0x00007ff8d77f0000 	C:\windows\SYSTEM32\ntdll.dll
0x00007ff8d6670000 - 0x00007ff8d6722000 	C:\windows\System32\KERNEL32.DLL
0x00007ff8d50c0000 - 0x00007ff8d5365000 	C:\windows\System32\KERNELBASE.dll
0x00007ff8d6950000 - 0x00007ff8d69f3000 	C:\windows\System32\ADVAPI32.dll
0x00007ff8d7520000 - 0x00007ff8d75be000 	C:\windows\System32\msvcrt.dll
0x00007ff8d6c10000 - 0x00007ff8d6ca7000 	C:\windows\System32\sechost.dll
0x00007ff8d6cb0000 - 0x00007ff8d6dd0000 	C:\windows\System32\RPCRT4.dll
0x00007ff8d6730000 - 0x00007ff8d68c4000 	C:\windows\System32\USER32.dll
0x00007ff8d46b0000 - 0x00007ff8d46d1000 	C:\windows\System32\win32u.dll
0x00007ff8d74f0000 - 0x00007ff8d7516000 	C:\windows\System32\GDI32.dll
0x00007ff8d5510000 - 0x00007ff8d56a6000 	C:\windows\System32\gdi32full.dll
0x00007ff8d5420000 - 0x00007ff8d54be000 	C:\windows\System32\msvcp_win.dll
0x00007ff8d46e0000 - 0x00007ff8d47da000 	C:\windows\System32\ucrtbase.dll
0x00007ff8ba750000 - 0x00007ff8ba9d4000 	C:\windows\WinSxS\amd64_microsoft.windows.common-controls_6595b64144ccf1df_6.0.18362.1198_none_9e820b57e45ad92f\COMCTL32.dll
0x00007ff8d6f00000 - 0x00007ff8d7235000 	C:\windows\System32\combase.dll
0x00007ff8d4580000 - 0x00007ff8d4600000 	C:\windows\System32\bcryptPrimitives.dll
0x00007ff8d5ba0000 - 0x00007ff8d5bce000 	C:\windows\System32\IMM32.DLL
0x0000000071560000 - 0x0000000071632000 	C:\Program Files\Java\jdk1.8.0_241\jre\bin\msvcr100.dll
0x0000000071640000 - 0x0000000071eec000 	C:\Program Files\Java\jdk1.8.0_241\jre\bin\server\jvm.dll
0x00007ff8d6dd0000 - 0x00007ff8d6dd8000 	C:\windows\System32\PSAPI.DLL
0x00007ff8cd6a0000 - 0x00007ff8cd6a9000 	C:\windows\SYSTEM32\WSOCK32.dll
0x00007ff8cc830000 - 0x00007ff8cc83a000 	C:\windows\SYSTEM32\VERSION.dll
0x00007ff8d1aa0000 - 0x00007ff8d1ac4000 	C:\windows\SYSTEM32\WINMM.dll
0x00007ff8d6a60000 - 0x00007ff8d6acf000 	C:\windows\System32\WS2_32.dll
0x00007ff8d13b0000 - 0x00007ff8d13dd000 	C:\windows\SYSTEM32\winmmbase.dll
0x00007ff8d54c0000 - 0x00007ff8d550a000 	C:\windows\System32\cfgmgr32.dll
0x00007ff8cd5e0000 - 0x00007ff8cd5ef000 	C:\Program Files\Java\jdk1.8.0_241\jre\bin\verify.dll
0x00007ff8b9520000 - 0x00007ff8b9549000 	C:\Program Files\Java\jdk1.8.0_241\jre\bin\java.dll
0x00007ff8cce70000 - 0x00007ff8cce86000 	C:\Program Files\Java\jdk1.8.0_241\jre\bin\zip.dll
0x00007ff8d5e70000 - 0x00007ff8d6557000 	C:\windows\System32\SHELL32.dll
0x00007ff8d65c0000 - 0x00007ff8d6669000 	C:\windows\System32\shcore.dll
0x00007ff8d47e0000 - 0x00007ff8d4f61000 	C:\windows\System32\windows.storage.dll
0x00007ff8d44e0000 - 0x00007ff8d4503000 	C:\windows\System32\profapi.dll
0x00007ff8d4510000 - 0x00007ff8d455a000 	C:\windows\System32\powrprof.dll
0x00007ff8d44b0000 - 0x00007ff8d44c0000 	C:\windows\System32\UMPDC.dll
0x00007ff8d6df0000 - 0x00007ff8d6e42000 	C:\windows\System32\shlwapi.dll
0x00007ff8d4560000 - 0x00007ff8d4571000 	C:\windows\System32\kernel.appcore.dll
0x00007ff8d53d0000 - 0x00007ff8d53e7000 	C:\windows\System32\cryptsp.dll
0x0000000001970000 - 0x0000000001973000 	C:\Program Files\Java\jdk1.8.0_241\jre\bin\api-ms-win-core-console-l1-1-0.dll
0x00000000019c0000 - 0x00000000019c3000 	C:\Program Files\Java\jdk1.8.0_241\jre\bin\api-ms-win-core-datetime-l1-1-0.dll
0x0000000003280000 - 0x0000000003283000 	C:\Program Files\Java\jdk1.8.0_241\jre\bin\api-ms-win-core-debug-l1-1-0.dll
0x0000000003290000 - 0x0000000003293000 	C:\Program Files\Java\jdk1.8.0_241\jre\bin\api-ms-win-core-errorhandling-l1-1-0.dll
0x00000000032a0000 - 0x00000000032a4000 	C:\Program Files\Java\jdk1.8.0_241\jre\bin\api-ms-win-core-file-l1-1-0.dll
0x00000000032b0000 - 0x00000000032b3000 	C:\Program Files\Java\jdk1.8.0_241\jre\bin\api-ms-win-core-file-l1-2-0.dll
0x00000000032c0000 - 0x00000000032c3000 	C:\Program Files\Java\jdk1.8.0_241\jre\bin\api-ms-win-core-file-l2-1-0.dll
0x00000000032d0000 - 0x00000000032d3000 	C:\Program Files\Java\jdk1.8.0_241\jre\bin\api-ms-win-core-handle-l1-1-0.dll
0x00000000032e0000 - 0x00000000032e3000 	C:\Program Files\Java\jdk1.8.0_241\jre\bin\api-ms-win-core-heap-l1-1-0.dll
0x000000001b740000 - 0x000000001b743000 	C:\Program Files\Java\jdk1.8.0_241\jre\bin\api-ms-win-core-interlocked-l1-1-0.dll
0x000000001b750000 - 0x000000001b753000 	C:\Program Files\Java\jdk1.8.0_241\jre\bin\api-ms-win-core-libraryloader-l1-1-0.dll
0x000000001b760000 - 0x000000001b763000 	C:\Program Files\Java\jdk1.8.0_241\jre\bin\api-ms-win-core-localization-l1-2-0.dll
0x000000001b770000 - 0x000000001b773000 	C:\Program Files\Java\jdk1.8.0_241\jre\bin\api-ms-win-core-memory-l1-1-0.dll
0x000000001b780000 - 0x000000001b783000 	C:\Program Files\Java\jdk1.8.0_241\jre\bin\api-ms-win-core-namedpipe-l1-1-0.dll
0x000000001b790000 - 0x000000001b793000 	C:\Program Files\Java\jdk1.8.0_241\jre\bin\api-ms-win-core-processenvironment-l1-1-0.dll
0x000000001b7a0000 - 0x000000001b7a3000 	C:\Program Files\Java\jdk1.8.0_241\jre\bin\api-ms-win-core-processthreads-l1-1-0.dll
0x000000001b7b0000 - 0x000000001b7b3000 	C:\Program Files\Java\jdk1.8.0_241\jre\bin\api-ms-win-core-processthreads-l1-1-1.dll
0x000000001b7c0000 - 0x000000001b7c3000 	C:\Program Files\Java\jdk1.8.0_241\jre\bin\api-ms-win-core-profile-l1-1-0.dll
0x000000001b7d0000 - 0x000000001b7d3000 	C:\Program Files\Java\jdk1.8.0_241\jre\bin\api-ms-win-core-rtlsupport-l1-1-0.dll
0x000000001b7e0000 - 0x000000001b7e3000 	C:\Program Files\Java\jdk1.8.0_241\jre\bin\api-ms-win-core-string-l1-1-0.dll
0x000000001b7f0000 - 0x000000001b7f3000 	C:\Program Files\Java\jdk1.8.0_241\jre\bin\api-ms-win-core-synch-l1-1-0.dll
0x000000001b800000 - 0x000000001b803000 	C:\Program Files\Java\jdk1.8.0_241\jre\bin\api-ms-win-core-synch-l1-2-0.dll
0x000000001b810000 - 0x000000001b813000 	C:\Program Files\Java\jdk1.8.0_241\jre\bin\api-ms-win-core-sysinfo-l1-1-0.dll
0x000000001b820000 - 0x000000001b823000 	C:\Program Files\Java\jdk1.8.0_241\jre\bin\api-ms-win-core-timezone-l1-1-0.dll
0x000000001b830000 - 0x000000001b833000 	C:\Program Files\Java\jdk1.8.0_241\jre\bin\api-ms-win-core-util-l1-1-0.dll
0x000000001b840000 - 0x000000001b843000 	C:\Program Files\Java\jdk1.8.0_241\jre\bin\api-ms-win-crt-conio-l1-1-0.dll
0x000000001b850000 - 0x000000001b854000 	C:\Program Files\Java\jdk1.8.0_241\jre\bin\api-ms-win-crt-convert-l1-1-0.dll
0x000000001b860000 - 0x000000001b863000 	C:\Program Files\Java\jdk1.8.0_241\jre\bin\api-ms-win-crt-environment-l1-1-0.dll
0x000000001b870000 - 0x000000001b873000 	C:\Program Files\Java\jdk1.8.0_241\jre\bin\api-ms-win-crt-filesystem-l1-1-0.dll
0x000000001b880000 - 0x000000001b883000 	C:\Program Files\Java\jdk1.8.0_241\jre\bin\api-ms-win-crt-heap-l1-1-0.dll
0x000000001b890000 - 0x000000001b893000 	C:\Program Files\Java\jdk1.8.0_241\jre\bin\api-ms-win-crt-locale-l1-1-0.dll
0x000000001b8a0000 - 0x000000001b8a5000 	C:\Program Files\Java\jdk1.8.0_241\jre\bin\api-ms-win-crt-math-l1-1-0.dll
0x000000001b8b0000 - 0x000000001b8b5000 	C:\Program Files\Java\jdk1.8.0_241\jre\bin\api-ms-win-crt-multibyte-l1-1-0.dll
0x000000001b8c0000 - 0x000000001b8d0000 	C:\Program Files\Java\jdk1.8.0_241\jre\bin\api-ms-win-crt-private-l1-1-0.dll
0x000000001b8d0000 - 0x000000001b8d3000 	C:\Program Files\Java\jdk1.8.0_241\jre\bin\api-ms-win-crt-process-l1-1-0.dll
0x000000001b8e0000 - 0x000000001b8e4000 	C:\Program Files\Java\jdk1.8.0_241\jre\bin\api-ms-win-crt-runtime-l1-1-0.dll
0x000000001b8f0000 - 0x000000001b8f4000 	C:\Program Files\Java\jdk1.8.0_241\jre\bin\api-ms-win-crt-stdio-l1-1-0.dll
0x000000001b900000 - 0x000000001b904000 	C:\Program Files\Java\jdk1.8.0_241\jre\bin\api-ms-win-crt-string-l1-1-0.dll
0x000000001b910000 - 0x000000001b913000 	C:\Program Files\Java\jdk1.8.0_241\jre\bin\api-ms-win-crt-time-l1-1-0.dll
0x000000001b920000 - 0x000000001b923000 	C:\Program Files\Java\jdk1.8.0_241\jre\bin\api-ms-win-crt-utility-l1-1-0.dll
0x00007ff8b99c0000 - 0x00007ff8b9abc000 	C:\Program Files\Java\jdk1.8.0_241\jre\bin\ucrtbase.dll
0x00007ff8d0bd0000 - 0x00007ff8d0be5000 	C:\Program Files\Java\jdk1.8.0_241\jre\bin\vcruntime140.dll
0x00007ff8b9af0000 - 0x00007ff8b9b8b000 	C:\Program Files\Java\jdk1.8.0_241\jre\bin\msvcp140.dll
0x00007ff8b6d80000 - 0x00007ff8b6dd1000 	C:\Program Files\Java\jdk1.8.0_241\jre\bin\concrt140.dll
0x00007ff8cdfa0000 - 0x00007ff8cdfc3000 	C:\Program Files\Java\jdk1.8.0_241\jre\bin\prism_d3d.dll
0x00007ff89d2b0000 - 0x00007ff89d477000 	C:\windows\system32\d3d9.dll
0x00007ff8d2830000 - 0x00007ff8d285d000 	C:\windows\SYSTEM32\dwmapi.dll
0x00007ff8d30f0000 - 0x00007ff8d3110000 	C:\windows\SYSTEM32\dxcore.dll
0x00007ff8d2400000 - 0x00007ff8d2499000 	C:\windows\system32\uxtheme.dll
0x00007ff89d140000 - 0x00007ff89d2a5000 	C:\windows\System32\DriverStore\FileRepository\iigd_dch.inf_amd64_c84afe165d971f24\igdumdim64.dll
0x00007ff8d5d10000 - 0x00007ff8d5e67000 	C:\windows\System32\ole32.dll
0x00007ff8989c0000 - 0x00007ff89d140000 	C:\windows\System32\DriverStore\FileRepository\iigd_dch.inf_amd64_c84afe165d971f24\igd9dxva64.dll
0x00007ff8d5bd0000 - 0x00007ff8d5c95000 	C:\windows\System32\OLEAUT32.dll
0x00007ff8d56b0000 - 0x00007ff8d5b20000 	C:\windows\System32\SETUPAPI.dll
0x00007ff8d53f0000 - 0x00007ff8d5416000 	C:\windows\System32\bcrypt.dll
0x00007ff8c9f90000 - 0x00007ff8ca1e8000 	C:\windows\System32\DriverStore\FileRepository\iigd_dch.inf_amd64_c84afe165d971f24\igdgmm64.dll
0x00007ff8b6d30000 - 0x00007ff8b6d75000 	C:\Program Files\Java\jdk1.8.0_241\jre\bin\glass.dll
0x00007ff8d7420000 - 0x00007ff8d74f0000 	C:\windows\System32\COMDLG32.dll
0x00007ff8d6ad0000 - 0x00007ff8d6c05000 	C:\windows\System32\MSCTF.dll
0x00007ff8a9850000 - 0x00007ff8a9877000 	C:\windows\System32\DriverStore\FileRepository\iigd_dch.inf_amd64_c84afe165d971f24\igdinfo64.dll
0x00007ff8c2d20000 - 0x00007ff8c5a00000 	C:\windows\System32\DriverStore\FileRepository\iigd_dch.inf_amd64_c84afe165d971f24\igc64.dll
0x00007ff8ca6d0000 - 0x00007ff8ca6e4000 	C:\Program Files\Java\jdk1.8.0_241\jre\bin\javafx_font.dll
0x00007ff8bc960000 - 0x00007ff8bcc5e000 	C:\windows\SYSTEM32\dwrite.dll
0x00007ff8d6e50000 - 0x00007ff8d6ef2000 	C:\windows\System32\clbcatq.dll
0x00007ff8ce800000 - 0x00007ff8ce9af000 	C:\windows\SYSTEM32\WindowsCodecs.dll
0x00007ff8a2150000 - 0x00007ff8a218a000 	C:\windows\system32\dataexchange.dll
0x00007ff8d13e0000 - 0x00007ff8d163b000 	C:\windows\system32\d3d11.dll
0x00007ff8d1ad0000 - 0x00007ff8d1cad000 	C:\windows\system32\dcomp.dll
0x00007ff8d3180000 - 0x00007ff8d326b000 	C:\windows\system32\dxgi.dll
0x00007ff8d24d0000 - 0x00007ff8d2732000 	C:\windows\system32\twinapi.appcore.dll
0x00007ff8d29f0000 - 0x00007ff8d2a19000 	C:\windows\system32\RMCLIENT.dll
0x00007ff8b9980000 - 0x00007ff8b99b3000 	C:\Program Files\Common Files\Microsoft Shared\Ink\rtscom.dll
0x00007ff8ca6b0000 - 0x00007ff8ca6c1000 	C:\Program Files\Java\jdk1.8.0_241\jre\bin\prism_common.dll
0x00007ff8d0df0000 - 0x00007ff8d13b0000 	C:\windows\SYSTEM32\d2d1.dll
0x00007ff8cb990000 - 0x00007ff8cc0d1000 	C:\windows\SYSTEM32\D3D10Warp.dll
0x00007ff8be770000 - 0x00007ff8be80e000 	C:\windows\System32\TextInputFramework.dll
0x00007ff8cfa40000 - 0x00007ff8cfd6a000 	C:\windows\System32\CoreUIComponents.dll
0x00007ff8d1d80000 - 0x00007ff8d1e54000 	C:\windows\System32\CoreMessaging.dll
0x00007ff8cf7a0000 - 0x00007ff8cf8f3000 	C:\windows\SYSTEM32\wintypes.dll
0x00007ff8d34f0000 - 0x00007ff8d3521000 	C:\windows\SYSTEM32\ntmarta.dll
0x00007ff8bd020000 - 0x00007ff8bd2c7000 	C:\windows\System32\iertutil.dll
0x00007ff8d0a50000 - 0x00007ff8d0b40000 	C:\windows\SYSTEM32\PROPSYS.dll
0x00007ff88c720000 - 0x00007ff88c8d3000 	C:\windows\SYSTEM32\DUI70.dll
0x00007ff88d8a0000 - 0x00007ff88d933000 	C:\windows\SYSTEM32\DUser.dll
0x00007ff8ca600000 - 0x00007ff8ca6a4000 	C:\Program Files\Common Files\microsoft shared\ink\tiptsf.dll
0x00007ff8a1ee0000 - 0x00007ff8a1f03000 	C:\windows\SYSTEM32\edputil.dll
0x00007ff8a1b80000 - 0x00007ff8a1d86000 	C:\windows\system32\explorerframe.dll
0x00007ff8a1f10000 - 0x00007ff8a1f6e000 	C:\Windows\System32\thumbcache.dll
0x00007ff8cfef0000 - 0x00007ff8cff79000 	C:\windows\SYSTEM32\policymanager.dll

VM Arguments:
jvm_args: -Dfile.encoding=UTF-8 -Djava.net.preferIPv4Stack=true 
java_command: App
java_class_path (initial): C:\Users\edwin\OneDrive\Documentos\GitKraken\VideoCode\libs\xuggle-xuggler-5.4.jar;C:\Users\edwin\OneDrive\Documentos\GitKraken\VideoCode\libs\jaco-mp3-player-0.9.3.jar;C:\Users\edwin\OneDrive\Documentos\GitKraken\VideoCode\libs\slf4j-api-1.7.30.jar;C:\Users\edwin\OneDrive\Documentos\GitKraken\VideoCode\libs\slf4j-simple-1.7.30.jar;C:\Users\edwin\OneDrive\Documentos\GitKraken\Editor-De-Videos\VideoCode\build\classes
Launcher Type: SUN_STANDARD

Environment Variables:
JAVA_HOME=C:\Users\edwin\AppData\Local\Programs\AdoptOpenJDK\jdk-11.0.9.11-hotspot\
_JAVA_OPTIONS=-Djava.net.preferIPv4Stack=true
PATH=C:\Program Files\Common Files\Oracle\Java\javapath;C:\Program Files (x86)\Common Files\Oracle\Java\javapath;C:\windows\system32;C:\windows;C:\windows\System32\Wbem;C:\windows\System32\WindowsPowerShell\v1.0\;C:\windows\System32\OpenSSH\;C:\Program Files\MATLAB\R2019b;C:\Program Files\Git\cmd;C:\Program Files\apache-maven-3.6.3\bin;C:\Program Files (x86)\Microsoft SQL Server\150\DTS\Binn\;C:\Program Files\PuTTY\;C:\Program Files (x86)\Graphviz2.38\bin;C:\MinGW\bin;C:\Program Files\MATLAB\R2020a\bin;C:\Users\edwin\AppData\Local\Programs\AdoptOpenJDK\jdk-11.0.9.11-hotspot\bin;C:\Program Files\MySQL\MySQL Shell 8.0\bin\;C:\Users\edwin\AppData\Local\Microsoft\WindowsApps;C:\Program Files (x86)\Graphviz2.38\bin;C:\src\flutter\bin;
USERNAME=edwin
OS=Windows_NT
PROCESSOR_IDENTIFIER=Intel64 Family 6 Model 126 Stepping 5, GenuineIntel



---------------  S Y S T E M  ---------------

OS: Windows 10.0 , 64 bit Build 18362 (10.0.18362.1110)

CPU:total 8 (initial active 8) (4 cores per cpu, 2 threads per core) family 6 model 126 stepping 5, cmov, cx8, fxsr, mmx, sse, sse2, sse3, ssse3, sse4.1, sse4.2, popcnt, avx, avx2, aes, clmul, erms, 3dnowpref, lzcnt, ht, tsc, tscinvbit, bmi1, bmi2, adx

Memory: 4k page, physical 8136684k(1253416k free), swap 13347644k(2973660k free)

vm_info: Java HotSpot(TM) 64-Bit Server VM (25.241-b07) for windows-amd64 JRE (1.8.0_241-b07), built on Dec 11 2019 10:21:40 by "rejava" with MS VC++ 10.0 (VS2010)

time: Thu Nov 26 01:52:25 2020
timezone: Hora est. Pacífico, Sudamérica
elapsed time: 66 seconds (0d 0h 1m 6s)

