#
# A fatal error has been detected by the Java Runtime Environment:
#
#  EXCEPTION_ACCESS_VIOLATION (0xc0000005) at pc=0x000000006ee76520, pid=1496, tid=0x00000000000007f4
#
# JRE version: Java(TM) SE Runtime Environment (8.0_241-b07) (build 1.8.0_241-b07)
# Java VM: Java HotSpot(TM) 64-Bit Server VM (25.241-b07 mixed mode windows-amd64 compressed oops)
# Problematic frame:
# C  0x000000006ee76520
#
# Failed to write core dump. Minidumps are not enabled by default on client versions of Windows
#
# If you would like to submit a bug report, please visit:
#   http://bugreport.java.com/bugreport/crash.jsp
# The crash happened outside the Java Virtual Machine in native code.
# See problematic frame for where to report the bug.
#

---------------  T H R E A D  ---------------

Current thread (0x000000001a964000):  JavaThread "JavaFX Application Thread" [_thread_in_native, id=2036, stack(0x000000001b630000,0x000000001b730000)]

siginfo: ExceptionCode=0xc0000005, reading address 0xffffffffffffffff

Registers:
RAX=0x000000002e153570, RBX=0x000000002e1561a0, RCX=0x000000002e153570, RDX=0x0000000000000009
RSP=0x000000001b72b1b0, RBP=0x000000002e152cb0, RSI=0x000000002e154570, RDI=0x0000000000000004
R8 =0x000000006ee77580, R9 =0x000000006ee76490, R10=0x000000002ba2f8c0, R11=0x000000002e1c8b30
R12=0x000000002e1c9330, R13=0x0000000000000004, R14=0x0000000000000184, R15=0x000000006fab8f20
RIP=0x000000006ee76520, EFLAGS=0x0000000000010202

Top of Stack: (sp=0x000000001b72b1b0)
0x000000001b72b1b0:   000000006ee76665 000000006ee774c5
0x000000001b72b1c0:   000000006ee77505 000000006ee77545
0x000000001b72b1d0:   000000006ee77585 000000006ee79426
0x000000001b72b1e0:   000000006fab8f20 000000002e153570
0x000000001b72b1f0:   000000002e158660 00000000175448c8
0x000000001b72b200:   3fe0000000000000 0000000000000000
0x000000001b72b210:   40c7760000000000 0000000000000000
0x000000001b72b220:   3fe0000000000000 0000000000000001
0x000000001b72b230:   000000002e159660 000000006ea45d24
0x000000001b72b240:   3f40624dd2f1a9fc 0000000000000000
0x000000001b72b250:   0000000000000000 0000000000000000
0x000000001b72b260:   0000000000000000 0000000000000000
0x000000001b72b270:   000000002e162560 000000006fab7320
0x000000001b72b280:   0000000030166b55 000000002e156100
0x000000001b72b290:   0000000000000001 000000002e152cb0
0x000000001b72b2a0:   000000002e152d30 0000000000000000 

Instructions: (pc=0x000000006ee76520)
0x000000006ee76500:   c4 e3 5d 0c c0 55 c5 e4 5c c8 c5 e4 58 c0 c5 fc
0x000000006ee76510:   29 01 c5 fc 29 49 20 c3 0f 1f 84 00 00 00 00 00
0x000000006ee76520:   c5 fc 28 51 40 c5 fc 28 59 60 c5 ec 5c fb c5 ec
0x000000006ee76530:   58 d3 c5 c4 57 3d 26 41 84 00 c5 ec c6 df be c5 


Register to memory mapping:

RAX=0x000000002e153570 is an unknown value
RBX=0x000000002e1561a0 is an unknown value
RCX=0x000000002e153570 is an unknown value
RDX=0x0000000000000009 is an unknown value
RSP=0x000000001b72b1b0 is pointing into the stack for thread: 0x000000001a964000
RBP=0x000000002e152cb0 is an unknown value
RSI=0x000000002e154570 is an unknown value
RDI=0x0000000000000004 is an unknown value
R8 =0x000000006ee77580 is an unknown value
R9 =0x000000006ee76490 is an unknown value
R10=0x000000002ba2f8c0 is an unknown value
R11=0x000000002e1c8b30 is an unknown value
R12=0x000000002e1c9330 is an unknown value
R13=0x0000000000000004 is an unknown value
R14=0x0000000000000184 is an unknown value
R15=0x000000006fab8f20 is an unknown value


Stack: [0x000000001b630000,0x000000001b730000],  sp=0x000000001b72b1b0,  free space=1004k
Native frames: (J=compiled Java code, j=interpreted, Vv=VM code, C=native code)
C  0x000000006ee76520

Java frames: (J=compiled Java code, j=interpreted, Vv=VM code)
j  com.xuggle.xuggler.XugglerJNI.IContainer_open__SWIG_0(JLcom/xuggle/xuggler/IContainer;Ljava/lang/String;IJLcom/xuggle/xuggler/IContainerFormat;)I+0
j  com.xuggle.xuggler.IContainer.open(Ljava/lang/String;Lcom/xuggle/xuggler/IContainer$Type;Lcom/xuggle/xuggler/IContainerFormat;)I+15
j  GUIController.muteClick(Ljavafx/scene/input/MouseEvent;)V+135
v  ~StubRoutines::call_stub
j  sun.reflect.NativeMethodAccessorImpl.invoke0(Ljava/lang/reflect/Method;Ljava/lang/Object;[Ljava/lang/Object;)Ljava/lang/Object;+0
J 1074 C1 sun.reflect.NativeMethodAccessorImpl.invoke(Ljava/lang/Object;[Ljava/lang/Object;)Ljava/lang/Object; (104 bytes) @ 0x00000000031243a4 [0x0000000003123200+0x11a4]
J 826 C1 sun.reflect.DelegatingMethodAccessorImpl.invoke(Ljava/lang/Object;[Ljava/lang/Object;)Ljava/lang/Object; (10 bytes) @ 0x0000000003079644 [0x0000000003079540+0x104]
J 825 C1 java.lang.reflect.Method.invoke(Ljava/lang/Object;[Ljava/lang/Object;)Ljava/lang/Object; (62 bytes) @ 0x0000000003079dec [0x0000000003079a00+0x3ec]
j  sun.reflect.misc.Trampoline.invoke(Ljava/lang/reflect/Method;Ljava/lang/Object;[Ljava/lang/Object;)Ljava/lang/Object;+7
j  sun.reflect.GeneratedMethodAccessor1.invoke(Ljava/lang/Object;[Ljava/lang/Object;)Ljava/lang/Object;+40
J 826 C1 sun.reflect.DelegatingMethodAccessorImpl.invoke(Ljava/lang/Object;[Ljava/lang/Object;)Ljava/lang/Object; (10 bytes) @ 0x0000000003079644 [0x0000000003079540+0x104]
J 825 C1 java.lang.reflect.Method.invoke(Ljava/lang/Object;[Ljava/lang/Object;)Ljava/lang/Object; (62 bytes) @ 0x0000000003079dec [0x0000000003079a00+0x3ec]
j  sun.reflect.misc.MethodUtil.invoke(Ljava/lang/reflect/Method;Ljava/lang/Object;[Ljava/lang/Object;)Ljava/lang/Object;+20
j  javafx.fxml.FXMLLoader$MethodHandler.invoke([Ljava/lang/Object;)V+19
j  javafx.fxml.FXMLLoader$ControllerMethodEventHandler.handle(Ljavafx/event/Event;)V+12
j  com.sun.javafx.event.CompositeEventHandler.dispatchBubblingEvent(Ljavafx/event/Event;)V+51
J 1512 C1 com.sun.javafx.event.EventHandlerManager.dispatchBubblingEvent(Ljavafx/event/Event;)Ljavafx/event/Event; (23 bytes) @ 0x00000000031ff79c [0x00000000031ff120+0x67c]
J 1417 C1 com.sun.javafx.event.CompositeEventDispatcher.dispatchBubblingEvent(Ljavafx/event/Event;)Ljavafx/event/Event; (35 bytes) @ 0x00000000031ce39c [0x00000000031ce1e0+0x1bc]
J 1341 C1 com.sun.javafx.event.BasicEventDispatcher.dispatchEvent(Ljavafx/event/Event;Ljavafx/event/EventDispatchChain;)Ljavafx/event/Event; (44 bytes) @ 0x00000000031b2d3c [0x00000000031b2a00+0x33c]
J 1262 C1 com.sun.javafx.event.EventDispatchChainImpl.dispatchEvent(Ljavafx/event/Event;)Ljavafx/event/Event; (101 bytes) @ 0x0000000003190ff4 [0x0000000003190e40+0x1b4]
J 1341 C1 com.sun.javafx.event.BasicEventDispatcher.dispatchEvent(Ljavafx/event/Event;Ljavafx/event/EventDispatchChain;)Ljavafx/event/Event; (44 bytes) @ 0x00000000031b2c54 [0x00000000031b2a00+0x254]
J 1262 C1 com.sun.javafx.event.EventDispatchChainImpl.dispatchEvent(Ljavafx/event/Event;)Ljavafx/event/Event; (101 bytes) @ 0x0000000003190ff4 [0x0000000003190e40+0x1b4]
J 1341 C1 com.sun.javafx.event.BasicEventDispatcher.dispatchEvent(Ljavafx/event/Event;Ljavafx/event/EventDispatchChain;)Ljavafx/event/Event; (44 bytes) @ 0x00000000031b2c54 [0x00000000031b2a00+0x254]
J 1262 C1 com.sun.javafx.event.EventDispatchChainImpl.dispatchEvent(Ljavafx/event/Event;)Ljavafx/event/Event; (101 bytes) @ 0x0000000003190ff4 [0x0000000003190e40+0x1b4]
J 1656 C1 com.sun.javafx.event.EventUtil.fireEvent(Ljavafx/event/EventTarget;Ljavafx/event/Event;)Ljavafx/event/Event; (81 bytes) @ 0x000000000325019c [0x000000000324fa60+0x73c]
J 1655 C1 javafx.event.Event.fireEvent(Ljavafx/event/EventTarget;Ljavafx/event/Event;)V (35 bytes) @ 0x000000000324f42c [0x000000000324f360+0xcc]
j  javafx.scene.Scene$ClickGenerator.postProcess(Ljavafx/scene/input/MouseEvent;Ljavafx/scene/Scene$TargetWrapper;Ljavafx/scene/Scene$TargetWrapper;)V+254
J 2248 C1 javafx.scene.Scene$MouseHandler.process(Ljavafx/scene/input/MouseEvent;Z)V (735 bytes) @ 0x00000000033c8444 [0x00000000033c5760+0x2ce4]
J 1804 C1 javafx.scene.Scene$MouseHandler.access$1500(Ljavafx/scene/Scene$MouseHandler;Ljavafx/scene/input/MouseEvent;Z)V (7 bytes) @ 0x00000000032bbb9c [0x00000000032bbb40+0x5c]
j  javafx.scene.Scene.impl_processMouseEvent(Ljavafx/scene/input/MouseEvent;)V+6
j  javafx.scene.Scene$ScenePeerListener.mouseEvent(Ljavafx/event/EventType;DDDDLjavafx/scene/input/MouseButton;ZZZZZZZZZ)V+46
j  com.sun.javafx.tk.quantum.GlassViewEventHandler$MouseEventNotification.run()Ljava/lang/Void;+571
j  com.sun.javafx.tk.quantum.GlassViewEventHandler$MouseEventNotification.run()Ljava/lang/Object;+1
v  ~StubRoutines::call_stub
J 1507  java.security.AccessController.doPrivileged(Ljava/security/PrivilegedAction;Ljava/security/AccessControlContext;)Ljava/lang/Object; (0 bytes) @ 0x00000000031fe0e6 [0x00000000031fe080+0x66]
j  com.sun.javafx.tk.quantum.GlassViewEventHandler.lambda$handleMouseEvent$2()Ljava/lang/Void;+11
j  com.sun.javafx.tk.quantum.GlassViewEventHandler$$Lambda$163.get()Ljava/lang/Object;+4
J 1854 C1 com.sun.javafx.tk.quantum.QuantumToolkit.runWithoutRenderLock(Ljava/util/function/Supplier;)Ljava/lang/Object; (49 bytes) @ 0x00000000032d5d5c [0x00000000032d5820+0x53c]
j  com.sun.javafx.tk.quantum.GlassViewEventHandler.handleMouseEvent(Lcom/sun/glass/ui/View;JIIIIIIIZZ)V+103
j  com.sun.glass.ui.View.handleMouseEvent(JIIIIIIIZZ)V+30
j  com.sun.glass.ui.View.notifyMouse(IIIIIIIZZ)V+181
v  ~StubRoutines::call_stub
j  com.sun.glass.ui.win.WinApplication._runLoop(Ljava/lang/Runnable;)V+0
j  com.sun.glass.ui.win.WinApplication.lambda$null$4(ILjava/lang/Runnable;)V+8
j  com.sun.glass.ui.win.WinApplication$$Lambda$38.run()V+12
j  java.lang.Thread.run()V+11
v  ~StubRoutines::call_stub

---------------  P R O C E S S  ---------------

Java Threads: ( => current thread )
  0x0000000019c93800 JavaThread "Direct Clip" daemon [_thread_blocked, id=9244, stack(0x0000000030050000,0x0000000030150000)]
  0x0000000019c91800 JavaThread "Java Sound Event Dispatcher" daemon [_thread_blocked, id=10216, stack(0x000000002e9c0000,0x000000002eac0000)]
  0x0000000019a46800 JavaThread "Timer-0" daemon [_thread_blocked, id=13324, stack(0x000000002d440000,0x000000002d540000)]
  0x0000000019d89800 JavaThread "Media Resource Disposer" daemon [_thread_blocked, id=13624, stack(0x000000002b6b0000,0x000000002b7b0000)]
  0x0000000019b44800 JavaThread "JFXMedia Player EventQueueThread" daemon [_thread_blocked, id=9692, stack(0x0000000028630000,0x0000000028730000)]
  0x000000001ab38000 JavaThread "Prism Font Disposer" daemon [_thread_blocked, id=13900, stack(0x00000000239b0000,0x0000000023ab0000)]
  0x000000001a9e5800 JavaThread "Thread-3" daemon [_thread_in_native, id=8780, stack(0x0000000022200000,0x0000000022300000)]
  0x000000001a995800 JavaThread "JavaFX-Launcher" [_thread_blocked, id=2336, stack(0x0000000022300000,0x0000000022400000)]
=>0x000000001a964000 JavaThread "JavaFX Application Thread" [_thread_in_native, id=2036, stack(0x000000001b630000,0x000000001b730000)]
  0x000000001a953800 JavaThread "Thread-1" daemon [_thread_blocked, id=100, stack(0x000000001b530000,0x000000001b630000)]
  0x000000001a93c000 JavaThread "QuantumRenderer-0" daemon [_thread_blocked, id=13648, stack(0x000000001b260000,0x000000001b360000)]
  0x0000000019a69000 JavaThread "Service Thread" daemon [_thread_blocked, id=9136, stack(0x000000001a6b0000,0x000000001a7b0000)]
  0x00000000199cd000 JavaThread "C1 CompilerThread3" daemon [_thread_blocked, id=13040, stack(0x000000001a5b0000,0x000000001a6b0000)]
  0x00000000199c8800 JavaThread "C2 CompilerThread2" daemon [_thread_blocked, id=12504, stack(0x000000001a4b0000,0x000000001a5b0000)]
  0x00000000199c5800 JavaThread "C2 CompilerThread1" daemon [_thread_blocked, id=1928, stack(0x000000001a3b0000,0x000000001a4b0000)]
  0x00000000199c2800 JavaThread "C2 CompilerThread0" daemon [_thread_blocked, id=13956, stack(0x000000001a2b0000,0x000000001a3b0000)]
  0x00000000199bf800 JavaThread "Attach Listener" daemon [_thread_blocked, id=6000, stack(0x000000001a1b0000,0x000000001a2b0000)]
  0x0000000017bce800 JavaThread "Signal Dispatcher" daemon [_thread_blocked, id=13340, stack(0x000000001a0b0000,0x000000001a1b0000)]
  0x0000000002d6e000 JavaThread "Finalizer" daemon [_thread_blocked, id=13532, stack(0x0000000019e90000,0x0000000019f90000)]
  0x00000000199b0800 JavaThread "Reference Handler" daemon [_thread_blocked, id=11792, stack(0x0000000019d90000,0x0000000019e90000)]
  0x0000000002c73000 JavaThread "main" [_thread_blocked, id=3600, stack(0x0000000002ae0000,0x0000000002be0000)]

Other Threads:
  0x0000000017bba000 VMThread [stack: 0x0000000019890000,0x0000000019990000] [id=7616]
  0x0000000019a6b000 WatcherThread [stack: 0x000000001a7b0000,0x000000001a8b0000] [id=2444]

VM state:not at safepoint (normal execution)

VM Mutex/Monitor currently owned by a thread: None

heap address: 0x0000000083c00000, size: 1988 MB, Compressed Oops mode: 32-bit
Narrow klass base: 0x0000000000000000, Narrow klass shift: 3
Compressed class space size: 1073741824 Address: 0x0000000100000000

Heap:
 PSYoungGen      total 44032K, used 39456K [0x00000000d6980000, 0x00000000da380000, 0x0000000100000000)
  eden space 31744K, 99% used [0x00000000d6980000,0x00000000d884ef58,0x00000000d8880000)
  from space 12288K, 64% used [0x00000000d9780000,0x00000000d9f391c0,0x00000000da380000)
  to   space 13824K, 0% used [0x00000000d8880000,0x00000000d8880000,0x00000000d9600000)
 ParOldGen       total 86016K, used 14350K [0x0000000083c00000, 0x0000000089000000, 0x00000000d6980000)
  object space 86016K, 16% used [0x0000000083c00000,0x0000000084a039c8,0x0000000089000000)
 Metaspace       used 18934K, capacity 19576K, committed 19712K, reserved 1067008K
  class space    used 2544K, capacity 2729K, committed 2816K, reserved 1048576K

Card table byte_map: [0x0000000012130000,0x0000000012520000] byte_map_base: 0x0000000011d12000

Marking Bits: (ParMarkBitMap*) 0x0000000071e6be30
 Begin Bits: [0x0000000012fc0000, 0x0000000014ed0000)
 End Bits:   [0x0000000014ed0000, 0x0000000016de0000)

Polling page: 0x0000000000de0000

CodeCache: size=245760Kb used=6865Kb max_used=6878Kb free=238894Kb
 bounds [0x0000000002d70000, 0x0000000003430000, 0x0000000011d70000]
 total_blobs=3091 nmethods=2357 adapters=646
 compilation: enabled

Compilation events (10 events):
Event: 14.302 Thread 0x00000000199cd000 nmethod 2353 0x0000000003422a50 code [0x0000000003422c20, 0x0000000003423398]
Event: 14.302 Thread 0x00000000199c8800 2354       4       java.io.FilterInputStream::read (11 bytes)
Event: 14.304 Thread 0x00000000199c5800 2355       4       java.io.FileOutputStream::write (12 bytes)
Event: 14.304 Thread 0x00000000199c5800 nmethod 2355 0x000000000341ed50 code [0x000000000341eea0, 0x000000000341ef28]
Event: 14.308 Thread 0x00000000199c2800 nmethod 2348 0x0000000003429190 code [0x0000000003429340, 0x000000000342a9c8]
Event: 14.312 Thread 0x00000000199c8800 nmethod 2354 0x0000000003423c10 code [0x0000000003423dc0, 0x0000000003424b58]
Event: 14.452 Thread 0x00000000199c5800 2356       4       java.lang.AbstractStringBuilder::newCapacity (39 bytes)
Event: 14.453 Thread 0x00000000199c5800 nmethod 2356 0x0000000003420ad0 code [0x0000000003420c00, 0x0000000003420cd8]
Event: 14.460 Thread 0x00000000199c2800 2357       4       java.lang.String::regionMatches (149 bytes)
Event: 14.466 Thread 0x00000000199c2800 nmethod 2357 0x000000000342b590 code [0x000000000342b700, 0x000000000342be58]

GC Heap History (10 events):
Event: 8.501 GC heap before
{Heap before GC invocations=2 (full 0):
 PSYoungGen      total 37888K, used 37856K [0x00000000d6980000, 0x00000000d9380000, 0x0000000100000000)
  eden space 32768K, 100% used [0x00000000d6980000,0x00000000d8980000,0x00000000d8980000)
  from space 5120K, 99% used [0x00000000d8980000,0x00000000d8e78060,0x00000000d8e80000)
  to   space 5120K, 0% used [0x00000000d8e80000,0x00000000d8e80000,0x00000000d9380000)
 ParOldGen       total 86016K, used 6893K [0x0000000083c00000, 0x0000000089000000, 0x00000000d6980000)
  object space 86016K, 8% used [0x0000000083c00000,0x00000000842bb478,0x0000000089000000)
 Metaspace       used 17035K, capacity 17696K, committed 17920K, reserved 1064960K
  class space    used 2386K, capacity 2553K, committed 2560K, reserved 1048576K
Event: 8.507 GC heap after
Heap after GC invocations=2 (full 0):
 PSYoungGen      total 37888K, used 5088K [0x00000000d6980000, 0x00000000d9380000, 0x0000000100000000)
  eden space 32768K, 0% used [0x00000000d6980000,0x00000000d6980000,0x00000000d8980000)
  from space 5120K, 99% used [0x00000000d8e80000,0x00000000d9378060,0x00000000d9380000)
  to   space 5120K, 0% used [0x00000000d8980000,0x00000000d8980000,0x00000000d8e80000)
 ParOldGen       total 86016K, used 13166K [0x0000000083c00000, 0x0000000089000000, 0x00000000d6980000)
  object space 86016K, 15% used [0x0000000083c00000,0x00000000848db9b8,0x0000000089000000)
 Metaspace       used 17035K, capacity 17696K, committed 17920K, reserved 1064960K
  class space    used 2386K, capacity 2553K, committed 2560K, reserved 1048576K
}
Event: 9.166 GC heap before
{Heap before GC invocations=3 (full 0):
 PSYoungGen      total 37888K, used 37856K [0x00000000d6980000, 0x00000000d9380000, 0x0000000100000000)
  eden space 32768K, 100% used [0x00000000d6980000,0x00000000d8980000,0x00000000d8980000)
  from space 5120K, 99% used [0x00000000d8e80000,0x00000000d9378060,0x00000000d9380000)
  to   space 5120K, 0% used [0x00000000d8980000,0x00000000d8980000,0x00000000d8e80000)
 ParOldGen       total 86016K, used 13166K [0x0000000083c00000, 0x0000000089000000, 0x00000000d6980000)
  object space 86016K, 15% used [0x0000000083c00000,0x00000000848db9b8,0x0000000089000000)
 Metaspace       used 17292K, capacity 17958K, committed 18304K, reserved 1064960K
  class space    used 2406K, capacity 2594K, committed 2688K, reserved 1048576K
Event: 9.171 GC heap after
Heap after GC invocations=3 (full 0):
 PSYoungGen      total 37888K, used 5104K [0x00000000d6980000, 0x00000000d9380000, 0x0000000100000000)
  eden space 32768K, 0% used [0x00000000d6980000,0x00000000d6980000,0x00000000d8980000)
  from space 5120K, 99% used [0x00000000d8980000,0x00000000d8e7c070,0x00000000d8e80000)
  to   space 5120K, 0% used [0x00000000d8e80000,0x00000000d8e80000,0x00000000d9380000)
 ParOldGen       total 86016K, used 13238K [0x0000000083c00000, 0x0000000089000000, 0x00000000d6980000)
  object space 86016K, 15% used [0x0000000083c00000,0x00000000848ed9b8,0x0000000089000000)
 Metaspace       used 17292K, capacity 17958K, committed 18304K, reserved 1064960K
  class space    used 2406K, capacity 2594K, committed 2688K, reserved 1048576K
}
Event: 10.269 GC heap before
{Heap before GC invocations=4 (full 0):
 PSYoungGen      total 37888K, used 37872K [0x00000000d6980000, 0x00000000d9380000, 0x0000000100000000)
  eden space 32768K, 100% used [0x00000000d6980000,0x00000000d8980000,0x00000000d8980000)
  from space 5120K, 99% used [0x00000000d8980000,0x00000000d8e7c070,0x00000000d8e80000)
  to   space 5120K, 0% used [0x00000000d8e80000,0x00000000d8e80000,0x00000000d9380000)
 ParOldGen       total 86016K, used 13238K [0x0000000083c00000, 0x0000000089000000, 0x00000000d6980000)
  object space 86016K, 15% used [0x0000000083c00000,0x00000000848ed9b8,0x0000000089000000)
 Metaspace       used 17441K, capacity 18086K, committed 18304K, reserved 1064960K
  class space    used 2406K, capacity 2594K, committed 2688K, reserved 1048576K
Event: 10.273 GC heap after
Heap after GC invocations=4 (full 0):
 PSYoungGen      total 37888K, used 5104K [0x00000000d6980000, 0x00000000d9380000, 0x0000000100000000)
  eden space 32768K, 0% used [0x00000000d6980000,0x00000000d6980000,0x00000000d8980000)
  from space 5120K, 99% used [0x00000000d8e80000,0x00000000d937c070,0x00000000d9380000)
  to   space 5120K, 0% used [0x00000000d8980000,0x00000000d8980000,0x00000000d8e80000)
 ParOldGen       total 86016K, used 13310K [0x0000000083c00000, 0x0000000089000000, 0x00000000d6980000)
  object space 86016K, 15% used [0x0000000083c00000,0x00000000848ff9b8,0x0000000089000000)
 Metaspace       used 17441K, capacity 18086K, committed 18304K, reserved 1064960K
  class space    used 2406K, capacity 2594K, committed 2688K, reserved 1048576K
}
Event: 11.665 GC heap before
{Heap before GC invocations=5 (full 0):
 PSYoungGen      total 37888K, used 37872K [0x00000000d6980000, 0x00000000d9380000, 0x0000000100000000)
  eden space 32768K, 100% used [0x00000000d6980000,0x00000000d8980000,0x00000000d8980000)
  from space 5120K, 99% used [0x00000000d8e80000,0x00000000d937c070,0x00000000d9380000)
  to   space 5120K, 0% used [0x00000000d8980000,0x00000000d8980000,0x00000000d8e80000)
 ParOldGen       total 86016K, used 13310K [0x0000000083c00000, 0x0000000089000000, 0x00000000d6980000)
  object space 86016K, 15% used [0x0000000083c00000,0x00000000848ff9b8,0x0000000089000000)
 Metaspace       used 17555K, capacity 18278K, committed 18560K, reserved 1064960K
  class space    used 2406K, capacity 2594K, committed 2688K, reserved 1048576K
Event: 11.673 GC heap after
Heap after GC invocations=5 (full 0):
 PSYoungGen      total 37376K, used 4160K [0x00000000d6980000, 0x00000000da600000, 0x0000000100000000)
  eden space 32256K, 0% used [0x00000000d6980000,0x00000000d6980000,0x00000000d8900000)
  from space 5120K, 81% used [0x00000000d8980000,0x00000000d8d90050,0x00000000d8e80000)
  to   space 14848K, 0% used [0x00000000d9780000,0x00000000d9780000,0x00000000da600000)
 ParOldGen       total 86016K, used 14342K [0x0000000083c00000, 0x0000000089000000, 0x00000000d6980000)
  object space 86016K, 16% used [0x0000000083c00000,0x0000000084a019c8,0x0000000089000000)
 Metaspace       used 17555K, capacity 18278K, committed 18560K, reserved 1064960K
  class space    used 2406K, capacity 2594K, committed 2688K, reserved 1048576K
}
Event: 12.970 GC heap before
{Heap before GC invocations=6 (full 0):
 PSYoungGen      total 37376K, used 36416K [0x00000000d6980000, 0x00000000da600000, 0x0000000100000000)
  eden space 32256K, 100% used [0x00000000d6980000,0x00000000d8900000,0x00000000d8900000)
  from space 5120K, 81% used [0x00000000d8980000,0x00000000d8d90050,0x00000000d8e80000)
  to   space 14848K, 0% used [0x00000000d9780000,0x00000000d9780000,0x00000000da600000)
 ParOldGen       total 86016K, used 14342K [0x0000000083c00000, 0x0000000089000000, 0x00000000d6980000)
  object space 86016K, 16% used [0x0000000083c00000,0x0000000084a019c8,0x0000000089000000)
 Metaspace       used 17942K, capacity 18644K, committed 18816K, reserved 1064960K
  class space    used 2448K, capacity 2629K, committed 2688K, reserved 1048576K
Event: 12.974 GC heap after
Heap after GC invocations=6 (full 0):
 PSYoungGen      total 44032K, used 7908K [0x00000000d6980000, 0x00000000da380000, 0x0000000100000000)
  eden space 31744K, 0% used [0x00000000d6980000,0x00000000d6980000,0x00000000d8880000)
  from space 12288K, 64% used [0x00000000d9780000,0x00000000d9f391c0,0x00000000da380000)
  to   space 13824K, 0% used [0x00000000d8880000,0x00000000d8880000,0x00000000d9600000)
 ParOldGen       total 86016K, used 14350K [0x0000000083c00000, 0x0000000089000000, 0x00000000d6980000)
  object space 86016K, 16% used [0x0000000083c00000,0x0000000084a039c8,0x0000000089000000)
 Metaspace       used 17942K, capacity 18644K, committed 18816K, reserved 1064960K
  class space    used 2448K, capacity 2629K, committed 2688K, reserved 1048576K
}

Deoptimization events (10 events):
Event: 8.406 Thread 0x000000001a964000 Uncommon trap: reason=unstable_if action=reinterpret pc=0x0000000002f7e0c8 method=java.lang.AbstractStringBuilder.append(Ljava/lang/String;)Ljava/lang/AbstractStringBuilder; @ 1
Event: 12.701 Thread 0x000000001a964000 Uncommon trap: reason=bimorphic action=maybe_recompile pc=0x00000000030d1494 method=java.io.DataInputStream.readShort()S @ 4
Event: 12.701 Thread 0x000000001a964000 Uncommon trap: reason=bimorphic action=maybe_recompile pc=0x00000000030d1494 method=java.io.DataInputStream.readShort()S @ 4
Event: 12.701 Thread 0x000000001a964000 Uncommon trap: reason=bimorphic action=maybe_recompile pc=0x00000000030d1494 method=java.io.DataInputStream.readShort()S @ 4
Event: 12.701 Thread 0x000000001a964000 Uncommon trap: reason=bimorphic action=maybe_recompile pc=0x00000000030d1494 method=java.io.DataInputStream.readShort()S @ 4
Event: 13.923 Thread 0x000000001a964000 Uncommon trap: reason=class_check action=maybe_recompile pc=0x00000000030f5cb4 method=java.util.HashMap.putVal(ILjava/lang/Object;Ljava/lang/Object;ZZ)Ljava/lang/Object; @ 253
Event: 13.923 Thread 0x000000001a964000 Uncommon trap: reason=class_check action=maybe_recompile pc=0x00000000030f5cb4 method=java.util.HashMap.putVal(ILjava/lang/Object;Ljava/lang/Object;ZZ)Ljava/lang/Object; @ 253
Event: 13.923 Thread 0x000000001a964000 Uncommon trap: reason=class_check action=maybe_recompile pc=0x00000000030f5cb4 method=java.util.HashMap.putVal(ILjava/lang/Object;Ljava/lang/Object;ZZ)Ljava/lang/Object; @ 253
Event: 13.923 Thread 0x000000001a964000 Uncommon trap: reason=class_check action=maybe_recompile pc=0x00000000030f5cb4 method=java.util.HashMap.putVal(ILjava/lang/Object;Ljava/lang/Object;ZZ)Ljava/lang/Object; @ 253
Event: 14.199 Thread 0x000000001a964000 Uncommon trap: reason=unstable_if action=reinterpret pc=0x0000000002f9e318 method=sun.nio.cs.UTF_8$Encoder.encode([CII[B)I @ 33

Classes redefined (0 events):
No events

Internal exceptions (10 events):
Event: 0.452 Thread 0x000000001a964000 Exception <a 'java/lang/NullPointerException'> (0x00000000d76ebc10) thrown at [C:\ade\jenkins\workspace\8-2-build-windows-amd64-cygwin\jdk8u241\331\hotspot\src\share\vm\prims\jvm.cpp, line 1506]
Event: 0.613 Thread 0x000000001a964000 Exception <a 'java/lang/ArrayIndexOutOfBoundsException'> (0x00000000d7dcf460) thrown at [C:\ade\jenkins\workspace\8-2-build-windows-amd64-cygwin\jdk8u241\331\hotspot\src\share\vm\runtime\sharedRuntime.cpp, line 605]
Event: 0.614 Thread 0x000000001a964000 Exception <a 'java/lang/ArrayIndexOutOfBoundsException'> (0x00000000d7dcff78) thrown at [C:\ade\jenkins\workspace\8-2-build-windows-amd64-cygwin\jdk8u241\331\hotspot\src\share\vm\runtime\sharedRuntime.cpp, line 605]
Event: 0.614 Thread 0x000000001a964000 Exception <a 'java/lang/ArrayIndexOutOfBoundsException'> (0x00000000d7dd1320) thrown at [C:\ade\jenkins\workspace\8-2-build-windows-amd64-cygwin\jdk8u241\331\hotspot\src\share\vm\runtime\sharedRuntime.cpp, line 605]
Event: 0.641 Thread 0x000000001a964000 Exception <a 'java/lang/ArrayIndexOutOfBoundsException'> (0x00000000d80f7960) thrown at [C:\ade\jenkins\workspace\8-2-build-windows-amd64-cygwin\jdk8u241\331\hotspot\src\share\vm\runtime\sharedRuntime.cpp, line 605]
Event: 0.755 Thread 0x000000001a964000 Implicit null exception at 0x000000000303fe35 to 0x0000000003040045
Event: 0.888 Thread 0x000000001a964000 Exception <a 'java/io/FileNotFoundException'> (0x00000000d6d6b4a8) thrown at [C:\ade\jenkins\workspace\8-2-build-windows-amd64-cygwin\jdk8u241\331\hotspot\src\share\vm\prims\jni.cpp, line 710]
Event: 8.406 Thread 0x000000001a964000 Implicit null exception at 0x0000000002fc3f16 to 0x0000000002fc42b9
Event: 8.406 Thread 0x000000001a964000 Implicit null exception at 0x0000000002f7dd16 to 0x0000000002f7e0b1
Event: 8.411 Thread 0x000000001a964000 Exception <a 'java/lang/NullPointerException'> (0x00000000d7876208) thrown at [C:\ade\jenkins\workspace\8-2-build-windows-amd64-cygwin\jdk8u241\331\hotspot\src\share\vm\interpreter\linkResolver.cpp, line 1287]

Events (10 events):
Event: 14.458 loading class com/xuggle/xuggler/IAudioSamples$Format$SwigNext
Event: 14.458 loading class com/xuggle/xuggler/IAudioSamples$Format$SwigNext done
Event: 14.458 loading class com/xuggle/xuggler/IRational
Event: 14.458 loading class com/xuggle/xuggler/IRational done
Event: 14.459 loading class com/xuggle/xuggler/IContainer$Type
Event: 14.459 loading class com/xuggle/xuggler/IContainer$Type done
Event: 14.460 loading class com/xuggle/xuggler/IContainer$Type$SwigNext
Event: 14.460 loading class com/xuggle/xuggler/IContainer$Type$SwigNext done
Event: 14.460 loading class com/xuggle/xuggler/IContainerFormat
Event: 14.460 loading class com/xuggle/xuggler/IContainerFormat done


Dynamic libraries:
0x00007ff6aaa90000 - 0x00007ff6aaac7000 	C:\Program Files\Java\jdk1.8.0_241\jre\bin\java.exe
0x00007ff8d7600000 - 0x00007ff8d77f0000 	C:\windows\SYSTEM32\ntdll.dll
0x00007ff8d6670000 - 0x00007ff8d6722000 	C:\windows\System32\KERNEL32.DLL
0x00007ff8d50c0000 - 0x00007ff8d5365000 	C:\windows\System32\KERNELBASE.dll
0x00007ff8d6950000 - 0x00007ff8d69f3000 	C:\windows\System32\ADVAPI32.dll
0x00007ff8d7520000 - 0x00007ff8d75be000 	C:\windows\System32\msvcrt.dll
0x00007ff8d6c10000 - 0x00007ff8d6ca7000 	C:\windows\System32\sechost.dll
0x00007ff8d6cb0000 - 0x00007ff8d6dd0000 	C:\windows\System32\RPCRT4.dll
0x00007ff8d6730000 - 0x00007ff8d68c4000 	C:\windows\System32\USER32.dll
0x00007ff8d46b0000 - 0x00007ff8d46d1000 	C:\windows\System32\win32u.dll
0x00007ff8d74f0000 - 0x00007ff8d7516000 	C:\windows\System32\GDI32.dll
0x00007ff8d5510000 - 0x00007ff8d56a6000 	C:\windows\System32\gdi32full.dll
0x00007ff8d5420000 - 0x00007ff8d54be000 	C:\windows\System32\msvcp_win.dll
0x00007ff8d46e0000 - 0x00007ff8d47da000 	C:\windows\System32\ucrtbase.dll
0x00007ff8ba750000 - 0x00007ff8ba9d4000 	C:\windows\WinSxS\amd64_microsoft.windows.common-controls_6595b64144ccf1df_6.0.18362.1198_none_9e820b57e45ad92f\COMCTL32.dll
0x00007ff8d6f00000 - 0x00007ff8d7235000 	C:\windows\System32\combase.dll
0x00007ff8d4580000 - 0x00007ff8d4600000 	C:\windows\System32\bcryptPrimitives.dll
0x00007ff8d5ba0000 - 0x00007ff8d5bce000 	C:\windows\System32\IMM32.DLL
0x0000000071560000 - 0x0000000071632000 	C:\Program Files\Java\jdk1.8.0_241\jre\bin\msvcr100.dll
0x0000000071640000 - 0x0000000071eec000 	C:\Program Files\Java\jdk1.8.0_241\jre\bin\server\jvm.dll
0x00007ff8d6dd0000 - 0x00007ff8d6dd8000 	C:\windows\System32\PSAPI.DLL
0x00007ff8d1aa0000 - 0x00007ff8d1ac4000 	C:\windows\SYSTEM32\WINMM.dll
0x00007ff8cd6a0000 - 0x00007ff8cd6a9000 	C:\windows\SYSTEM32\WSOCK32.dll
0x00007ff8cc830000 - 0x00007ff8cc83a000 	C:\windows\SYSTEM32\VERSION.dll
0x00007ff8d6a60000 - 0x00007ff8d6acf000 	C:\windows\System32\WS2_32.dll
0x00007ff8d13b0000 - 0x00007ff8d13dd000 	C:\windows\SYSTEM32\WINMMBASE.dll
0x00007ff8d54c0000 - 0x00007ff8d550a000 	C:\windows\System32\cfgmgr32.dll
0x00007ff8cd5e0000 - 0x00007ff8cd5ef000 	C:\Program Files\Java\jdk1.8.0_241\jre\bin\verify.dll
0x00007ff8b9520000 - 0x00007ff8b9549000 	C:\Program Files\Java\jdk1.8.0_241\jre\bin\java.dll
0x00007ff8cce70000 - 0x00007ff8cce86000 	C:\Program Files\Java\jdk1.8.0_241\jre\bin\zip.dll
0x00007ff8d5e70000 - 0x00007ff8d6557000 	C:\windows\System32\SHELL32.dll
0x00007ff8d65c0000 - 0x00007ff8d6669000 	C:\windows\System32\shcore.dll
0x00007ff8d47e0000 - 0x00007ff8d4f61000 	C:\windows\System32\windows.storage.dll
0x00007ff8d44e0000 - 0x00007ff8d4503000 	C:\windows\System32\profapi.dll
0x00007ff8d4510000 - 0x00007ff8d455a000 	C:\windows\System32\powrprof.dll
0x00007ff8d44b0000 - 0x00007ff8d44c0000 	C:\windows\System32\UMPDC.dll
0x00007ff8d6df0000 - 0x00007ff8d6e42000 	C:\windows\System32\shlwapi.dll
0x00007ff8d4560000 - 0x00007ff8d4571000 	C:\windows\System32\kernel.appcore.dll
0x00007ff8d53d0000 - 0x00007ff8d53e7000 	C:\windows\System32\cryptsp.dll
0x0000000002a80000 - 0x0000000002a83000 	C:\Program Files\Java\jdk1.8.0_241\jre\bin\api-ms-win-core-console-l1-1-0.dll
0x0000000002a90000 - 0x0000000002a93000 	C:\Program Files\Java\jdk1.8.0_241\jre\bin\api-ms-win-core-datetime-l1-1-0.dll
0x0000000002aa0000 - 0x0000000002aa3000 	C:\Program Files\Java\jdk1.8.0_241\jre\bin\api-ms-win-core-debug-l1-1-0.dll
0x0000000002ab0000 - 0x0000000002ab3000 	C:\Program Files\Java\jdk1.8.0_241\jre\bin\api-ms-win-core-errorhandling-l1-1-0.dll
0x0000000002ac0000 - 0x0000000002ac4000 	C:\Program Files\Java\jdk1.8.0_241\jre\bin\api-ms-win-core-file-l1-1-0.dll
0x0000000002be0000 - 0x0000000002be3000 	C:\Program Files\Java\jdk1.8.0_241\jre\bin\api-ms-win-core-file-l1-2-0.dll
0x0000000002bf0000 - 0x0000000002bf3000 	C:\Program Files\Java\jdk1.8.0_241\jre\bin\api-ms-win-core-file-l2-1-0.dll
0x0000000002c00000 - 0x0000000002c03000 	C:\Program Files\Java\jdk1.8.0_241\jre\bin\api-ms-win-core-handle-l1-1-0.dll
0x0000000002c10000 - 0x0000000002c13000 	C:\Program Files\Java\jdk1.8.0_241\jre\bin\api-ms-win-core-heap-l1-1-0.dll
0x0000000002c20000 - 0x0000000002c23000 	C:\Program Files\Java\jdk1.8.0_241\jre\bin\api-ms-win-core-interlocked-l1-1-0.dll
0x0000000002c30000 - 0x0000000002c33000 	C:\Program Files\Java\jdk1.8.0_241\jre\bin\api-ms-win-core-libraryloader-l1-1-0.dll
0x0000000002c40000 - 0x0000000002c43000 	C:\Program Files\Java\jdk1.8.0_241\jre\bin\api-ms-win-core-localization-l1-2-0.dll
0x0000000002c50000 - 0x0000000002c53000 	C:\Program Files\Java\jdk1.8.0_241\jre\bin\api-ms-win-core-memory-l1-1-0.dll
0x000000001b0b0000 - 0x000000001b0b3000 	C:\Program Files\Java\jdk1.8.0_241\jre\bin\api-ms-win-core-namedpipe-l1-1-0.dll
0x000000001b0c0000 - 0x000000001b0c3000 	C:\Program Files\Java\jdk1.8.0_241\jre\bin\api-ms-win-core-processenvironment-l1-1-0.dll
0x000000001b0d0000 - 0x000000001b0d3000 	C:\Program Files\Java\jdk1.8.0_241\jre\bin\api-ms-win-core-processthreads-l1-1-0.dll
0x000000001b0e0000 - 0x000000001b0e3000 	C:\Program Files\Java\jdk1.8.0_241\jre\bin\api-ms-win-core-processthreads-l1-1-1.dll
0x000000001b0f0000 - 0x000000001b0f3000 	C:\Program Files\Java\jdk1.8.0_241\jre\bin\api-ms-win-core-profile-l1-1-0.dll
0x000000001b100000 - 0x000000001b103000 	C:\Program Files\Java\jdk1.8.0_241\jre\bin\api-ms-win-core-rtlsupport-l1-1-0.dll
0x000000001b110000 - 0x000000001b113000 	C:\Program Files\Java\jdk1.8.0_241\jre\bin\api-ms-win-core-string-l1-1-0.dll
0x000000001b120000 - 0x000000001b123000 	C:\Program Files\Java\jdk1.8.0_241\jre\bin\api-ms-win-core-synch-l1-1-0.dll
0x000000001b130000 - 0x000000001b133000 	C:\Program Files\Java\jdk1.8.0_241\jre\bin\api-ms-win-core-synch-l1-2-0.dll
0x000000001b140000 - 0x000000001b143000 	C:\Program Files\Java\jdk1.8.0_241\jre\bin\api-ms-win-core-sysinfo-l1-1-0.dll
0x000000001b150000 - 0x000000001b153000 	C:\Program Files\Java\jdk1.8.0_241\jre\bin\api-ms-win-core-timezone-l1-1-0.dll
0x000000001b160000 - 0x000000001b163000 	C:\Program Files\Java\jdk1.8.0_241\jre\bin\api-ms-win-core-util-l1-1-0.dll
0x000000001b170000 - 0x000000001b173000 	C:\Program Files\Java\jdk1.8.0_241\jre\bin\api-ms-win-crt-conio-l1-1-0.dll
0x000000001b180000 - 0x000000001b184000 	C:\Program Files\Java\jdk1.8.0_241\jre\bin\api-ms-win-crt-convert-l1-1-0.dll
0x000000001b190000 - 0x000000001b193000 	C:\Program Files\Java\jdk1.8.0_241\jre\bin\api-ms-win-crt-environment-l1-1-0.dll
0x000000001b1a0000 - 0x000000001b1a3000 	C:\Program Files\Java\jdk1.8.0_241\jre\bin\api-ms-win-crt-filesystem-l1-1-0.dll
0x000000001b1b0000 - 0x000000001b1b3000 	C:\Program Files\Java\jdk1.8.0_241\jre\bin\api-ms-win-crt-heap-l1-1-0.dll
0x000000001b1c0000 - 0x000000001b1c3000 	C:\Program Files\Java\jdk1.8.0_241\jre\bin\api-ms-win-crt-locale-l1-1-0.dll
0x000000001b1d0000 - 0x000000001b1d5000 	C:\Program Files\Java\jdk1.8.0_241\jre\bin\api-ms-win-crt-math-l1-1-0.dll
0x000000001b1e0000 - 0x000000001b1e5000 	C:\Program Files\Java\jdk1.8.0_241\jre\bin\api-ms-win-crt-multibyte-l1-1-0.dll
0x000000001b1f0000 - 0x000000001b200000 	C:\Program Files\Java\jdk1.8.0_241\jre\bin\api-ms-win-crt-private-l1-1-0.dll
0x000000001b200000 - 0x000000001b203000 	C:\Program Files\Java\jdk1.8.0_241\jre\bin\api-ms-win-crt-process-l1-1-0.dll
0x000000001b210000 - 0x000000001b214000 	C:\Program Files\Java\jdk1.8.0_241\jre\bin\api-ms-win-crt-runtime-l1-1-0.dll
0x000000001b220000 - 0x000000001b224000 	C:\Program Files\Java\jdk1.8.0_241\jre\bin\api-ms-win-crt-stdio-l1-1-0.dll
0x000000001b230000 - 0x000000001b234000 	C:\Program Files\Java\jdk1.8.0_241\jre\bin\api-ms-win-crt-string-l1-1-0.dll
0x000000001b240000 - 0x000000001b243000 	C:\Program Files\Java\jdk1.8.0_241\jre\bin\api-ms-win-crt-time-l1-1-0.dll
0x000000001b250000 - 0x000000001b253000 	C:\Program Files\Java\jdk1.8.0_241\jre\bin\api-ms-win-crt-utility-l1-1-0.dll
0x00007ff8b99c0000 - 0x00007ff8b9abc000 	C:\Program Files\Java\jdk1.8.0_241\jre\bin\ucrtbase.dll
0x00007ff8d0bd0000 - 0x00007ff8d0be5000 	C:\Program Files\Java\jdk1.8.0_241\jre\bin\vcruntime140.dll
0x00007ff8b9af0000 - 0x00007ff8b9b8b000 	C:\Program Files\Java\jdk1.8.0_241\jre\bin\msvcp140.dll
0x00007ff8b6d80000 - 0x00007ff8b6dd1000 	C:\Program Files\Java\jdk1.8.0_241\jre\bin\concrt140.dll
0x00007ff8cdfa0000 - 0x00007ff8cdfc3000 	C:\Program Files\Java\jdk1.8.0_241\jre\bin\prism_d3d.dll
0x00007ff89d2b0000 - 0x00007ff89d477000 	C:\windows\system32\d3d9.dll
0x00007ff8d2830000 - 0x00007ff8d285d000 	C:\windows\SYSTEM32\dwmapi.dll
0x00007ff8d30f0000 - 0x00007ff8d3110000 	C:\windows\SYSTEM32\dxcore.dll
0x00007ff8d2400000 - 0x00007ff8d2499000 	C:\windows\system32\uxtheme.dll
0x00007ff89d140000 - 0x00007ff89d2a5000 	C:\windows\System32\DriverStore\FileRepository\iigd_dch.inf_amd64_c84afe165d971f24\igdumdim64.dll
0x00007ff8d5d10000 - 0x00007ff8d5e67000 	C:\windows\System32\ole32.dll
0x00007ff8989c0000 - 0x00007ff89d140000 	C:\windows\System32\DriverStore\FileRepository\iigd_dch.inf_amd64_c84afe165d971f24\igd9dxva64.dll
0x00007ff8d5bd0000 - 0x00007ff8d5c95000 	C:\windows\System32\OLEAUT32.dll
0x00007ff8d56b0000 - 0x00007ff8d5b20000 	C:\windows\System32\SETUPAPI.dll
0x00007ff8d53f0000 - 0x00007ff8d5416000 	C:\windows\System32\bcrypt.dll
0x00007ff8c9f90000 - 0x00007ff8ca1e8000 	C:\windows\System32\DriverStore\FileRepository\iigd_dch.inf_amd64_c84afe165d971f24\igdgmm64.dll
0x00007ff8b6d30000 - 0x00007ff8b6d75000 	C:\Program Files\Java\jdk1.8.0_241\jre\bin\glass.dll
0x00007ff8d7420000 - 0x00007ff8d74f0000 	C:\windows\System32\COMDLG32.dll
0x00007ff8d6ad0000 - 0x00007ff8d6c05000 	C:\windows\System32\MSCTF.dll
0x00007ff8a9850000 - 0x00007ff8a9877000 	C:\windows\System32\DriverStore\FileRepository\iigd_dch.inf_amd64_c84afe165d971f24\igdinfo64.dll
0x00007ff8c2d20000 - 0x00007ff8c5a00000 	C:\windows\System32\DriverStore\FileRepository\iigd_dch.inf_amd64_c84afe165d971f24\igc64.dll
0x00007ff8ca6d0000 - 0x00007ff8ca6e4000 	C:\Program Files\Java\jdk1.8.0_241\jre\bin\javafx_font.dll
0x00007ff8bc960000 - 0x00007ff8bcc5e000 	C:\windows\SYSTEM32\dwrite.dll
0x00007ff8d6e50000 - 0x00007ff8d6ef2000 	C:\windows\System32\clbcatq.dll
0x00007ff8ce800000 - 0x00007ff8ce9af000 	C:\windows\SYSTEM32\WindowsCodecs.dll
0x00007ff8a2150000 - 0x00007ff8a218a000 	C:\windows\system32\dataexchange.dll
0x00007ff8d13e0000 - 0x00007ff8d163b000 	C:\windows\system32\d3d11.dll
0x00007ff8d1ad0000 - 0x00007ff8d1cad000 	C:\windows\system32\dcomp.dll
0x00007ff8d3180000 - 0x00007ff8d326b000 	C:\windows\system32\dxgi.dll
0x00007ff8d24d0000 - 0x00007ff8d2732000 	C:\windows\system32\twinapi.appcore.dll
0x00007ff8d29f0000 - 0x00007ff8d2a19000 	C:\windows\system32\RMCLIENT.dll
0x00007ff8b9980000 - 0x00007ff8b99b3000 	C:\Program Files\Common Files\Microsoft Shared\Ink\rtscom.dll
0x00007ff8be770000 - 0x00007ff8be80e000 	C:\windows\System32\TextInputFramework.dll
0x00007ff8cfa40000 - 0x00007ff8cfd6a000 	C:\windows\System32\CoreUIComponents.dll
0x00007ff8d1d80000 - 0x00007ff8d1e54000 	C:\windows\System32\CoreMessaging.dll
0x00007ff8d34f0000 - 0x00007ff8d3521000 	C:\windows\SYSTEM32\ntmarta.dll
0x00007ff8cf7a0000 - 0x00007ff8cf8f3000 	C:\windows\SYSTEM32\wintypes.dll
0x00007ff8bd020000 - 0x00007ff8bd2c7000 	C:\windows\System32\iertutil.dll
0x00007ff8ca6b0000 - 0x00007ff8ca6c1000 	C:\Program Files\Java\jdk1.8.0_241\jre\bin\prism_common.dll
0x00007ff8d0df0000 - 0x00007ff8d13b0000 	C:\windows\SYSTEM32\d2d1.dll
0x00007ff8cb990000 - 0x00007ff8cc0d1000 	C:\windows\SYSTEM32\D3D10Warp.dll
0x00007ff88c720000 - 0x00007ff88c8d3000 	C:\windows\SYSTEM32\DUI70.dll
0x00007ff88d8a0000 - 0x00007ff88d933000 	C:\windows\SYSTEM32\DUser.dll
0x00007ff8ca600000 - 0x00007ff8ca6a4000 	C:\Program Files\Common Files\microsoft shared\ink\tiptsf.dll
0x00007ff8a1ee0000 - 0x00007ff8a1f03000 	C:\windows\SYSTEM32\edputil.dll
0x00007ff8a1b80000 - 0x00007ff8a1d86000 	C:\windows\system32\explorerframe.dll
0x00007ff8a1f10000 - 0x00007ff8a1f6e000 	C:\Windows\System32\thumbcache.dll
0x00007ff8cfef0000 - 0x00007ff8cff79000 	C:\windows\SYSTEM32\policymanager.dll
0x00007ff8d0c90000 - 0x00007ff8d0d1a000 	C:\windows\SYSTEM32\msvcp110_win.dll

VM Arguments:
jvm_args: -Dfile.encoding=UTF-8 -Djava.net.preferIPv4Stack=true 
java_command: App
java_class_path (initial): C:\Users\edwin\OneDrive\Documentos\GitKraken\VideoCode\libs\xuggle-xuggler-5.4.jar;C:\Users\edwin\OneDrive\Documentos\GitKraken\VideoCode\libs\jaco-mp3-player-0.9.3.jar;C:\Users\edwin\OneDrive\Documentos\GitKraken\VideoCode\libs\slf4j-api-1.7.30.jar;C:\Users\edwin\OneDrive\Documentos\GitKraken\VideoCode\libs\slf4j-simple-1.7.30.jar;C:\Users\edwin\OneDrive\Documentos\GitKraken\Editor-De-Videos\VideoCode\build\classes
Launcher Type: SUN_STANDARD

Environment Variables:
JAVA_HOME=C:\Users\edwin\AppData\Local\Programs\AdoptOpenJDK\jdk-11.0.9.11-hotspot\
_JAVA_OPTIONS=-Djava.net.preferIPv4Stack=true
PATH=C:\Program Files\Common Files\Oracle\Java\javapath;C:\Program Files (x86)\Common Files\Oracle\Java\javapath;C:\windows\system32;C:\windows;C:\windows\System32\Wbem;C:\windows\System32\WindowsPowerShell\v1.0\;C:\windows\System32\OpenSSH\;C:\Program Files\MATLAB\R2019b;C:\Program Files\Git\cmd;C:\Program Files\apache-maven-3.6.3\bin;C:\Program Files (x86)\Microsoft SQL Server\150\DTS\Binn\;C:\Program Files\PuTTY\;C:\Program Files (x86)\Graphviz2.38\bin;C:\MinGW\bin;C:\Program Files\MATLAB\R2020a\bin;C:\Users\edwin\AppData\Local\Programs\AdoptOpenJDK\jdk-11.0.9.11-hotspot\bin;C:\Program Files\MySQL\MySQL Shell 8.0\bin\;C:\Users\edwin\AppData\Local\Microsoft\WindowsApps;C:\Program Files (x86)\Graphviz2.38\bin;C:\src\flutter\bin;
USERNAME=edwin
OS=Windows_NT
PROCESSOR_IDENTIFIER=Intel64 Family 6 Model 126 Stepping 5, GenuineIntel



---------------  S Y S T E M  ---------------

OS: Windows 10.0 , 64 bit Build 18362 (10.0.18362.1110)

CPU:total 8 (initial active 8) (4 cores per cpu, 2 threads per core) family 6 model 126 stepping 5, cmov, cx8, fxsr, mmx, sse, sse2, sse3, ssse3, sse4.1, sse4.2, popcnt, avx, avx2, aes, clmul, erms, 3dnowpref, lzcnt, ht, tsc, tscinvbit, bmi1, bmi2, adx

Memory: 4k page, physical 8136684k(1530020k free), swap 13347644k(3138692k free)

vm_info: Java HotSpot(TM) 64-Bit Server VM (25.241-b07) for windows-amd64 JRE (1.8.0_241-b07), built on Dec 11 2019 10:21:40 by "rejava" with MS VC++ 10.0 (VS2010)

time: Thu Nov 26 01:54:37 2020
timezone: Hora est. Pacífico, Sudamérica
elapsed time: 14 seconds (0d 0h 0m 14s)

